<?xml version="1.0" encoding="UTF-8"?>
<testng-results skipped="33" failed="2" total="35" passed="0">
  <reporter-output>
  </reporter-output>
  <suite name="Surefire suite" duration-ms="96405" started-at="2018-12-26T21:40:24Z" finished-at="2018-12-26T21:42:00Z">
    <groups>
      <group name="main">
        <method signature="TestLogIn.completeLoginTest()[pri:0, instance:test.pageobjects.TestLogIn@3cda1055]" name="completeLoginTest" class="test.pageobjects.TestLogIn"/>
        <method signature="TestSeachBox.searchIconTest()[pri:0, instance:test.pageobjects.TestSeachBox@17550481]" name="searchIconTest" class="test.pageobjects.TestSeachBox"/>
      </group> <!-- main -->
    </groups>
    <test name="Surefire test" duration-ms="96405" started-at="2018-12-26T21:40:24Z" finished-at="2018-12-26T21:42:00Z">
      <class name="test.pageobjects.TestNavigationBar1">
        <test-method status="SKIP" signature="setUp(java.lang.String, java.lang.String, java.lang.String, java.lang.String, java.lang.String)[pri:0, instance:test.pageobjects.TestNavigationBar1@4e04a765]" name="setUp" is-config="true" duration-ms="0" started-at="2018-12-26T16:42:00Z" finished-at="2018-12-26T16:42:00Z">
          <reporter-output>
          </reporter-output>
        </test-method> <!-- setUp -->
        <test-method status="SKIP" signature="giftcards()[pri:0, instance:test.pageobjects.TestNavigationBar1@4e04a765]" name="giftcards" duration-ms="1" started-at="2018-12-26T16:42:00Z" finished-at="2018-12-26T16:42:00Z">
          <reporter-output>
          </reporter-output>
        </test-method> <!-- giftcards -->
        <test-method status="SKIP" signature="initilization()[pri:0, instance:test.pageobjects.TestNavigationBar1@4e04a765]" name="initilization" is-config="true" duration-ms="0" started-at="2018-12-26T16:42:00Z" finished-at="2018-12-26T16:42:00Z">
          <reporter-output>
          </reporter-output>
        </test-method> <!-- initilization -->
        <test-method status="SKIP" signature="closeOut()[pri:0, instance:test.pageobjects.TestNavigationBar1@4e04a765]" name="closeOut" is-config="true" duration-ms="0" started-at="2018-12-26T16:42:00Z" finished-at="2018-12-26T16:42:00Z">
          <reporter-output>
          </reporter-output>
        </test-method> <!-- closeOut -->
        <test-method status="SKIP" signature="initilization()[pri:0, instance:test.pageobjects.TestNavigationBar1@4e04a765]" name="initilization" is-config="true" duration-ms="0" started-at="2018-12-26T16:42:00Z" finished-at="2018-12-26T16:42:00Z">
          <reporter-output>
          </reporter-output>
        </test-method> <!-- initilization -->
        <test-method status="SKIP" signature="setUp(java.lang.String, java.lang.String, java.lang.String, java.lang.String, java.lang.String)[pri:0, instance:test.pageobjects.TestNavigationBar1@4e04a765]" name="setUp" is-config="true" duration-ms="0" started-at="2018-12-26T16:42:00Z" finished-at="2018-12-26T16:42:00Z">
          <reporter-output>
          </reporter-output>
        </test-method> <!-- setUp -->
        <test-method status="SKIP" signature="helpTest()[pri:0, instance:test.pageobjects.TestNavigationBar1@4e04a765]" name="helpTest" duration-ms="0" started-at="2018-12-26T16:42:00Z" finished-at="2018-12-26T16:42:00Z">
          <reporter-output>
          </reporter-output>
        </test-method> <!-- helpTest -->
        <test-method status="SKIP" signature="closeOut()[pri:0, instance:test.pageobjects.TestNavigationBar1@4e04a765]" name="closeOut" is-config="true" duration-ms="0" started-at="2018-12-26T16:42:00Z" finished-at="2018-12-26T16:42:00Z">
          <reporter-output>
          </reporter-output>
        </test-method> <!-- closeOut -->
        <test-method status="SKIP" signature="setUp(java.lang.String, java.lang.String, java.lang.String, java.lang.String, java.lang.String)[pri:0, instance:test.pageobjects.TestNavigationBar1@4e04a765]" name="setUp" is-config="true" duration-ms="0" started-at="2018-12-26T16:42:00Z" finished-at="2018-12-26T16:42:00Z">
          <reporter-output>
          </reporter-output>
        </test-method> <!-- setUp -->
        <test-method status="SKIP" signature="setUp(java.lang.String, java.lang.String, java.lang.String, java.lang.String, java.lang.String)[pri:0, instance:test.pageobjects.TestNavigationBar1@4e04a765]" name="setUp" is-config="true" duration-ms="0" started-at="2018-12-26T16:42:00Z" finished-at="2018-12-26T16:42:00Z">
          <reporter-output>
          </reporter-output>
        </test-method> <!-- setUp -->
        <test-method status="SKIP" signature="closeOut()[pri:0, instance:test.pageobjects.TestNavigationBar1@4e04a765]" name="closeOut" is-config="true" duration-ms="0" started-at="2018-12-26T16:42:00Z" finished-at="2018-12-26T16:42:00Z">
          <reporter-output>
          </reporter-output>
        </test-method> <!-- closeOut -->
        <test-method status="SKIP" signature="initilization()[pri:0, instance:test.pageobjects.TestNavigationBar1@4e04a765]" name="initilization" is-config="true" duration-ms="0" started-at="2018-12-26T16:42:00Z" finished-at="2018-12-26T16:42:00Z">
          <reporter-output>
          </reporter-output>
        </test-method> <!-- initilization -->
        <test-method status="SKIP" signature="registryTest()[pri:0, instance:test.pageobjects.TestNavigationBar1@4e04a765]" name="registryTest" duration-ms="0" started-at="2018-12-26T16:42:00Z" finished-at="2018-12-26T16:42:00Z">
          <reporter-output>
          </reporter-output>
        </test-method> <!-- registryTest -->
        <test-method status="SKIP" signature="sellTest()[pri:0, instance:test.pageobjects.TestNavigationBar1@4e04a765]" name="sellTest" duration-ms="0" started-at="2018-12-26T16:42:00Z" finished-at="2018-12-26T16:42:00Z">
          <reporter-output>
          </reporter-output>
        </test-method> <!-- sellTest -->
        <test-method status="SKIP" signature="initilization()[pri:0, instance:test.pageobjects.TestNavigationBar1@4e04a765]" name="initilization" is-config="true" duration-ms="0" started-at="2018-12-26T16:42:00Z" finished-at="2018-12-26T16:42:00Z">
          <reporter-output>
          </reporter-output>
        </test-method> <!-- initilization -->
        <test-method status="SKIP" signature="closeOut()[pri:0, instance:test.pageobjects.TestNavigationBar1@4e04a765]" name="closeOut" is-config="true" duration-ms="0" started-at="2018-12-26T16:42:00Z" finished-at="2018-12-26T16:42:00Z">
          <reporter-output>
          </reporter-output>
        </test-method> <!-- closeOut -->
        <test-method status="SKIP" signature="setUp(java.lang.String, java.lang.String, java.lang.String, java.lang.String, java.lang.String)[pri:0, instance:test.pageobjects.TestNavigationBar1@4e04a765]" name="setUp" is-config="true" duration-ms="0" started-at="2018-12-26T16:42:00Z" finished-at="2018-12-26T16:42:00Z">
          <reporter-output>
          </reporter-output>
        </test-method> <!-- setUp -->
        <test-method status="SKIP" signature="wholeFoodsTest()[pri:0, instance:test.pageobjects.TestNavigationBar1@4e04a765]" name="wholeFoodsTest" duration-ms="1" started-at="2018-12-26T16:42:00Z" finished-at="2018-12-26T16:42:00Z">
          <reporter-output>
          </reporter-output>
        </test-method> <!-- wholeFoodsTest -->
        <test-method status="SKIP" signature="initilization()[pri:0, instance:test.pageobjects.TestNavigationBar1@4e04a765]" name="initilization" is-config="true" duration-ms="0" started-at="2018-12-26T16:42:00Z" finished-at="2018-12-26T16:42:00Z">
          <reporter-output>
          </reporter-output>
        </test-method> <!-- initilization -->
        <test-method status="SKIP" signature="closeOut()[pri:0, instance:test.pageobjects.TestNavigationBar1@4e04a765]" name="closeOut" is-config="true" duration-ms="0" started-at="2018-12-26T16:42:00Z" finished-at="2018-12-26T16:42:00Z">
          <reporter-output>
          </reporter-output>
        </test-method> <!-- closeOut -->
        <test-method status="SKIP" signature="setUp(java.lang.String, java.lang.String, java.lang.String, java.lang.String, java.lang.String)[pri:0, instance:test.pageobjects.TestNavigationBar1@4e04a765]" name="setUp" is-config="true" duration-ms="0" started-at="2018-12-26T16:42:00Z" finished-at="2018-12-26T16:42:00Z">
          <reporter-output>
          </reporter-output>
        </test-method> <!-- setUp -->
        <test-method status="SKIP" signature="initilization()[pri:0, instance:test.pageobjects.TestNavigationBar1@4e04a765]" name="initilization" is-config="true" duration-ms="0" started-at="2018-12-26T16:42:00Z" finished-at="2018-12-26T16:42:00Z">
          <reporter-output>
          </reporter-output>
        </test-method> <!-- initilization -->
        <test-method status="SKIP" signature="yearEndDealsTest()[pri:0, instance:test.pageobjects.TestNavigationBar1@4e04a765]" name="yearEndDealsTest" duration-ms="1" started-at="2018-12-26T16:42:00Z" finished-at="2018-12-26T16:42:00Z">
          <reporter-output>
          </reporter-output>
        </test-method> <!-- yearEndDealsTest -->
        <test-method status="SKIP" signature="initilization()[pri:0, instance:test.pageobjects.TestNavigationBar1@4e04a765]" name="initilization" is-config="true" duration-ms="0" started-at="2018-12-26T16:42:00Z" finished-at="2018-12-26T16:42:00Z">
          <reporter-output>
          </reporter-output>
        </test-method> <!-- initilization -->
        <test-method status="SKIP" signature="closeOut()[pri:0, instance:test.pageobjects.TestNavigationBar1@4e04a765]" name="closeOut" is-config="true" duration-ms="0" started-at="2018-12-26T16:42:00Z" finished-at="2018-12-26T16:42:00Z">
          <reporter-output>
          </reporter-output>
        </test-method> <!-- closeOut -->
        <test-method status="SKIP" signature="setUp(java.lang.String, java.lang.String, java.lang.String, java.lang.String, java.lang.String)[pri:0, instance:test.pageobjects.TestNavigationBar1@4e04a765]" name="setUp" is-config="true" duration-ms="0" started-at="2018-12-26T16:42:00Z" finished-at="2018-12-26T16:42:00Z">
          <reporter-output>
          </reporter-output>
        </test-method> <!-- setUp -->
        <test-method status="SKIP" signature="closeOut()[pri:0, instance:test.pageobjects.TestNavigationBar1@4e04a765]" name="closeOut" is-config="true" duration-ms="0" started-at="2018-12-26T16:42:00Z" finished-at="2018-12-26T16:42:00Z">
          <reporter-output>
          </reporter-output>
        </test-method> <!-- closeOut -->
        <test-method status="SKIP" signature="yourAmazonTest()[pri:0, instance:test.pageobjects.TestNavigationBar1@4e04a765]" name="yourAmazonTest" duration-ms="0" started-at="2018-12-26T16:42:00Z" finished-at="2018-12-26T16:42:00Z">
          <reporter-output>
          </reporter-output>
        </test-method> <!-- yourAmazonTest -->
      </class> <!-- test.pageobjects.TestNavigationBar1 -->
      <class name="test.regular.HomeSearchBoxTest">
        <test-method status="SKIP" signature="closeOut()[pri:0, instance:test.regular.HomeSearchBoxTest@180bc464]" name="closeOut" is-config="true" duration-ms="0" started-at="2018-12-26T16:42:00Z" finished-at="2018-12-26T16:42:00Z">
          <reporter-output>
          </reporter-output>
        </test-method> <!-- closeOut -->
        <test-method status="SKIP" signature="titleTest()[pri:0, instance:test.regular.HomeSearchBoxTest@180bc464]" name="titleTest" is-config="true" duration-ms="0" started-at="2018-12-26T16:42:00Z" finished-at="2018-12-26T16:42:00Z">
          <reporter-output>
          </reporter-output>
        </test-method> <!-- titleTest -->
        <test-method status="SKIP" signature="setUp(java.lang.String, java.lang.String, java.lang.String, java.lang.String, java.lang.String)[pri:0, instance:test.regular.HomeSearchBoxTest@180bc464]" name="setUp" is-config="true" duration-ms="0" started-at="2018-12-26T16:42:00Z" finished-at="2018-12-26T16:42:00Z">
          <reporter-output>
          </reporter-output>
        </test-method> <!-- setUp -->
        <test-method status="SKIP" signature="titleTest()[pri:0, instance:test.regular.HomeSearchBoxTest@180bc464]" name="titleTest" is-config="true" duration-ms="0" started-at="2018-12-26T16:42:00Z" finished-at="2018-12-26T16:42:00Z">
          <reporter-output>
          </reporter-output>
        </test-method> <!-- titleTest -->
        <test-method status="SKIP" signature="searchBoxEnterTest()[pri:0, instance:test.regular.HomeSearchBoxTest@180bc464]" name="searchBoxEnterTest" duration-ms="0" started-at="2018-12-26T16:42:00Z" finished-at="2018-12-26T16:42:00Z">
          <reporter-output>
          </reporter-output>
        </test-method> <!-- searchBoxEnterTest -->
        <test-method status="SKIP" signature="setUp(java.lang.String, java.lang.String, java.lang.String, java.lang.String, java.lang.String)[pri:0, instance:test.regular.HomeSearchBoxTest@180bc464]" name="setUp" is-config="true" duration-ms="0" started-at="2018-12-26T16:42:00Z" finished-at="2018-12-26T16:42:00Z">
          <reporter-output>
          </reporter-output>
        </test-method> <!-- setUp -->
        <test-method status="SKIP" signature="closeOut()[pri:0, instance:test.regular.HomeSearchBoxTest@180bc464]" name="closeOut" is-config="true" duration-ms="0" started-at="2018-12-26T16:42:00Z" finished-at="2018-12-26T16:42:00Z">
          <reporter-output>
          </reporter-output>
        </test-method> <!-- closeOut -->
        <test-method status="SKIP" signature="searchBoxTest()[pri:0, instance:test.regular.HomeSearchBoxTest@180bc464]" name="searchBoxTest" duration-ms="0" started-at="2018-12-26T16:42:00Z" finished-at="2018-12-26T16:42:00Z">
          <reporter-output>
          </reporter-output>
        </test-method> <!-- searchBoxTest -->
        <test-method status="SKIP" signature="closeOut()[pri:0, instance:test.regular.HomeSearchBoxTest@180bc464]" name="closeOut" is-config="true" duration-ms="0" started-at="2018-12-26T16:42:00Z" finished-at="2018-12-26T16:42:00Z">
          <reporter-output>
          </reporter-output>
        </test-method> <!-- closeOut -->
        <test-method status="SKIP" signature="searchButtonTest()[pri:0, instance:test.regular.HomeSearchBoxTest@180bc464]" name="searchButtonTest" duration-ms="0" started-at="2018-12-26T16:42:00Z" finished-at="2018-12-26T16:42:00Z">
          <reporter-output>
          </reporter-output>
        </test-method> <!-- searchButtonTest -->
        <test-method status="SKIP" signature="titleTest()[pri:0, instance:test.regular.HomeSearchBoxTest@180bc464]" name="titleTest" is-config="true" duration-ms="0" started-at="2018-12-26T16:42:00Z" finished-at="2018-12-26T16:42:00Z">
          <reporter-output>
          </reporter-output>
        </test-method> <!-- titleTest -->
        <test-method status="SKIP" signature="setUp(java.lang.String, java.lang.String, java.lang.String, java.lang.String, java.lang.String)[pri:0, instance:test.regular.HomeSearchBoxTest@180bc464]" name="setUp" is-config="true" duration-ms="0" started-at="2018-12-26T16:42:00Z" finished-at="2018-12-26T16:42:00Z">
          <reporter-output>
          </reporter-output>
        </test-method> <!-- setUp -->
        <test-method status="SKIP" signature="titleTest()[pri:0, instance:test.regular.HomeSearchBoxTest@180bc464]" name="titleTest" is-config="true" duration-ms="0" started-at="2018-12-26T16:42:00Z" finished-at="2018-12-26T16:42:00Z">
          <reporter-output>
          </reporter-output>
        </test-method> <!-- titleTest -->
        <test-method status="SKIP" signature="accountListDropDownTest()[pri:0, instance:test.regular.HomeSearchBoxTest@180bc464]" name="accountListDropDownTest" duration-ms="0" started-at="2018-12-26T16:42:00Z" finished-at="2018-12-26T16:42:00Z">
          <reporter-output>
          </reporter-output>
        </test-method> <!-- accountListDropDownTest -->
        <test-method status="SKIP" signature="closeOut()[pri:0, instance:test.regular.HomeSearchBoxTest@180bc464]" name="closeOut" is-config="true" duration-ms="0" started-at="2018-12-26T16:42:00Z" finished-at="2018-12-26T16:42:00Z">
          <reporter-output>
          </reporter-output>
        </test-method> <!-- closeOut -->
        <test-method status="SKIP" signature="setUp(java.lang.String, java.lang.String, java.lang.String, java.lang.String, java.lang.String)[pri:0, instance:test.regular.HomeSearchBoxTest@180bc464]" name="setUp" is-config="true" duration-ms="0" started-at="2018-12-26T16:42:00Z" finished-at="2018-12-26T16:42:00Z">
          <reporter-output>
          </reporter-output>
        </test-method> <!-- setUp -->
        <test-method status="SKIP" signature="setUp(java.lang.String, java.lang.String, java.lang.String, java.lang.String, java.lang.String)[pri:0, instance:test.regular.HomeSearchBoxTest@180bc464]" name="setUp" is-config="true" duration-ms="0" started-at="2018-12-26T16:42:00Z" finished-at="2018-12-26T16:42:00Z">
          <reporter-output>
          </reporter-output>
        </test-method> <!-- setUp -->
        <test-method status="SKIP" signature="titleTest()[pri:0, instance:test.regular.HomeSearchBoxTest@180bc464]" name="titleTest" is-config="true" duration-ms="0" started-at="2018-12-26T16:42:00Z" finished-at="2018-12-26T16:42:00Z">
          <reporter-output>
          </reporter-output>
        </test-method> <!-- titleTest -->
        <test-method status="SKIP" signature="dropDownBoxTest()[pri:0, instance:test.regular.HomeSearchBoxTest@180bc464]" name="dropDownBoxTest" duration-ms="0" started-at="2018-12-26T16:42:00Z" finished-at="2018-12-26T16:42:00Z">
          <reporter-output>
          </reporter-output>
        </test-method> <!-- dropDownBoxTest -->
        <test-method status="SKIP" signature="setUp(java.lang.String, java.lang.String, java.lang.String, java.lang.String, java.lang.String)[pri:0, instance:test.regular.HomeSearchBoxTest@180bc464]" name="setUp" is-config="true" duration-ms="0" started-at="2018-12-26T16:42:00Z" finished-at="2018-12-26T16:42:00Z">
          <reporter-output>
          </reporter-output>
        </test-method> <!-- setUp -->
        <test-method status="SKIP" signature="closeOut()[pri:0, instance:test.regular.HomeSearchBoxTest@180bc464]" name="closeOut" is-config="true" duration-ms="0" started-at="2018-12-26T16:42:00Z" finished-at="2018-12-26T16:42:00Z">
          <reporter-output>
          </reporter-output>
        </test-method> <!-- closeOut -->
        <test-method status="SKIP" signature="titleTest()[pri:0, instance:test.regular.HomeSearchBoxTest@180bc464]" name="titleTest" is-config="true" duration-ms="0" started-at="2018-12-26T16:42:00Z" finished-at="2018-12-26T16:42:00Z">
          <reporter-output>
          </reporter-output>
        </test-method> <!-- titleTest -->
        <test-method status="SKIP" signature="mainMenuTest()[pri:0, instance:test.regular.HomeSearchBoxTest@180bc464]" name="mainMenuTest" duration-ms="1" started-at="2018-12-26T16:42:00Z" finished-at="2018-12-26T16:42:00Z">
          <reporter-output>
          </reporter-output>
        </test-method> <!-- mainMenuTest -->
        <test-method status="SKIP" signature="closeOut()[pri:0, instance:test.regular.HomeSearchBoxTest@180bc464]" name="closeOut" is-config="true" duration-ms="0" started-at="2018-12-26T16:42:00Z" finished-at="2018-12-26T16:42:00Z">
          <reporter-output>
          </reporter-output>
        </test-method> <!-- closeOut -->
        <test-method status="SKIP" signature="titleTest()[pri:0, instance:test.regular.HomeSearchBoxTest@180bc464]" name="titleTest" is-config="true" duration-ms="0" started-at="2018-12-26T16:42:00Z" finished-at="2018-12-26T16:42:00Z">
          <reporter-output>
          </reporter-output>
        </test-method> <!-- titleTest -->
        <test-method status="SKIP" signature="setUp(java.lang.String, java.lang.String, java.lang.String, java.lang.String, java.lang.String)[pri:0, instance:test.regular.HomeSearchBoxTest@180bc464]" name="setUp" is-config="true" duration-ms="0" started-at="2018-12-26T16:42:00Z" finished-at="2018-12-26T16:42:00Z">
          <reporter-output>
          </reporter-output>
        </test-method> <!-- setUp -->
        <test-method status="SKIP" signature="closeOut()[pri:0, instance:test.regular.HomeSearchBoxTest@180bc464]" name="closeOut" is-config="true" duration-ms="0" started-at="2018-12-26T16:42:00Z" finished-at="2018-12-26T16:42:00Z">
          <reporter-output>
          </reporter-output>
        </test-method> <!-- closeOut -->
        <test-method status="SKIP" signature="radioDropDownTest()[pri:0, instance:test.regular.HomeSearchBoxTest@180bc464]" name="radioDropDownTest" duration-ms="0" started-at="2018-12-26T16:42:00Z" finished-at="2018-12-26T16:42:00Z">
          <reporter-output>
          </reporter-output>
        </test-method> <!-- radioDropDownTest -->
      </class> <!-- test.regular.HomeSearchBoxTest -->
      <class name="test.pageobjects.TestLogIn">
        <test-method status="SKIP" signature="setUp(java.lang.String, java.lang.String, java.lang.String, java.lang.String, java.lang.String)[pri:0, instance:test.pageobjects.TestLogIn@3cda1055]" name="setUp" is-config="true" duration-ms="0" started-at="2018-12-26T16:42:00Z" finished-at="2018-12-26T16:42:00Z">
          <reporter-output>
          </reporter-output>
        </test-method> <!-- setUp -->
        <test-method status="SKIP" signature="completeLoginTest()[pri:0, instance:test.pageobjects.TestLogIn@3cda1055]" name="completeLoginTest" duration-ms="1" started-at="2018-12-26T16:42:00Z" finished-at="2018-12-26T16:42:00Z">
          <reporter-output>
          </reporter-output>
        </test-method> <!-- completeLoginTest -->
        <test-method status="SKIP" signature="initializationOfObject()[pri:0, instance:test.pageobjects.TestLogIn@3cda1055]" name="initializationOfObject" is-config="true" duration-ms="0" started-at="2018-12-26T16:42:00Z" finished-at="2018-12-26T16:42:00Z">
          <reporter-output>
          </reporter-output>
        </test-method> <!-- initializationOfObject -->
        <test-method status="SKIP" signature="closeOut()[pri:0, instance:test.pageobjects.TestLogIn@3cda1055]" name="closeOut" is-config="true" duration-ms="0" started-at="2018-12-26T16:42:00Z" finished-at="2018-12-26T16:42:00Z">
          <reporter-output>
          </reporter-output>
        </test-method> <!-- closeOut -->
        <test-method status="SKIP" signature="setUp(java.lang.String, java.lang.String, java.lang.String, java.lang.String, java.lang.String)[pri:0, instance:test.pageobjects.TestLogIn@3cda1055]" name="setUp" is-config="true" duration-ms="0" started-at="2018-12-26T16:42:00Z" finished-at="2018-12-26T16:42:00Z">
          <reporter-output>
          </reporter-output>
        </test-method> <!-- setUp -->
        <test-method status="SKIP" signature="closeOut()[pri:0, instance:test.pageobjects.TestLogIn@3cda1055]" name="closeOut" is-config="true" duration-ms="0" started-at="2018-12-26T16:42:00Z" finished-at="2018-12-26T16:42:00Z">
          <reporter-output>
          </reporter-output>
        </test-method> <!-- closeOut -->
        <test-method status="SKIP" signature="emailTest()[pri:0, instance:test.pageobjects.TestLogIn@3cda1055]" name="emailTest" duration-ms="0" started-at="2018-12-26T16:42:00Z" finished-at="2018-12-26T16:42:00Z">
          <reporter-output>
          </reporter-output>
        </test-method> <!-- emailTest -->
        <test-method status="SKIP" signature="initializationOfObject()[pri:0, instance:test.pageobjects.TestLogIn@3cda1055]" name="initializationOfObject" is-config="true" duration-ms="0" started-at="2018-12-26T16:42:00Z" finished-at="2018-12-26T16:42:00Z">
          <reporter-output>
          </reporter-output>
        </test-method> <!-- initializationOfObject -->
        <test-method status="SKIP" signature="setUp(java.lang.String, java.lang.String, java.lang.String, java.lang.String, java.lang.String)[pri:0, instance:test.pageobjects.TestLogIn@3cda1055]" name="setUp" is-config="true" duration-ms="0" started-at="2018-12-26T16:42:00Z" finished-at="2018-12-26T16:42:00Z">
          <reporter-output>
          </reporter-output>
        </test-method> <!-- setUp -->
        <test-method status="SKIP" signature="closeOut()[pri:0, instance:test.pageobjects.TestLogIn@3cda1055]" name="closeOut" is-config="true" duration-ms="0" started-at="2018-12-26T16:42:00Z" finished-at="2018-12-26T16:42:00Z">
          <reporter-output>
          </reporter-output>
        </test-method> <!-- closeOut -->
        <test-method status="SKIP" signature="initializationOfObject()[pri:0, instance:test.pageobjects.TestLogIn@3cda1055]" name="initializationOfObject" is-config="true" duration-ms="0" started-at="2018-12-26T16:42:00Z" finished-at="2018-12-26T16:42:00Z">
          <reporter-output>
          </reporter-output>
        </test-method> <!-- initializationOfObject -->
        <test-method status="SKIP" signature="loginTest()[pri:0, instance:test.pageobjects.TestLogIn@3cda1055]" name="loginTest" duration-ms="0" started-at="2018-12-26T16:42:00Z" finished-at="2018-12-26T16:42:00Z">
          <reporter-output>
          </reporter-output>
        </test-method> <!-- loginTest -->
        <test-method status="SKIP" signature="passwordTest()[pri:0, instance:test.pageobjects.TestLogIn@3cda1055]" name="passwordTest" duration-ms="0" started-at="2018-12-26T16:42:00Z" finished-at="2018-12-26T16:42:00Z">
          <reporter-output>
          </reporter-output>
        </test-method> <!-- passwordTest -->
        <test-method status="SKIP" signature="initializationOfObject()[pri:0, instance:test.pageobjects.TestLogIn@3cda1055]" name="initializationOfObject" is-config="true" duration-ms="0" started-at="2018-12-26T16:42:00Z" finished-at="2018-12-26T16:42:00Z">
          <reporter-output>
          </reporter-output>
        </test-method> <!-- initializationOfObject -->
        <test-method status="SKIP" signature="setUp(java.lang.String, java.lang.String, java.lang.String, java.lang.String, java.lang.String)[pri:0, instance:test.pageobjects.TestLogIn@3cda1055]" name="setUp" is-config="true" duration-ms="0" started-at="2018-12-26T16:42:00Z" finished-at="2018-12-26T16:42:00Z">
          <reporter-output>
          </reporter-output>
        </test-method> <!-- setUp -->
        <test-method status="SKIP" signature="setUp(java.lang.String, java.lang.String, java.lang.String, java.lang.String, java.lang.String)[pri:0, instance:test.pageobjects.TestLogIn@3cda1055]" name="setUp" is-config="true" duration-ms="0" started-at="2018-12-26T16:42:00Z" finished-at="2018-12-26T16:42:00Z">
          <reporter-output>
          </reporter-output>
        </test-method> <!-- setUp -->
        <test-method status="SKIP" signature="closeOut()[pri:0, instance:test.pageobjects.TestLogIn@3cda1055]" name="closeOut" is-config="true" duration-ms="0" started-at="2018-12-26T16:42:00Z" finished-at="2018-12-26T16:42:00Z">
          <reporter-output>
          </reporter-output>
        </test-method> <!-- closeOut -->
        <test-method status="SKIP" signature="closeOut()[pri:0, instance:test.pageobjects.TestLogIn@3cda1055]" name="closeOut" is-config="true" duration-ms="0" started-at="2018-12-26T16:42:00Z" finished-at="2018-12-26T16:42:00Z">
          <reporter-output>
          </reporter-output>
        </test-method> <!-- closeOut -->
        <test-method status="SKIP" signature="signInButtonTest()[pri:0, instance:test.pageobjects.TestLogIn@3cda1055]" name="signInButtonTest" duration-ms="0" started-at="2018-12-26T16:42:00Z" finished-at="2018-12-26T16:42:00Z">
          <reporter-output>
          </reporter-output>
        </test-method> <!-- signInButtonTest -->
        <test-method status="SKIP" signature="initializationOfObject()[pri:0, instance:test.pageobjects.TestLogIn@3cda1055]" name="initializationOfObject" is-config="true" duration-ms="0" started-at="2018-12-26T16:42:00Z" finished-at="2018-12-26T16:42:00Z">
          <reporter-output>
          </reporter-output>
        </test-method> <!-- initializationOfObject -->
      </class> <!-- test.pageobjects.TestLogIn -->
      <class name="test.pageobjects.TestFooterTopLinks">
        <test-method status="PASS" signature="setUp(java.lang.String, java.lang.String, java.lang.String, java.lang.String, java.lang.String)[pri:0, instance:test.pageobjects.TestFooterTopLinks@13fee20c]" name="setUp" is-config="true" duration-ms="13732" started-at="2018-12-26T16:40:24Z" finished-at="2018-12-26T16:40:37Z">
          <params>
            <param index="0">
              <value>
                <![CDATA[windows]]>
              </value>
            </param>
            <param index="1">
              <value>
                <![CDATA[10]]>
              </value>
            </param>
            <param index="2">
              <value>
                <![CDATA[firefox]]>
              </value>
            </param>
            <param index="3">
              <value>
                <![CDATA[34]]>
              </value>
            </param>
            <param index="4">
              <value>
                <![CDATA[https://www.google.com]]>
              </value>
            </param>
          </params>
          <reporter-output>
          </reporter-output>
        </test-method> <!-- setUp -->
        <test-method status="PASS" signature="initializationOfOnjects()[pri:0, instance:test.pageobjects.TestFooterTopLinks@13fee20c]" name="initializationOfOnjects" is-config="true" duration-ms="509" started-at="2018-12-26T16:40:37Z" finished-at="2018-12-26T16:40:38Z">
          <reporter-output>
          </reporter-output>
        </test-method> <!-- initializationOfOnjects -->
        <test-method status="FAIL" signature="amazonPaymentProductsTest()[pri:0, instance:test.pageobjects.TestFooterTopLinks@13fee20c]" name="amazonPaymentProductsTest" duration-ms="60396" started-at="2018-12-26T16:40:38Z" finished-at="2018-12-26T16:41:38Z">
          <exception class="org.openqa.selenium.NoSuchElementException">
            <message>
              <![CDATA[Unable to locate element: Shop with Points
For documentation on this error, please visit: https://www.seleniumhq.org/exceptions/no_such_element.html
Build info: version: '3.141.59', revision: 'e82be7d358', time: '2018-11-14T08:17:03'
System info: host: 'DESKTOP-U948LCS', ip: '10.11.11.100', os.name: 'Windows 10', os.arch: 'amd64', os.version: '10.0', java.version: '1.8.0_192'
Driver info: org.openqa.selenium.firefox.FirefoxDriver
Capabilities {acceptInsecureCerts: true, browserName: firefox, browserVersion: 64.0, javascriptEnabled: true, moz:accessibilityChecks: false, moz:geckodriverVersion: 0.23.0, moz:headless: false, moz:processID: 1096, moz:profile: C:\Users\Saeed\AppData\Loca..., moz:shutdownTimeout: 60000, moz:useNonSpecCompliantPointerOrigin: false, moz:webdriverClick: true, pageLoadStrategy: normal, platform: WINDOWS, platformName: WINDOWS, platformVersion: 10.0, rotatable: false, setWindowRect: true, timeouts: {implicit: 0, pageLoad: 300000, script: 30000}, unhandledPromptBehavior: dismiss and notify}
Session ID: d0f676b2-77e5-4bcf-a2f2-8b9f3690dd89
*** Element info: {Using=partial link text, value=Shop with Points}]]>
            </message>
            <full-stacktrace>
              <![CDATA[org.openqa.selenium.NoSuchElementException: Unable to locate element: Shop with Points
For documentation on this error, please visit: https://www.seleniumhq.org/exceptions/no_such_element.html
Build info: version: '3.141.59', revision: 'e82be7d358', time: '2018-11-14T08:17:03'
System info: host: 'DESKTOP-U948LCS', ip: '10.11.11.100', os.name: 'Windows 10', os.arch: 'amd64', os.version: '10.0', java.version: '1.8.0_192'
Driver info: org.openqa.selenium.firefox.FirefoxDriver
Capabilities {acceptInsecureCerts: true, browserName: firefox, browserVersion: 64.0, javascriptEnabled: true, moz:accessibilityChecks: false, moz:geckodriverVersion: 0.23.0, moz:headless: false, moz:processID: 1096, moz:profile: C:\Users\Saeed\AppData\Loca..., moz:shutdownTimeout: 60000, moz:useNonSpecCompliantPointerOrigin: false, moz:webdriverClick: true, pageLoadStrategy: normal, platform: WINDOWS, platformName: WINDOWS, platformVersion: 10.0, rotatable: false, setWindowRect: true, timeouts: {implicit: 0, pageLoad: 300000, script: 30000}, unhandledPromptBehavior: dismiss and notify}
Session ID: d0f676b2-77e5-4bcf-a2f2-8b9f3690dd89
*** Element info: {Using=partial link text, value=Shop with Points}
	at sun.reflect.NativeConstructorAccessorImpl.newInstance0(Native Method)
	at sun.reflect.NativeConstructorAccessorImpl.newInstance(NativeConstructorAccessorImpl.java:62)
	at sun.reflect.DelegatingConstructorAccessorImpl.newInstance(DelegatingConstructorAccessorImpl.java:45)
	at java.lang.reflect.Constructor.newInstance(Constructor.java:423)
	at org.openqa.selenium.remote.http.W3CHttpResponseCodec.createException(W3CHttpResponseCodec.java:187)
	at org.openqa.selenium.remote.http.W3CHttpResponseCodec.decode(W3CHttpResponseCodec.java:122)
	at org.openqa.selenium.remote.http.W3CHttpResponseCodec.decode(W3CHttpResponseCodec.java:49)
	at org.openqa.selenium.remote.HttpCommandExecutor.execute(HttpCommandExecutor.java:158)
	at org.openqa.selenium.remote.service.DriverCommandExecutor.execute(DriverCommandExecutor.java:83)
	at org.openqa.selenium.remote.RemoteWebDriver.execute(RemoteWebDriver.java:552)
	at org.openqa.selenium.remote.RemoteWebDriver.findElement(RemoteWebDriver.java:323)
	at org.openqa.selenium.remote.RemoteWebDriver.findElementByPartialLinkText(RemoteWebDriver.java:388)
	at org.openqa.selenium.By$ByPartialLinkText.findElement(By.java:250)
	at org.openqa.selenium.remote.RemoteWebDriver.findElement(RemoteWebDriver.java:315)
	at org.openqa.selenium.support.pagefactory.DefaultElementLocator.findElement(DefaultElementLocator.java:69)
	at org.openqa.selenium.support.pagefactory.internal.LocatingElementHandler.invoke(LocatingElementHandler.java:38)
	at com.sun.proxy.$Proxy9.click(Unknown Source)
	at pageobjects.home.FooterTopLinks.amazonPaymentProducts(FooterTopLinks.java:46)
	at test.pageobjects.TestFooterTopLinks.amazonPaymentProductsTest(TestFooterTopLinks.java:21)
	at sun.reflect.NativeMethodAccessorImpl.invoke0(Native Method)
	at sun.reflect.NativeMethodAccessorImpl.invoke(NativeMethodAccessorImpl.java:62)
	at sun.reflect.DelegatingMethodAccessorImpl.invoke(DelegatingMethodAccessorImpl.java:43)
	at java.lang.reflect.Method.invoke(Method.java:498)
	at org.testng.internal.MethodInvocationHelper.invokeMethod(MethodInvocationHelper.java:80)
	at org.testng.internal.Invoker.invokeMethod(Invoker.java:714)
	at org.testng.internal.Invoker.invokeTestMethod(Invoker.java:901)
	at org.testng.internal.Invoker.invokeTestMethods(Invoker.java:1231)
	at org.testng.internal.TestMethodWorker.invokeTestMethods(TestMethodWorker.java:127)
	at org.testng.internal.TestMethodWorker.run(TestMethodWorker.java:111)
	at org.testng.TestRunner.privateRun(TestRunner.java:767)
	at org.testng.TestRunner.run(TestRunner.java:617)
	at org.testng.SuiteRunner.runTest(SuiteRunner.java:334)
	at org.testng.SuiteRunner.runSequentially(SuiteRunner.java:329)
	at org.testng.SuiteRunner.privateRun(SuiteRunner.java:291)
	at org.testng.SuiteRunner.run(SuiteRunner.java:240)
	at org.testng.SuiteRunnerWorker.runSuite(SuiteRunnerWorker.java:52)
	at org.testng.SuiteRunnerWorker.run(SuiteRunnerWorker.java:86)
	at org.testng.TestNG.runSuitesSequentially(TestNG.java:1198)
	at org.testng.TestNG.runSuitesLocally(TestNG.java:1123)
	at org.testng.TestNG.run(TestNG.java:1031)
	at org.apache.maven.surefire.testng.TestNGExecutor.run(TestNGExecutor.java:135)
	at org.apache.maven.surefire.testng.TestNGDirectoryTestSuite.executeMulti(TestNGDirectoryTestSuite.java:193)
	at org.apache.maven.surefire.testng.TestNGDirectoryTestSuite.execute(TestNGDirectoryTestSuite.java:94)
	at org.apache.maven.surefire.testng.TestNGProvider.invoke(TestNGProvider.java:146)
	at org.apache.maven.surefire.booter.ForkedBooter.invokeProviderInSameClassLoader(ForkedBooter.java:373)
	at org.apache.maven.surefire.booter.ForkedBooter.runSuitesInProcess(ForkedBooter.java:334)
	at org.apache.maven.surefire.booter.ForkedBooter.execute(ForkedBooter.java:119)
	at org.apache.maven.surefire.booter.ForkedBooter.main(ForkedBooter.java:407)
]]>
            </full-stacktrace>
          </exception> <!-- org.openqa.selenium.NoSuchElementException -->
          <reporter-output>
          </reporter-output>
        </test-method> <!-- amazonPaymentProductsTest -->
        <test-method status="PASS" signature="closeOut()[pri:0, instance:test.pageobjects.TestFooterTopLinks@13fee20c]" name="closeOut" is-config="true" duration-ms="2012" started-at="2018-12-26T16:41:38Z" finished-at="2018-12-26T16:41:40Z">
          <reporter-output>
          </reporter-output>
        </test-method> <!-- closeOut -->
        <test-method status="PASS" signature="setUp(java.lang.String, java.lang.String, java.lang.String, java.lang.String, java.lang.String)[pri:0, instance:test.pageobjects.TestFooterTopLinks@13fee20c]" name="setUp" is-config="true" duration-ms="11478" started-at="2018-12-26T16:41:40Z" finished-at="2018-12-26T16:41:52Z">
          <params>
            <param index="0">
              <value>
                <![CDATA[windows]]>
              </value>
            </param>
            <param index="1">
              <value>
                <![CDATA[10]]>
              </value>
            </param>
            <param index="2">
              <value>
                <![CDATA[firefox]]>
              </value>
            </param>
            <param index="3">
              <value>
                <![CDATA[34]]>
              </value>
            </param>
            <param index="4">
              <value>
                <![CDATA[https://www.google.com]]>
              </value>
            </param>
          </params>
          <reporter-output>
          </reporter-output>
        </test-method> <!-- setUp -->
        <test-method status="PASS" signature="initializationOfOnjects()[pri:0, instance:test.pageobjects.TestFooterTopLinks@13fee20c]" name="initializationOfOnjects" is-config="true" duration-ms="595" started-at="2018-12-26T16:41:52Z" finished-at="2018-12-26T16:41:52Z">
          <reporter-output>
          </reporter-output>
        </test-method> <!-- initializationOfOnjects -->
        <test-method status="FAIL" signature="getToKnowUsTest()[pri:0, instance:test.pageobjects.TestFooterTopLinks@13fee20c]" name="getToKnowUsTest" duration-ms="3559" started-at="2018-12-26T16:41:52Z" finished-at="2018-12-26T16:41:56Z">
          <exception class="org.openqa.selenium.WebDriverException">
            <message>
              <![CDATA[Failed to convert data to an object
Build info: version: '3.141.59', revision: 'e82be7d358', time: '2018-11-14T08:17:03'
System info: host: 'DESKTOP-U948LCS', ip: '10.11.11.100', os.name: 'Windows 10', os.arch: 'amd64', os.version: '10.0', java.version: '1.8.0_192'
Driver info: org.openqa.selenium.firefox.FirefoxDriver
Capabilities {acceptInsecureCerts: true, browserName: firefox, browserVersion: 64.0, javascriptEnabled: true, moz:accessibilityChecks: false, moz:geckodriverVersion: 0.23.0, moz:headless: false, moz:processID: 5924, moz:profile: C:\Users\Saeed\AppData\Loca..., moz:shutdownTimeout: 60000, moz:useNonSpecCompliantPointerOrigin: false, moz:webdriverClick: true, pageLoadStrategy: normal, platform: WINDOWS, platformName: WINDOWS, platformVersion: 10.0, rotatable: false, setWindowRect: true, timeouts: {implicit: 0, pageLoad: 300000, script: 30000}, unhandledPromptBehavior: dismiss and notify}
Session ID: a1eb259f-1a0f-49cf-846a-ee1042d1ffbb
*** Element info: {Using=partial link text, value=Careers}]]>
            </message>
            <full-stacktrace>
              <![CDATA[org.openqa.selenium.WebDriverException: Failed to convert data to an object
Build info: version: '3.141.59', revision: 'e82be7d358', time: '2018-11-14T08:17:03'
System info: host: 'DESKTOP-U948LCS', ip: '10.11.11.100', os.name: 'Windows 10', os.arch: 'amd64', os.version: '10.0', java.version: '1.8.0_192'
Driver info: org.openqa.selenium.firefox.FirefoxDriver
Capabilities {acceptInsecureCerts: true, browserName: firefox, browserVersion: 64.0, javascriptEnabled: true, moz:accessibilityChecks: false, moz:geckodriverVersion: 0.23.0, moz:headless: false, moz:processID: 5924, moz:profile: C:\Users\Saeed\AppData\Loca..., moz:shutdownTimeout: 60000, moz:useNonSpecCompliantPointerOrigin: false, moz:webdriverClick: true, pageLoadStrategy: normal, platform: WINDOWS, platformName: WINDOWS, platformVersion: 10.0, rotatable: false, setWindowRect: true, timeouts: {implicit: 0, pageLoad: 300000, script: 30000}, unhandledPromptBehavior: dismiss and notify}
Session ID: a1eb259f-1a0f-49cf-846a-ee1042d1ffbb
*** Element info: {Using=partial link text, value=Careers}
	at sun.reflect.NativeConstructorAccessorImpl.newInstance0(Native Method)
	at sun.reflect.NativeConstructorAccessorImpl.newInstance(NativeConstructorAccessorImpl.java:62)
	at sun.reflect.DelegatingConstructorAccessorImpl.newInstance(DelegatingConstructorAccessorImpl.java:45)
	at java.lang.reflect.Constructor.newInstance(Constructor.java:423)
	at org.openqa.selenium.remote.http.W3CHttpResponseCodec.createException(W3CHttpResponseCodec.java:187)
	at org.openqa.selenium.remote.http.W3CHttpResponseCodec.decode(W3CHttpResponseCodec.java:122)
	at org.openqa.selenium.remote.http.W3CHttpResponseCodec.decode(W3CHttpResponseCodec.java:49)
	at org.openqa.selenium.remote.HttpCommandExecutor.execute(HttpCommandExecutor.java:158)
	at org.openqa.selenium.remote.service.DriverCommandExecutor.execute(DriverCommandExecutor.java:83)
	at org.openqa.selenium.remote.RemoteWebDriver.execute(RemoteWebDriver.java:552)
	at org.openqa.selenium.remote.RemoteWebDriver.findElement(RemoteWebDriver.java:323)
	at org.openqa.selenium.remote.RemoteWebDriver.findElementByPartialLinkText(RemoteWebDriver.java:388)
	at org.openqa.selenium.By$ByPartialLinkText.findElement(By.java:250)
	at org.openqa.selenium.remote.RemoteWebDriver.findElement(RemoteWebDriver.java:315)
	at org.openqa.selenium.support.pagefactory.DefaultElementLocator.findElement(DefaultElementLocator.java:69)
	at org.openqa.selenium.support.pagefactory.internal.LocatingElementHandler.invoke(LocatingElementHandler.java:38)
	at com.sun.proxy.$Proxy9.click(Unknown Source)
	at pageobjects.home.FooterTopLinks.getToKnowUs(FooterTopLinks.java:32)
	at test.pageobjects.TestFooterTopLinks.getToKnowUsTest(TestFooterTopLinks.java:34)
	at sun.reflect.NativeMethodAccessorImpl.invoke0(Native Method)
	at sun.reflect.NativeMethodAccessorImpl.invoke(NativeMethodAccessorImpl.java:62)
	at sun.reflect.DelegatingMethodAccessorImpl.invoke(DelegatingMethodAccessorImpl.java:43)
	at java.lang.reflect.Method.invoke(Method.java:498)
	at org.testng.internal.MethodInvocationHelper.invokeMethod(MethodInvocationHelper.java:80)
	at org.testng.internal.Invoker.invokeMethod(Invoker.java:714)
	at org.testng.internal.Invoker.invokeTestMethod(Invoker.java:901)
	at org.testng.internal.Invoker.invokeTestMethods(Invoker.java:1231)
	at org.testng.internal.TestMethodWorker.invokeTestMethods(TestMethodWorker.java:127)
	at org.testng.internal.TestMethodWorker.run(TestMethodWorker.java:111)
	at org.testng.TestRunner.privateRun(TestRunner.java:767)
	at org.testng.TestRunner.run(TestRunner.java:617)
	at org.testng.SuiteRunner.runTest(SuiteRunner.java:334)
	at org.testng.SuiteRunner.runSequentially(SuiteRunner.java:329)
	at org.testng.SuiteRunner.privateRun(SuiteRunner.java:291)
	at org.testng.SuiteRunner.run(SuiteRunner.java:240)
	at org.testng.SuiteRunnerWorker.runSuite(SuiteRunnerWorker.java:52)
	at org.testng.SuiteRunnerWorker.run(SuiteRunnerWorker.java:86)
	at org.testng.TestNG.runSuitesSequentially(TestNG.java:1198)
	at org.testng.TestNG.runSuitesLocally(TestNG.java:1123)
	at org.testng.TestNG.run(TestNG.java:1031)
	at org.apache.maven.surefire.testng.TestNGExecutor.run(TestNGExecutor.java:135)
	at org.apache.maven.surefire.testng.TestNGDirectoryTestSuite.executeMulti(TestNGDirectoryTestSuite.java:193)
	at org.apache.maven.surefire.testng.TestNGDirectoryTestSuite.execute(TestNGDirectoryTestSuite.java:94)
	at org.apache.maven.surefire.testng.TestNGProvider.invoke(TestNGProvider.java:146)
	at org.apache.maven.surefire.booter.ForkedBooter.invokeProviderInSameClassLoader(ForkedBooter.java:373)
	at org.apache.maven.surefire.booter.ForkedBooter.runSuitesInProcess(ForkedBooter.java:334)
	at org.apache.maven.surefire.booter.ForkedBooter.execute(ForkedBooter.java:119)
	at org.apache.maven.surefire.booter.ForkedBooter.main(ForkedBooter.java:407)
]]>
            </full-stacktrace>
          </exception> <!-- org.openqa.selenium.WebDriverException -->
          <reporter-output>
          </reporter-output>
        </test-method> <!-- getToKnowUsTest -->
        <test-method status="FAIL" signature="closeOut()[pri:0, instance:test.pageobjects.TestFooterTopLinks@13fee20c]" name="closeOut" is-config="true" duration-ms="0" started-at="2018-12-26T16:41:56Z" finished-at="2018-12-26T16:41:56Z">
          <exception class="org.openqa.selenium.WebDriverException">
            <message>
              <![CDATA[Failed to decode response from marionette
Build info: version: '3.141.59', revision: 'e82be7d358', time: '2018-11-14T08:17:03'
System info: host: 'DESKTOP-U948LCS', ip: '10.11.11.100', os.name: 'Windows 10', os.arch: 'amd64', os.version: '10.0', java.version: '1.8.0_192'
Driver info: org.openqa.selenium.firefox.FirefoxDriver
Capabilities {acceptInsecureCerts: true, browserName: firefox, browserVersion: 64.0, javascriptEnabled: true, moz:accessibilityChecks: false, moz:geckodriverVersion: 0.23.0, moz:headless: false, moz:processID: 5924, moz:profile: C:\Users\Saeed\AppData\Loca..., moz:shutdownTimeout: 60000, moz:useNonSpecCompliantPointerOrigin: false, moz:webdriverClick: true, pageLoadStrategy: normal, platform: WINDOWS, platformName: WINDOWS, platformVersion: 10.0, rotatable: false, setWindowRect: true, timeouts: {implicit: 0, pageLoad: 300000, script: 30000}, unhandledPromptBehavior: dismiss and notify}
Session ID: a1eb259f-1a0f-49cf-846a-ee1042d1ffbb]]>
            </message>
            <full-stacktrace>
              <![CDATA[org.openqa.selenium.WebDriverException: Failed to decode response from marionette
Build info: version: '3.141.59', revision: 'e82be7d358', time: '2018-11-14T08:17:03'
System info: host: 'DESKTOP-U948LCS', ip: '10.11.11.100', os.name: 'Windows 10', os.arch: 'amd64', os.version: '10.0', java.version: '1.8.0_192'
Driver info: org.openqa.selenium.firefox.FirefoxDriver
Capabilities {acceptInsecureCerts: true, browserName: firefox, browserVersion: 64.0, javascriptEnabled: true, moz:accessibilityChecks: false, moz:geckodriverVersion: 0.23.0, moz:headless: false, moz:processID: 5924, moz:profile: C:\Users\Saeed\AppData\Loca..., moz:shutdownTimeout: 60000, moz:useNonSpecCompliantPointerOrigin: false, moz:webdriverClick: true, pageLoadStrategy: normal, platform: WINDOWS, platformName: WINDOWS, platformVersion: 10.0, rotatable: false, setWindowRect: true, timeouts: {implicit: 0, pageLoad: 300000, script: 30000}, unhandledPromptBehavior: dismiss and notify}
Session ID: a1eb259f-1a0f-49cf-846a-ee1042d1ffbb
	at sun.reflect.NativeConstructorAccessorImpl.newInstance0(Native Method)
	at sun.reflect.NativeConstructorAccessorImpl.newInstance(NativeConstructorAccessorImpl.java:62)
	at sun.reflect.DelegatingConstructorAccessorImpl.newInstance(DelegatingConstructorAccessorImpl.java:45)
	at java.lang.reflect.Constructor.newInstance(Constructor.java:423)
	at org.openqa.selenium.remote.http.W3CHttpResponseCodec.createException(W3CHttpResponseCodec.java:187)
	at org.openqa.selenium.remote.http.W3CHttpResponseCodec.decode(W3CHttpResponseCodec.java:122)
	at org.openqa.selenium.remote.http.W3CHttpResponseCodec.decode(W3CHttpResponseCodec.java:49)
	at org.openqa.selenium.remote.HttpCommandExecutor.execute(HttpCommandExecutor.java:158)
	at org.openqa.selenium.remote.service.DriverCommandExecutor.execute(DriverCommandExecutor.java:83)
	at org.openqa.selenium.remote.RemoteWebDriver.execute(RemoteWebDriver.java:552)
	at org.openqa.selenium.remote.RemoteWebDriver.execute(RemoteWebDriver.java:609)
	at org.openqa.selenium.remote.RemoteWebDriver.quit(RemoteWebDriver.java:452)
	at driverconnectivity.CommonAPI.closeOut(CommonAPI.java:89)
	at sun.reflect.NativeMethodAccessorImpl.invoke0(Native Method)
	at sun.reflect.NativeMethodAccessorImpl.invoke(NativeMethodAccessorImpl.java:62)
	at sun.reflect.DelegatingMethodAccessorImpl.invoke(DelegatingMethodAccessorImpl.java:43)
	at java.lang.reflect.Method.invoke(Method.java:498)
	at org.testng.internal.MethodInvocationHelper.invokeMethod(MethodInvocationHelper.java:80)
	at org.testng.internal.Invoker.invokeConfigurationMethod(Invoker.java:564)
	at org.testng.internal.Invoker.invokeConfigurations(Invoker.java:213)
	at org.testng.internal.Invoker.invokeMethod(Invoker.java:786)
	at org.testng.internal.Invoker.invokeTestMethod(Invoker.java:901)
	at org.testng.internal.Invoker.invokeTestMethods(Invoker.java:1231)
	at org.testng.internal.TestMethodWorker.invokeTestMethods(TestMethodWorker.java:127)
	at org.testng.internal.TestMethodWorker.run(TestMethodWorker.java:111)
	at org.testng.TestRunner.privateRun(TestRunner.java:767)
	at org.testng.TestRunner.run(TestRunner.java:617)
	at org.testng.SuiteRunner.runTest(SuiteRunner.java:334)
	at org.testng.SuiteRunner.runSequentially(SuiteRunner.java:329)
	at org.testng.SuiteRunner.privateRun(SuiteRunner.java:291)
	at org.testng.SuiteRunner.run(SuiteRunner.java:240)
	at org.testng.SuiteRunnerWorker.runSuite(SuiteRunnerWorker.java:52)
	at org.testng.SuiteRunnerWorker.run(SuiteRunnerWorker.java:86)
	at org.testng.TestNG.runSuitesSequentially(TestNG.java:1198)
	at org.testng.TestNG.runSuitesLocally(TestNG.java:1123)
	at org.testng.TestNG.run(TestNG.java:1031)
	at org.apache.maven.surefire.testng.TestNGExecutor.run(TestNGExecutor.java:135)
	at org.apache.maven.surefire.testng.TestNGDirectoryTestSuite.executeMulti(TestNGDirectoryTestSuite.java:193)
	at org.apache.maven.surefire.testng.TestNGDirectoryTestSuite.execute(TestNGDirectoryTestSuite.java:94)
	at org.apache.maven.surefire.testng.TestNGProvider.invoke(TestNGProvider.java:146)
	at org.apache.maven.surefire.booter.ForkedBooter.invokeProviderInSameClassLoader(ForkedBooter.java:373)
	at org.apache.maven.surefire.booter.ForkedBooter.runSuitesInProcess(ForkedBooter.java:334)
	at org.apache.maven.surefire.booter.ForkedBooter.execute(ForkedBooter.java:119)
	at org.apache.maven.surefire.booter.ForkedBooter.main(ForkedBooter.java:407)
]]>
            </full-stacktrace>
          </exception> <!-- org.openqa.selenium.WebDriverException -->
          <reporter-output>
          </reporter-output>
        </test-method> <!-- closeOut -->
        <test-method status="SKIP" signature="laguageTabTest()[pri:0, instance:test.pageobjects.TestFooterTopLinks@13fee20c]" name="laguageTabTest" duration-ms="0" started-at="2018-12-26T16:42:00Z" finished-at="2018-12-26T16:42:00Z">
          <reporter-output>
          </reporter-output>
        </test-method> <!-- laguageTabTest -->
        <test-method status="SKIP" signature="setUp(java.lang.String, java.lang.String, java.lang.String, java.lang.String, java.lang.String)[pri:0, instance:test.pageobjects.TestFooterTopLinks@13fee20c]" name="setUp" is-config="true" duration-ms="0" started-at="2018-12-26T16:42:00Z" finished-at="2018-12-26T16:42:00Z">
          <reporter-output>
          </reporter-output>
        </test-method> <!-- setUp -->
        <test-method status="SKIP" signature="initializationOfOnjects()[pri:0, instance:test.pageobjects.TestFooterTopLinks@13fee20c]" name="initializationOfOnjects" is-config="true" duration-ms="0" started-at="2018-12-26T16:42:00Z" finished-at="2018-12-26T16:42:00Z">
          <reporter-output>
          </reporter-output>
        </test-method> <!-- initializationOfOnjects -->
        <test-method status="SKIP" signature="closeOut()[pri:0, instance:test.pageobjects.TestFooterTopLinks@13fee20c]" name="closeOut" is-config="true" duration-ms="0" started-at="2018-12-26T16:42:00Z" finished-at="2018-12-26T16:42:00Z">
          <reporter-output>
          </reporter-output>
        </test-method> <!-- closeOut -->
        <test-method status="SKIP" signature="initializationOfOnjects()[pri:0, instance:test.pageobjects.TestFooterTopLinks@13fee20c]" name="initializationOfOnjects" is-config="true" duration-ms="0" started-at="2018-12-26T16:42:00Z" finished-at="2018-12-26T16:42:00Z">
          <reporter-output>
          </reporter-output>
        </test-method> <!-- initializationOfOnjects -->
        <test-method status="SKIP" signature="setUp(java.lang.String, java.lang.String, java.lang.String, java.lang.String, java.lang.String)[pri:0, instance:test.pageobjects.TestFooterTopLinks@13fee20c]" name="setUp" is-config="true" duration-ms="0" started-at="2018-12-26T16:42:00Z" finished-at="2018-12-26T16:42:00Z">
          <reporter-output>
          </reporter-output>
        </test-method> <!-- setUp -->
        <test-method status="SKIP" signature="letUsHelpYouTest()[pri:0, instance:test.pageobjects.TestFooterTopLinks@13fee20c]" name="letUsHelpYouTest" duration-ms="1" started-at="2018-12-26T16:42:00Z" finished-at="2018-12-26T16:42:00Z">
          <reporter-output>
          </reporter-output>
        </test-method> <!-- letUsHelpYouTest -->
        <test-method status="SKIP" signature="closeOut()[pri:0, instance:test.pageobjects.TestFooterTopLinks@13fee20c]" name="closeOut" is-config="true" duration-ms="0" started-at="2018-12-26T16:42:00Z" finished-at="2018-12-26T16:42:00Z">
          <reporter-output>
          </reporter-output>
        </test-method> <!-- closeOut -->
        <test-method status="SKIP" signature="closeOut()[pri:0, instance:test.pageobjects.TestFooterTopLinks@13fee20c]" name="closeOut" is-config="true" duration-ms="0" started-at="2018-12-26T16:42:00Z" finished-at="2018-12-26T16:42:00Z">
          <reporter-output>
          </reporter-output>
        </test-method> <!-- closeOut -->
        <test-method status="SKIP" signature="initializationOfOnjects()[pri:0, instance:test.pageobjects.TestFooterTopLinks@13fee20c]" name="initializationOfOnjects" is-config="true" duration-ms="0" started-at="2018-12-26T16:42:00Z" finished-at="2018-12-26T16:42:00Z">
          <reporter-output>
          </reporter-output>
        </test-method> <!-- initializationOfOnjects -->
        <test-method status="SKIP" signature="setUp(java.lang.String, java.lang.String, java.lang.String, java.lang.String, java.lang.String)[pri:0, instance:test.pageobjects.TestFooterTopLinks@13fee20c]" name="setUp" is-config="true" duration-ms="0" started-at="2018-12-26T16:42:00Z" finished-at="2018-12-26T16:42:00Z">
          <reporter-output>
          </reporter-output>
        </test-method> <!-- setUp -->
        <test-method status="SKIP" signature="makeMoneyWithUsTest()[pri:0, instance:test.pageobjects.TestFooterTopLinks@13fee20c]" name="makeMoneyWithUsTest" duration-ms="0" started-at="2018-12-26T16:42:00Z" finished-at="2018-12-26T16:42:00Z">
          <reporter-output>
          </reporter-output>
        </test-method> <!-- makeMoneyWithUsTest -->
        <test-method status="SKIP" signature="setUp(java.lang.String, java.lang.String, java.lang.String, java.lang.String, java.lang.String)[pri:0, instance:test.pageobjects.TestFooterTopLinks@13fee20c]" name="setUp" is-config="true" duration-ms="0" started-at="2018-12-26T16:42:00Z" finished-at="2018-12-26T16:42:00Z">
          <reporter-output>
          </reporter-output>
        </test-method> <!-- setUp -->
        <test-method status="SKIP" signature="closeOut()[pri:0, instance:test.pageobjects.TestFooterTopLinks@13fee20c]" name="closeOut" is-config="true" duration-ms="0" started-at="2018-12-26T16:42:00Z" finished-at="2018-12-26T16:42:00Z">
          <reporter-output>
          </reporter-output>
        </test-method> <!-- closeOut -->
        <test-method status="SKIP" signature="initializationOfOnjects()[pri:0, instance:test.pageobjects.TestFooterTopLinks@13fee20c]" name="initializationOfOnjects" is-config="true" duration-ms="0" started-at="2018-12-26T16:42:00Z" finished-at="2018-12-26T16:42:00Z">
          <reporter-output>
          </reporter-output>
        </test-method> <!-- initializationOfOnjects -->
        <test-method status="SKIP" signature="countryTabTest()[pri:0, instance:test.pageobjects.TestFooterTopLinks@13fee20c]" name="countryTabTest" duration-ms="0" started-at="2018-12-26T16:42:00Z" finished-at="2018-12-26T16:42:00Z">
          <reporter-output>
          </reporter-output>
        </test-method> <!-- countryTabTest -->
      </class> <!-- test.pageobjects.TestFooterTopLinks -->
      <class name="test.pageobjects.TestSeachBox">
        <test-method status="SKIP" signature="dropdownListTest()[pri:0, instance:test.pageobjects.TestSeachBox@17550481]" name="dropdownListTest" duration-ms="1" started-at="2018-12-26T16:42:00Z" finished-at="2018-12-26T16:42:00Z">
          <reporter-output>
          </reporter-output>
        </test-method> <!-- dropdownListTest -->
        <test-method status="SKIP" signature="initializationOfObjects()[pri:0, instance:test.pageobjects.TestSeachBox@17550481]" name="initializationOfObjects" is-config="true" duration-ms="0" started-at="2018-12-26T16:42:00Z" finished-at="2018-12-26T16:42:00Z">
          <reporter-output>
          </reporter-output>
        </test-method> <!-- initializationOfObjects -->
        <test-method status="SKIP" signature="setUp(java.lang.String, java.lang.String, java.lang.String, java.lang.String, java.lang.String)[pri:0, instance:test.pageobjects.TestSeachBox@17550481]" name="setUp" is-config="true" duration-ms="0" started-at="2018-12-26T16:42:00Z" finished-at="2018-12-26T16:42:00Z">
          <reporter-output>
          </reporter-output>
        </test-method> <!-- setUp -->
        <test-method status="SKIP" signature="closeOut()[pri:0, instance:test.pageobjects.TestSeachBox@17550481]" name="closeOut" is-config="true" duration-ms="0" started-at="2018-12-26T16:42:00Z" finished-at="2018-12-26T16:42:00Z">
          <reporter-output>
          </reporter-output>
        </test-method> <!-- closeOut -->
        <test-method status="SKIP" signature="setUp(java.lang.String, java.lang.String, java.lang.String, java.lang.String, java.lang.String)[pri:0, instance:test.pageobjects.TestSeachBox@17550481]" name="setUp" is-config="true" duration-ms="0" started-at="2018-12-26T16:42:00Z" finished-at="2018-12-26T16:42:00Z">
          <reporter-output>
          </reporter-output>
        </test-method> <!-- setUp -->
        <test-method status="SKIP" signature="searchBoxTest()[pri:0, instance:test.pageobjects.TestSeachBox@17550481]" name="searchBoxTest" duration-ms="0" started-at="2018-12-26T16:42:00Z" finished-at="2018-12-26T16:42:00Z">
          <reporter-output>
          </reporter-output>
        </test-method> <!-- searchBoxTest -->
        <test-method status="SKIP" signature="closeOut()[pri:0, instance:test.pageobjects.TestSeachBox@17550481]" name="closeOut" is-config="true" duration-ms="0" started-at="2018-12-26T16:42:00Z" finished-at="2018-12-26T16:42:00Z">
          <reporter-output>
          </reporter-output>
        </test-method> <!-- closeOut -->
        <test-method status="SKIP" signature="initializationOfObjects()[pri:0, instance:test.pageobjects.TestSeachBox@17550481]" name="initializationOfObjects" is-config="true" duration-ms="0" started-at="2018-12-26T16:42:00Z" finished-at="2018-12-26T16:42:00Z">
          <reporter-output>
          </reporter-output>
        </test-method> <!-- initializationOfObjects -->
        <test-method status="SKIP" signature="closeOut()[pri:0, instance:test.pageobjects.TestSeachBox@17550481]" name="closeOut" is-config="true" duration-ms="0" started-at="2018-12-26T16:42:00Z" finished-at="2018-12-26T16:42:00Z">
          <reporter-output>
          </reporter-output>
        </test-method> <!-- closeOut -->
        <test-method status="SKIP" signature="initializationOfObjects()[pri:0, instance:test.pageobjects.TestSeachBox@17550481]" name="initializationOfObjects" is-config="true" duration-ms="0" started-at="2018-12-26T16:42:00Z" finished-at="2018-12-26T16:42:00Z">
          <reporter-output>
          </reporter-output>
        </test-method> <!-- initializationOfObjects -->
        <test-method status="SKIP" signature="setUp(java.lang.String, java.lang.String, java.lang.String, java.lang.String, java.lang.String)[pri:0, instance:test.pageobjects.TestSeachBox@17550481]" name="setUp" is-config="true" duration-ms="0" started-at="2018-12-26T16:42:00Z" finished-at="2018-12-26T16:42:00Z">
          <reporter-output>
          </reporter-output>
        </test-method> <!-- setUp -->
        <test-method status="SKIP" signature="setUp(java.lang.String, java.lang.String, java.lang.String, java.lang.String, java.lang.String)[pri:0, instance:test.pageobjects.TestSeachBox@17550481]" name="setUp" is-config="true" duration-ms="0" started-at="2018-12-26T16:42:00Z" finished-at="2018-12-26T16:42:00Z">
          <reporter-output>
          </reporter-output>
        </test-method> <!-- setUp -->
        <test-method status="SKIP" signature="initializationOfObjects()[pri:0, instance:test.pageobjects.TestSeachBox@17550481]" name="initializationOfObjects" is-config="true" duration-ms="0" started-at="2018-12-26T16:42:00Z" finished-at="2018-12-26T16:42:00Z">
          <reporter-output>
          </reporter-output>
        </test-method> <!-- initializationOfObjects -->
        <test-method status="SKIP" signature="searchIconTest()[pri:0, instance:test.pageobjects.TestSeachBox@17550481]" name="searchIconTest" duration-ms="0" started-at="2018-12-26T16:42:00Z" finished-at="2018-12-26T16:42:00Z">
          <reporter-output>
          </reporter-output>
        </test-method> <!-- searchIconTest -->
        <test-method status="SKIP" signature="searchBoxTextTest()[pri:0, instance:test.pageobjects.TestSeachBox@17550481]" name="searchBoxTextTest" duration-ms="0" started-at="2018-12-26T16:42:00Z" finished-at="2018-12-26T16:42:00Z">
          <reporter-output>
          </reporter-output>
        </test-method> <!-- searchBoxTextTest -->
        <test-method status="SKIP" signature="closeOut()[pri:0, instance:test.pageobjects.TestSeachBox@17550481]" name="closeOut" is-config="true" duration-ms="0" started-at="2018-12-26T16:42:00Z" finished-at="2018-12-26T16:42:00Z">
          <reporter-output>
          </reporter-output>
        </test-method> <!-- closeOut -->
      </class> <!-- test.pageobjects.TestSeachBox -->
      <class name="test.regular.HomePageTest">
        <test-method status="SKIP" signature="addressTest()[pri:0, instance:test.regular.HomePageTest@735f7ae5]" name="addressTest" duration-ms="0" started-at="2018-12-26T16:42:00Z" finished-at="2018-12-26T16:42:00Z">
          <reporter-output>
          </reporter-output>
        </test-method> <!-- addressTest -->
        <test-method status="SKIP" signature="setUp(java.lang.String, java.lang.String, java.lang.String, java.lang.String, java.lang.String)[pri:0, instance:test.regular.HomePageTest@735f7ae5]" name="setUp" is-config="true" duration-ms="0" started-at="2018-12-26T16:42:00Z" finished-at="2018-12-26T16:42:00Z">
          <reporter-output>
          </reporter-output>
        </test-method> <!-- setUp -->
        <test-method status="SKIP" signature="titleTest()[pri:0, instance:test.regular.HomePageTest@735f7ae5]" name="titleTest" is-config="true" duration-ms="0" started-at="2018-12-26T16:42:00Z" finished-at="2018-12-26T16:42:00Z">
          <reporter-output>
          </reporter-output>
        </test-method> <!-- titleTest -->
        <test-method status="SKIP" signature="setUp(java.lang.String, java.lang.String, java.lang.String, java.lang.String, java.lang.String)[pri:0, instance:test.regular.HomePageTest@735f7ae5]" name="setUp" is-config="true" duration-ms="0" started-at="2018-12-26T16:42:00Z" finished-at="2018-12-26T16:42:00Z">
          <reporter-output>
          </reporter-output>
        </test-method> <!-- setUp -->
        <test-method status="SKIP" signature="closeOut()[pri:0, instance:test.regular.HomePageTest@735f7ae5]" name="closeOut" is-config="true" duration-ms="0" started-at="2018-12-26T16:42:00Z" finished-at="2018-12-26T16:42:00Z">
          <reporter-output>
          </reporter-output>
        </test-method> <!-- closeOut -->
        <test-method status="SKIP" signature="closeOut()[pri:0, instance:test.regular.HomePageTest@735f7ae5]" name="closeOut" is-config="true" duration-ms="0" started-at="2018-12-26T16:42:00Z" finished-at="2018-12-26T16:42:00Z">
          <reporter-output>
          </reporter-output>
        </test-method> <!-- closeOut -->
        <test-method status="SKIP" signature="setUp(java.lang.String, java.lang.String, java.lang.String, java.lang.String, java.lang.String)[pri:0, instance:test.regular.HomePageTest@735f7ae5]" name="setUp" is-config="true" duration-ms="0" started-at="2018-12-26T16:42:00Z" finished-at="2018-12-26T16:42:00Z">
          <reporter-output>
          </reporter-output>
        </test-method> <!-- setUp -->
        <test-method status="SKIP" signature="titleTest()[pri:0, instance:test.regular.HomePageTest@735f7ae5]" name="titleTest" is-config="true" duration-ms="0" started-at="2018-12-26T16:42:00Z" finished-at="2018-12-26T16:42:00Z">
          <reporter-output>
          </reporter-output>
        </test-method> <!-- titleTest -->
        <test-method status="SKIP" signature="closeOut()[pri:0, instance:test.regular.HomePageTest@735f7ae5]" name="closeOut" is-config="true" duration-ms="0" started-at="2018-12-26T16:42:00Z" finished-at="2018-12-26T16:42:00Z">
          <reporter-output>
          </reporter-output>
        </test-method> <!-- closeOut -->
        <test-method status="SKIP" signature="cartTest()[pri:0, instance:test.regular.HomePageTest@735f7ae5]" name="cartTest" duration-ms="0" started-at="2018-12-26T16:42:00Z" finished-at="2018-12-26T16:42:00Z">
          <reporter-output>
          </reporter-output>
        </test-method> <!-- cartTest -->
        <test-method status="SKIP" signature="checkIconTest()[pri:0, instance:test.regular.HomePageTest@735f7ae5]" name="checkIconTest" duration-ms="0" started-at="2018-12-26T16:42:00Z" finished-at="2018-12-26T16:42:00Z">
          <reporter-output>
          </reporter-output>
        </test-method> <!-- checkIconTest -->
        <test-method status="SKIP" signature="titleTest()[pri:0, instance:test.regular.HomePageTest@735f7ae5]" name="titleTest" is-config="true" duration-ms="0" started-at="2018-12-26T16:42:00Z" finished-at="2018-12-26T16:42:00Z">
          <reporter-output>
          </reporter-output>
        </test-method> <!-- titleTest -->
        <test-method status="SKIP" signature="checkIcon2Test()[pri:0, instance:test.regular.HomePageTest@735f7ae5]" name="checkIcon2Test" duration-ms="1" started-at="2018-12-26T16:42:00Z" finished-at="2018-12-26T16:42:00Z">
          <reporter-output>
          </reporter-output>
        </test-method> <!-- checkIcon2Test -->
        <test-method status="SKIP" signature="setUp(java.lang.String, java.lang.String, java.lang.String, java.lang.String, java.lang.String)[pri:0, instance:test.regular.HomePageTest@735f7ae5]" name="setUp" is-config="true" duration-ms="0" started-at="2018-12-26T16:42:00Z" finished-at="2018-12-26T16:42:00Z">
          <reporter-output>
          </reporter-output>
        </test-method> <!-- setUp -->
        <test-method status="SKIP" signature="titleTest()[pri:0, instance:test.regular.HomePageTest@735f7ae5]" name="titleTest" is-config="true" duration-ms="0" started-at="2018-12-26T16:42:00Z" finished-at="2018-12-26T16:42:00Z">
          <reporter-output>
          </reporter-output>
        </test-method> <!-- titleTest -->
        <test-method status="SKIP" signature="closeOut()[pri:0, instance:test.regular.HomePageTest@735f7ae5]" name="closeOut" is-config="true" duration-ms="0" started-at="2018-12-26T16:42:00Z" finished-at="2018-12-26T16:42:00Z">
          <reporter-output>
          </reporter-output>
        </test-method> <!-- closeOut -->
        <test-method status="SKIP" signature="titleTest()[pri:0, instance:test.regular.HomePageTest@735f7ae5]" name="titleTest" is-config="true" duration-ms="0" started-at="2018-12-26T16:42:00Z" finished-at="2018-12-26T16:42:00Z">
          <reporter-output>
          </reporter-output>
        </test-method> <!-- titleTest -->
        <test-method status="SKIP" signature="setUp(java.lang.String, java.lang.String, java.lang.String, java.lang.String, java.lang.String)[pri:0, instance:test.regular.HomePageTest@735f7ae5]" name="setUp" is-config="true" duration-ms="0" started-at="2018-12-26T16:42:00Z" finished-at="2018-12-26T16:42:00Z">
          <reporter-output>
          </reporter-output>
        </test-method> <!-- setUp -->
        <test-method status="SKIP" signature="generalLinksTest()[pri:0, instance:test.regular.HomePageTest@735f7ae5]" name="generalLinksTest" duration-ms="0" started-at="2018-12-26T16:42:00Z" finished-at="2018-12-26T16:42:00Z">
          <reporter-output>
          </reporter-output>
        </test-method> <!-- generalLinksTest -->
        <test-method status="SKIP" signature="primeTryTest()[pri:0, instance:test.regular.HomePageTest@735f7ae5]" name="primeTryTest" duration-ms="0" started-at="2018-12-26T16:42:00Z" finished-at="2018-12-26T16:42:00Z">
          <reporter-output>
          </reporter-output>
        </test-method> <!-- primeTryTest -->
        <test-method status="SKIP" signature="closeOut()[pri:0, instance:test.regular.HomePageTest@735f7ae5]" name="closeOut" is-config="true" duration-ms="0" started-at="2018-12-26T16:42:00Z" finished-at="2018-12-26T16:42:00Z">
          <reporter-output>
          </reporter-output>
        </test-method> <!-- closeOut -->
        <test-method status="SKIP" signature="titleTest()[pri:0, instance:test.regular.HomePageTest@735f7ae5]" name="titleTest" is-config="true" duration-ms="0" started-at="2018-12-26T16:42:00Z" finished-at="2018-12-26T16:42:00Z">
          <reporter-output>
          </reporter-output>
        </test-method> <!-- titleTest -->
        <test-method status="SKIP" signature="setUp(java.lang.String, java.lang.String, java.lang.String, java.lang.String, java.lang.String)[pri:0, instance:test.regular.HomePageTest@735f7ae5]" name="setUp" is-config="true" duration-ms="0" started-at="2018-12-26T16:42:00Z" finished-at="2018-12-26T16:42:00Z">
          <reporter-output>
          </reporter-output>
        </test-method> <!-- setUp -->
        <test-method status="SKIP" signature="closeOut()[pri:0, instance:test.regular.HomePageTest@735f7ae5]" name="closeOut" is-config="true" duration-ms="0" started-at="2018-12-26T16:42:00Z" finished-at="2018-12-26T16:42:00Z">
          <reporter-output>
          </reporter-output>
        </test-method> <!-- closeOut -->
      </class> <!-- test.regular.HomePageTest -->
    </test> <!-- Surefire test -->
  </suite> <!-- Surefire suite -->
</testng-results>
