<?xml version="1.0" encoding="UTF-8"?>
<testsuite xmlns:xsi="http://www.w3.org/2001/XMLSchema-instance" xsi:noNamespaceSchemaLocation="https://maven.apache.org/surefire/maven-surefire-plugin/xsd/surefire-test-report.xsd" name="TestSuite" time="97.788" tests="135" errors="0" skipped="132" failures="3">
  <properties>
    <property name="sun.desktop" value="windows"/>
    <property name="awt.toolkit" value="sun.awt.windows.WToolkit"/>
    <property name="file.encoding.pkg" value="sun.io"/>
    <property name="java.specification.version" value="1.8"/>
    <property name="sun.cpu.isalist" value="amd64"/>
    <property name="sun.jnu.encoding" value="Cp1252"/>
    <property name="java.class.path" value="C:\Users\Saeed\Desktop\developer\Group_Project\amazon\target\test-classes;C:\Users\Saeed\Desktop\developer\Group_Project\amazon\target\classes;C:\Users\Saeed\Desktop\developer\Group_Project\generics\target\generics-1.0-SNAPSHOT.jar;C:\Users\Saeed\.m2\repository\org\seleniumhq\selenium\selenium-server\3.141.59\selenium-server-3.141.59.jar;C:\Users\Saeed\.m2\repository\org\seleniumhq\selenium\selenium-java\3.141.59\selenium-java-3.141.59.jar;C:\Users\Saeed\.m2\repository\org\seleniumhq\selenium\selenium-api\3.141.59\selenium-api-3.141.59.jar;C:\Users\Saeed\.m2\repository\org\seleniumhq\selenium\selenium-chrome-driver\3.141.59\selenium-chrome-driver-3.141.59.jar;C:\Users\Saeed\.m2\repository\org\seleniumhq\selenium\selenium-edge-driver\3.141.59\selenium-edge-driver-3.141.59.jar;C:\Users\Saeed\.m2\repository\org\seleniumhq\selenium\selenium-firefox-driver\3.141.59\selenium-firefox-driver-3.141.59.jar;C:\Users\Saeed\.m2\repository\org\seleniumhq\selenium\selenium-ie-driver\3.141.59\selenium-ie-driver-3.141.59.jar;C:\Users\Saeed\.m2\repository\org\seleniumhq\selenium\selenium-opera-driver\3.141.59\selenium-opera-driver-3.141.59.jar;C:\Users\Saeed\.m2\repository\org\seleniumhq\selenium\selenium-remote-driver\3.141.59\selenium-remote-driver-3.141.59.jar;C:\Users\Saeed\.m2\repository\org\seleniumhq\selenium\selenium-safari-driver\3.141.59\selenium-safari-driver-3.141.59.jar;C:\Users\Saeed\.m2\repository\org\seleniumhq\selenium\selenium-support\3.141.59\selenium-support-3.141.59.jar;C:\Users\Saeed\.m2\repository\com\beust\jcommander\1.72\jcommander-1.72.jar;C:\Users\Saeed\.m2\repository\net\bytebuddy\byte-buddy\1.8.15\byte-buddy-1.8.15.jar;C:\Users\Saeed\.m2\repository\org\apache\commons\commons-exec\1.3\commons-exec-1.3.jar;C:\Users\Saeed\.m2\repository\com\google\guava\guava\25.0-jre\guava-25.0-jre.jar;C:\Users\Saeed\.m2\repository\com\google\code\findbugs\jsr305\1.3.9\jsr305-1.3.9.jar;C:\Users\Saeed\.m2\repository\org\checkerframework\checker-compat-qual\2.0.0\checker-compat-qual-2.0.0.jar;C:\Users\Saeed\.m2\repository\com\google\errorprone\error_prone_annotations\2.1.3\error_prone_annotations-2.1.3.jar;C:\Users\Saeed\.m2\repository\com\google\j2objc\j2objc-annotations\1.1\j2objc-annotations-1.1.jar;C:\Users\Saeed\.m2\repository\org\codehaus\mojo\animal-sniffer-annotations\1.14\animal-sniffer-annotations-1.14.jar;C:\Users\Saeed\.m2\repository\net\jcip\jcip-annotations\1.0\jcip-annotations-1.0.jar;C:\Users\Saeed\.m2\repository\org\seleniumhq\selenium\jetty-repacked\9.4.12.v20180830\jetty-repacked-9.4.12.v20180830.jar;C:\Users\Saeed\.m2\repository\com\squareup\okhttp3\okhttp\3.11.0\okhttp-3.11.0.jar;C:\Users\Saeed\.m2\repository\com\squareup\okio\okio\1.14.0\okio-1.14.0.jar;C:\Users\Saeed\.m2\repository\javax\servlet\javax.servlet-api\3.1.0\javax.servlet-api-3.1.0.jar;C:\Users\Saeed\.m2\repository\org\yaml\snakeyaml\1.19\snakeyaml-1.19.jar;C:\Users\Saeed\.m2\repository\org\testng\testng\6.8\testng-6.8.jar;C:\Users\Saeed\.m2\repository\junit\junit\4.10\junit-4.10.jar;C:\Users\Saeed\.m2\repository\org\hamcrest\hamcrest-core\1.1\hamcrest-core-1.1.jar;C:\Users\Saeed\.m2\repository\org\beanshell\bsh\2.0b4\bsh-2.0b4.jar;C:\Users\Saeed\.m2\repository\org\apache\maven\surefire\surefire-testng-utils\2.20.1\surefire-testng-utils-2.20.1.jar;C:\Users\Saeed\.m2\repository\org\apache\maven\surefire\surefire-grouper\2.20.1\surefire-grouper-2.20.1.jar;"/>
    <property name="java.vm.vendor" value="Oracle Corporation"/>
    <property name="sun.arch.data.model" value="64"/>
    <property name="user.variant" value=""/>
    <property name="java.vendor.url" value="http://java.oracle.com/"/>
    <property name="user.timezone" value=""/>
    <property name="java.vm.specification.version" value="1.8"/>
    <property name="os.name" value="Windows 10"/>
    <property name="user.country" value="US"/>
    <property name="sun.java.launcher" value="SUN_STANDARD"/>
    <property name="sun.boot.library.path" value="C:\Program Files\Java\jdk\jre\bin"/>
    <property name="sun.java.command" value="C:\Users\Saeed\AppData\Local\Temp\surefire9054651193189735298\surefirebooter8421505627775304539.jar C:\Users\Saeed\AppData\Local\Temp\surefire9054651193189735298 2018-12-26T16-40-21_135-jvmRun1 surefire2304511710942750475tmp surefire_0267525963442592949tmp"/>
    <property name="surefire.test.class.path" value="C:\Users\Saeed\Desktop\developer\Group_Project\amazon\target\test-classes;C:\Users\Saeed\Desktop\developer\Group_Project\amazon\target\classes;C:\Users\Saeed\Desktop\developer\Group_Project\generics\target\generics-1.0-SNAPSHOT.jar;C:\Users\Saeed\.m2\repository\org\seleniumhq\selenium\selenium-server\3.141.59\selenium-server-3.141.59.jar;C:\Users\Saeed\.m2\repository\org\seleniumhq\selenium\selenium-java\3.141.59\selenium-java-3.141.59.jar;C:\Users\Saeed\.m2\repository\org\seleniumhq\selenium\selenium-api\3.141.59\selenium-api-3.141.59.jar;C:\Users\Saeed\.m2\repository\org\seleniumhq\selenium\selenium-chrome-driver\3.141.59\selenium-chrome-driver-3.141.59.jar;C:\Users\Saeed\.m2\repository\org\seleniumhq\selenium\selenium-edge-driver\3.141.59\selenium-edge-driver-3.141.59.jar;C:\Users\Saeed\.m2\repository\org\seleniumhq\selenium\selenium-firefox-driver\3.141.59\selenium-firefox-driver-3.141.59.jar;C:\Users\Saeed\.m2\repository\org\seleniumhq\selenium\selenium-ie-driver\3.141.59\selenium-ie-driver-3.141.59.jar;C:\Users\Saeed\.m2\repository\org\seleniumhq\selenium\selenium-opera-driver\3.141.59\selenium-opera-driver-3.141.59.jar;C:\Users\Saeed\.m2\repository\org\seleniumhq\selenium\selenium-remote-driver\3.141.59\selenium-remote-driver-3.141.59.jar;C:\Users\Saeed\.m2\repository\org\seleniumhq\selenium\selenium-safari-driver\3.141.59\selenium-safari-driver-3.141.59.jar;C:\Users\Saeed\.m2\repository\org\seleniumhq\selenium\selenium-support\3.141.59\selenium-support-3.141.59.jar;C:\Users\Saeed\.m2\repository\com\beust\jcommander\1.72\jcommander-1.72.jar;C:\Users\Saeed\.m2\repository\net\bytebuddy\byte-buddy\1.8.15\byte-buddy-1.8.15.jar;C:\Users\Saeed\.m2\repository\org\apache\commons\commons-exec\1.3\commons-exec-1.3.jar;C:\Users\Saeed\.m2\repository\com\google\guava\guava\25.0-jre\guava-25.0-jre.jar;C:\Users\Saeed\.m2\repository\com\google\code\findbugs\jsr305\1.3.9\jsr305-1.3.9.jar;C:\Users\Saeed\.m2\repository\org\checkerframework\checker-compat-qual\2.0.0\checker-compat-qual-2.0.0.jar;C:\Users\Saeed\.m2\repository\com\google\errorprone\error_prone_annotations\2.1.3\error_prone_annotations-2.1.3.jar;C:\Users\Saeed\.m2\repository\com\google\j2objc\j2objc-annotations\1.1\j2objc-annotations-1.1.jar;C:\Users\Saeed\.m2\repository\org\codehaus\mojo\animal-sniffer-annotations\1.14\animal-sniffer-annotations-1.14.jar;C:\Users\Saeed\.m2\repository\net\jcip\jcip-annotations\1.0\jcip-annotations-1.0.jar;C:\Users\Saeed\.m2\repository\org\seleniumhq\selenium\jetty-repacked\9.4.12.v20180830\jetty-repacked-9.4.12.v20180830.jar;C:\Users\Saeed\.m2\repository\com\squareup\okhttp3\okhttp\3.11.0\okhttp-3.11.0.jar;C:\Users\Saeed\.m2\repository\com\squareup\okio\okio\1.14.0\okio-1.14.0.jar;C:\Users\Saeed\.m2\repository\javax\servlet\javax.servlet-api\3.1.0\javax.servlet-api-3.1.0.jar;C:\Users\Saeed\.m2\repository\org\yaml\snakeyaml\1.19\snakeyaml-1.19.jar;C:\Users\Saeed\.m2\repository\org\testng\testng\6.8\testng-6.8.jar;C:\Users\Saeed\.m2\repository\junit\junit\4.10\junit-4.10.jar;C:\Users\Saeed\.m2\repository\org\hamcrest\hamcrest-core\1.1\hamcrest-core-1.1.jar;C:\Users\Saeed\.m2\repository\org\beanshell\bsh\2.0b4\bsh-2.0b4.jar;C:\Users\Saeed\.m2\repository\org\apache\maven\surefire\surefire-testng-utils\2.20.1\surefire-testng-utils-2.20.1.jar;C:\Users\Saeed\.m2\repository\org\apache\maven\surefire\surefire-grouper\2.20.1\surefire-grouper-2.20.1.jar;"/>
    <property name="sun.cpu.endian" value="little"/>
    <property name="user.home" value="C:\Users\Saeed"/>
    <property name="user.language" value="en"/>
    <property name="java.specification.vendor" value="Oracle Corporation"/>
    <property name="java.home" value="C:\Program Files\Java\jdk\jre"/>
    <property name="basedir" value="C:\Users\Saeed\Desktop\developer\Group_Project\amazon"/>
    <property name="file.separator" value="\"/>
    <property name="line.separator" value="&#10;"/>
    <property name="java.vm.specification.vendor" value="Oracle Corporation"/>
    <property name="java.specification.name" value="Java Platform API Specification"/>
    <property name="java.awt.graphicsenv" value="sun.awt.Win32GraphicsEnvironment"/>
    <property name="surefire.real.class.path" value="C:\Users\Saeed\AppData\Local\Temp\surefire9054651193189735298\surefirebooter8421505627775304539.jar"/>
    <property name="sun.boot.class.path" value="C:\Program Files\Java\jdk\jre\lib\resources.jar;C:\Program Files\Java\jdk\jre\lib\rt.jar;C:\Program Files\Java\jdk\jre\lib\sunrsasign.jar;C:\Program Files\Java\jdk\jre\lib\jsse.jar;C:\Program Files\Java\jdk\jre\lib\jce.jar;C:\Program Files\Java\jdk\jre\lib\charsets.jar;C:\Program Files\Java\jdk\jre\lib\jfr.jar;C:\Program Files\Java\jdk\jre\classes"/>
    <property name="user.script" value=""/>
    <property name="sun.management.compiler" value="HotSpot 64-Bit Tiered Compilers"/>
    <property name="java.runtime.version" value="1.8.0_192-b12"/>
    <property name="user.name" value="Saeed"/>
    <property name="path.separator" value=";"/>
    <property name="os.version" value="10.0"/>
    <property name="java.endorsed.dirs" value="C:\Program Files\Java\jdk\jre\lib\endorsed"/>
    <property name="java.runtime.name" value="Java(TM) SE Runtime Environment"/>
    <property name="file.encoding" value="Cp1252"/>
    <property name="java.vm.name" value="Java HotSpot(TM) 64-Bit Server VM"/>
    <property name="localRepository" value="C:\Users\Saeed\.m2\repository"/>
    <property name="java.vendor.url.bug" value="http://bugreport.sun.com/bugreport/"/>
    <property name="java.io.tmpdir" value="C:\Users\Saeed\AppData\Local\Temp\"/>
    <property name="idea.version" value="2018.3"/>
    <property name="java.version" value="1.8.0_192"/>
    <property name="user.dir" value="C:\Users\Saeed\Desktop\developer\Group_Project\amazon"/>
    <property name="os.arch" value="amd64"/>
    <property name="java.vm.specification.name" value="Java Virtual Machine Specification"/>
    <property name="java.awt.printerjob" value="sun.awt.windows.WPrinterJob"/>
    <property name="sun.os.patch.level" value=""/>
    <property name="java.library.path" value="C:\Program Files\Java\jdk\jre\bin;C:\WINDOWS\Sun\Java\bin;C:\WINDOWS\system32;C:\WINDOWS;C:\Program Files\Java\jdk\bin;C:\Program Files (x86)\Intel\iCLS Client\;C:\Program Files\Intel\iCLS Client\;C:\WINDOWS\system32;C:\WINDOWS;C:\WINDOWS\System32\Wbem;C:\WINDOWS\System32\WindowsPowerShell\v1.0\;C:\Program Files (x86)\Intel\Intel(R) Management Engine Components\DAL;C:\Program Files\Intel\Intel(R) Management Engine Components\DAL;C:\Program Files (x86)\Intel\Intel(R) Management Engine Components\IPT;C:\Program Files\Intel\Intel(R) Management Engine Components\IPT;C:\WINDOWS\System32\OpenSSH\;C:\Program Files\Intel\WiFi\bin\;C:\Program Files\Common Files\Intel\WirelessCommon\;C:\Program Files\Git\cmd;C:\Program Files\Git\mingw64\bin;C:\Program Files\Git\usr\bin;C:\Program Files\MySQL\MySQL Server 8.0\bin;C:\Program Files (x86)\Jenkins\apache-maven-3.6.0\apache-maven\src\bin;C:\Program Files (x86)\apache-maven-3.6.0\bin;C:\Users\Saeed\AppData\Local\Microsoft\WindowsApps;."/>
    <property name="java.vm.info" value="mixed mode"/>
    <property name="java.vendor" value="Oracle Corporation"/>
    <property name="java.vm.version" value="25.192-b12"/>
    <property name="java.ext.dirs" value="C:\Program Files\Java\jdk\jre\lib\ext;C:\WINDOWS\Sun\Java\lib\ext"/>
    <property name="sun.io.unicode.encoding" value="UnicodeLittle"/>
    <property name="java.class.version" value="52.0"/>
  </properties>
  <testcase name="amazonPaymentProductsTest" classname="test.pageobjects.TestFooterTopLinks" time="60.419">
    <failure message="Unable to locate element: Shop with Points&#10;For documentation on this error, please visit: https://www.seleniumhq.org/exceptions/no_such_element.html&#10;Build info: version: &apos;3.141.59&apos;, revision: &apos;e82be7d358&apos;, time: &apos;2018-11-14T08:17:03&apos;&#10;System info: host: &apos;DESKTOP-U948LCS&apos;, ip: &apos;10.11.11.100&apos;, os.name: &apos;Windows 10&apos;, os.arch: &apos;amd64&apos;, os.version: &apos;10.0&apos;, java.version: &apos;1.8.0_192&apos;&#10;Driver info: org.openqa.selenium.firefox.FirefoxDriver&#10;Capabilities {acceptInsecureCerts: true, browserName: firefox, browserVersion: 64.0, javascriptEnabled: true, moz:accessibilityChecks: false, moz:geckodriverVersion: 0.23.0, moz:headless: false, moz:processID: 1096, moz:profile: C:\Users\Saeed\AppData\Loca..., moz:shutdownTimeout: 60000, moz:useNonSpecCompliantPointerOrigin: false, moz:webdriverClick: true, pageLoadStrategy: normal, platform: WINDOWS, platformName: WINDOWS, platformVersion: 10.0, rotatable: false, setWindowRect: true, timeouts: {implicit: 0, pageLoad: 300000, script: 30000}, unhandledPromptBehavior: dismiss and notify}&#10;Session ID: d0f676b2-77e5-4bcf-a2f2-8b9f3690dd89&#10;*** Element info: {Using=partial link text, value=Shop with Points}" type="org.openqa.selenium.NoSuchElementException">org.openqa.selenium.NoSuchElementException: 
Unable to locate element: Shop with Points
For documentation on this error, please visit: https://www.seleniumhq.org/exceptions/no_such_element.html
Build info: version: '3.141.59', revision: 'e82be7d358', time: '2018-11-14T08:17:03'
System info: host: 'DESKTOP-U948LCS', ip: '10.11.11.100', os.name: 'Windows 10', os.arch: 'amd64', os.version: '10.0', java.version: '1.8.0_192'
Driver info: org.openqa.selenium.firefox.FirefoxDriver
Capabilities {acceptInsecureCerts: true, browserName: firefox, browserVersion: 64.0, javascriptEnabled: true, moz:accessibilityChecks: false, moz:geckodriverVersion: 0.23.0, moz:headless: false, moz:processID: 1096, moz:profile: C:\Users\Saeed\AppData\Loca..., moz:shutdownTimeout: 60000, moz:useNonSpecCompliantPointerOrigin: false, moz:webdriverClick: true, pageLoadStrategy: normal, platform: WINDOWS, platformName: WINDOWS, platformVersion: 10.0, rotatable: false, setWindowRect: true, timeouts: {implicit: 0, pageLoad: 300000, script: 30000}, unhandledPromptBehavior: dismiss and notify}
Session ID: d0f676b2-77e5-4bcf-a2f2-8b9f3690dd89
*** Element info: {Using=partial link text, value=Shop with Points}
	at test.pageobjects.TestFooterTopLinks.amazonPaymentProductsTest(TestFooterTopLinks.java:21)
</failure>
    <system-err><![CDATA[Dec 26, 2018 4:40:24 PM org.openqa.selenium.remote.DesiredCapabilities firefox
INFO: Using `new FirefoxOptions()` is preferred to `DesiredCapabilities.firefox()`
1545860426123	mozrunner::runner	INFO	Running command: "C:\\Program Files (x86)\\Mozilla Firefox\\firefox.exe" "-marionette" "--start-maximized" "--ignore-certificate-errors" "--private" "-foreground" "-no-remote" "-profile" "C:\\Users\\Saeed\\AppData\\Local\\Temp\\rust_mozprofile.YG0gkcdQqvFy"
1545860427792	addons.webextension.screenshots@mozilla.org	WARN	Loading extension 'screenshots@mozilla.org': Reading manifest: Invalid host permission: resource://pdf.js/
1545860427800	addons.webextension.screenshots@mozilla.org	WARN	Loading extension 'screenshots@mozilla.org': Reading manifest: Invalid host permission: about:reader*
1545860432351	Marionette	INFO	Listening on port 60644
1545860432510	Marionette	WARN	TLS certificate errors will be ignored for this session
Dec 26, 2018 4:40:32 PM org.openqa.selenium.remote.ProtocolHandshake createSession
INFO: Detected dialect: W3C
]]></system-err>
  </testcase>
  <testcase name="getToKnowUsTest" classname="test.pageobjects.TestFooterTopLinks" time="3.559">
    <failure message="Failed to convert data to an object&#10;Build info: version: &apos;3.141.59&apos;, revision: &apos;e82be7d358&apos;, time: &apos;2018-11-14T08:17:03&apos;&#10;System info: host: &apos;DESKTOP-U948LCS&apos;, ip: &apos;10.11.11.100&apos;, os.name: &apos;Windows 10&apos;, os.arch: &apos;amd64&apos;, os.version: &apos;10.0&apos;, java.version: &apos;1.8.0_192&apos;&#10;Driver info: org.openqa.selenium.firefox.FirefoxDriver&#10;Capabilities {acceptInsecureCerts: true, browserName: firefox, browserVersion: 64.0, javascriptEnabled: true, moz:accessibilityChecks: false, moz:geckodriverVersion: 0.23.0, moz:headless: false, moz:processID: 5924, moz:profile: C:\Users\Saeed\AppData\Loca..., moz:shutdownTimeout: 60000, moz:useNonSpecCompliantPointerOrigin: false, moz:webdriverClick: true, pageLoadStrategy: normal, platform: WINDOWS, platformName: WINDOWS, platformVersion: 10.0, rotatable: false, setWindowRect: true, timeouts: {implicit: 0, pageLoad: 300000, script: 30000}, unhandledPromptBehavior: dismiss and notify}&#10;Session ID: a1eb259f-1a0f-49cf-846a-ee1042d1ffbb&#10;*** Element info: {Using=partial link text, value=Careers}" type="org.openqa.selenium.WebDriverException">org.openqa.selenium.WebDriverException: 
Failed to convert data to an object
Build info: version: '3.141.59', revision: 'e82be7d358', time: '2018-11-14T08:17:03'
System info: host: 'DESKTOP-U948LCS', ip: '10.11.11.100', os.name: 'Windows 10', os.arch: 'amd64', os.version: '10.0', java.version: '1.8.0_192'
Driver info: org.openqa.selenium.firefox.FirefoxDriver
Capabilities {acceptInsecureCerts: true, browserName: firefox, browserVersion: 64.0, javascriptEnabled: true, moz:accessibilityChecks: false, moz:geckodriverVersion: 0.23.0, moz:headless: false, moz:processID: 5924, moz:profile: C:\Users\Saeed\AppData\Loca..., moz:shutdownTimeout: 60000, moz:useNonSpecCompliantPointerOrigin: false, moz:webdriverClick: true, pageLoadStrategy: normal, platform: WINDOWS, platformName: WINDOWS, platformVersion: 10.0, rotatable: false, setWindowRect: true, timeouts: {implicit: 0, pageLoad: 300000, script: 30000}, unhandledPromptBehavior: dismiss and notify}
Session ID: a1eb259f-1a0f-49cf-846a-ee1042d1ffbb
*** Element info: {Using=partial link text, value=Careers}
	at test.pageobjects.TestFooterTopLinks.getToKnowUsTest(TestFooterTopLinks.java:34)
</failure>
    <system-err><![CDATA[1545860498687	Marionette	INFO	Stopped listening on port 60644
[Child 15824, Chrome_ChildThread] WARNING: pipe error: 109: file z:/build/build/src/ipc/chromium/src/chrome/common/ipc_channel_win.cc, line 346
[Child 15824, Chrome_ChildThread] WARNING: pipe error: 109: file z:/build/build/src/ipc/chromium/src/chrome/common/ipc_channel_win.cc, line 346
[Parent 1096, Gecko_IOThread] WARNING: pipe error: 109: file z:/build/build/src/ipc/chromium/src/chrome/common/ipc_channel_win.cc, line 346
[Parent 1096, Gecko_IOThread] WARNING: pipe error: 109: file z:/build/build/src/ipc/chromium/src/chrome/common/ipc_channel_win.cc, line 346

###!!! [Child][RunMessage] Error: Channel closing: too late to send/recv, messages will be lost


###!!! [Child][MessageChannel::SendAndWait] Error: Channel error: cannot send/recv

Dec 26, 2018 4:41:40 PM org.openqa.selenium.remote.DesiredCapabilities firefox
INFO: Using `new FirefoxOptions()` is preferred to `DesiredCapabilities.firefox()`
1545860501368	mozrunner::runner	INFO	Running command: "C:\\Program Files (x86)\\Mozilla Firefox\\firefox.exe" "-marionette" "--start-maximized" "--ignore-certificate-errors" "--private" "-foreground" "-no-remote" "-profile" "C:\\Users\\Saeed\\AppData\\Local\\Temp\\rust_mozprofile.xcr4czL29YSr"
1545860502826	addons.webextension.screenshots@mozilla.org	WARN	Loading extension 'screenshots@mozilla.org': Reading manifest: Invalid host permission: resource://pdf.js/
1545860502826	addons.webextension.screenshots@mozilla.org	WARN	Loading extension 'screenshots@mozilla.org': Reading manifest: Invalid host permission: about:reader*
1545860508147	Marionette	INFO	Listening on port 60790
1545860508505	Marionette	WARN	TLS certificate errors will be ignored for this session
Dec 26, 2018 4:41:48 PM org.openqa.selenium.remote.ProtocolHandshake createSession
INFO: Detected dialect: W3C
]]></system-err>
  </testcase>
  <testcase name="closeOut" classname="test.pageobjects.TestFooterTopLinks" time="7.577">
    <failure message="Failed to decode response from marionette&#10;Build info: version: &apos;3.141.59&apos;, revision: &apos;e82be7d358&apos;, time: &apos;2018-11-14T08:17:03&apos;&#10;System info: host: &apos;DESKTOP-U948LCS&apos;, ip: &apos;10.11.11.100&apos;, os.name: &apos;Windows 10&apos;, os.arch: &apos;amd64&apos;, os.version: &apos;10.0&apos;, java.version: &apos;1.8.0_192&apos;&#10;Driver info: org.openqa.selenium.firefox.FirefoxDriver&#10;Capabilities {acceptInsecureCerts: true, browserName: firefox, browserVersion: 64.0, javascriptEnabled: true, moz:accessibilityChecks: false, moz:geckodriverVersion: 0.23.0, moz:headless: false, moz:processID: 5924, moz:profile: C:\Users\Saeed\AppData\Loca..., moz:shutdownTimeout: 60000, moz:useNonSpecCompliantPointerOrigin: false, moz:webdriverClick: true, pageLoadStrategy: normal, platform: WINDOWS, platformName: WINDOWS, platformVersion: 10.0, rotatable: false, setWindowRect: true, timeouts: {implicit: 0, pageLoad: 300000, script: 30000}, unhandledPromptBehavior: dismiss and notify}&#10;Session ID: a1eb259f-1a0f-49cf-846a-ee1042d1ffbb" type="org.openqa.selenium.WebDriverException">org.openqa.selenium.WebDriverException: 
Failed to decode response from marionette
Build info: version: '3.141.59', revision: 'e82be7d358', time: '2018-11-14T08:17:03'
System info: host: 'DESKTOP-U948LCS', ip: '10.11.11.100', os.name: 'Windows 10', os.arch: 'amd64', os.version: '10.0', java.version: '1.8.0_192'
Driver info: org.openqa.selenium.firefox.FirefoxDriver
Capabilities {acceptInsecureCerts: true, browserName: firefox, browserVersion: 64.0, javascriptEnabled: true, moz:accessibilityChecks: false, moz:geckodriverVersion: 0.23.0, moz:headless: false, moz:processID: 5924, moz:profile: C:\Users\Saeed\AppData\Loca..., moz:shutdownTimeout: 60000, moz:useNonSpecCompliantPointerOrigin: false, moz:webdriverClick: true, pageLoadStrategy: normal, platform: WINDOWS, platformName: WINDOWS, platformVersion: 10.0, rotatable: false, setWindowRect: true, timeouts: {implicit: 0, pageLoad: 300000, script: 30000}, unhandledPromptBehavior: dismiss and notify}
Session ID: a1eb259f-1a0f-49cf-846a-ee1042d1ffbb
</failure>
    <system-err><![CDATA[[Child 27432, Chrome_ChildThread] WARNING: pipe error: 109: file z:/build/build/src/ipc/chromium/src/chrome/common/ipc_channel_win.cc, line 346
[Child 28312, Chrome_ChildThread] WARNING: pipe error: 109: file z:/build/buil[Parent 5924, Gecko_IOThread] WARNING: pipe error: 109: file z:/build/build/src/ipc/chromium/src/chrome/common/ipc_channel_win.cc, line 346
d/src/ipc/chromium/src/chrome/common/ipc_channel_win.cc, line 346
[Child 28312, Chrome_ChildThread] WARNING: pipe error: 109: file z:/build/build/src/ipc/chromium/src/chrome/common/ipc_channel_win.cc, line 346
1545860518681	Marionette	INFO	Stopped listening on port 60790

###!!! [Child][RunMessage] Error: Channel closing: too late to send/recv, messages will be lost


###!!! [Child][MessageChannel::SendAndWait] Error: Channel error: cannot send/recv

]]></system-err>
  </testcase>
  <testcase name="closeOut" classname="test.pageobjects.TestFooterTopLinks" time="0">
    <skipped/>
  </testcase>
  <testcase name="closeOut" classname="test.pageobjects.TestFooterTopLinks" time="0">
    <skipped/>
  </testcase>
  <testcase name="closeOut" classname="test.pageobjects.TestFooterTopLinks" time="0">
    <skipped/>
  </testcase>
  <testcase name="closeOut" classname="test.pageobjects.TestFooterTopLinks" time="0">
    <skipped/>
  </testcase>
  <testcase name="setUp" classname="test.pageobjects.TestFooterTopLinks" time="0">
    <skipped/>
  </testcase>
  <testcase name="setUp" classname="test.pageobjects.TestFooterTopLinks" time="0">
    <skipped/>
  </testcase>
  <testcase name="setUp" classname="test.pageobjects.TestFooterTopLinks" time="0">
    <skipped/>
  </testcase>
  <testcase name="setUp" classname="test.pageobjects.TestFooterTopLinks" time="0">
    <skipped/>
  </testcase>
  <testcase name="initializationOfOnjects" classname="test.pageobjects.TestFooterTopLinks" time="0">
    <skipped/>
  </testcase>
  <testcase name="initializationOfOnjects" classname="test.pageobjects.TestFooterTopLinks" time="0">
    <skipped/>
  </testcase>
  <testcase name="initializationOfOnjects" classname="test.pageobjects.TestFooterTopLinks" time="0">
    <skipped/>
  </testcase>
  <testcase name="initializationOfOnjects" classname="test.pageobjects.TestFooterTopLinks" time="0">
    <skipped/>
  </testcase>
  <testcase name="laguageTabTest" classname="test.pageobjects.TestFooterTopLinks" time="0">
    <skipped/>
  </testcase>
  <testcase name="letUsHelpYouTest" classname="test.pageobjects.TestFooterTopLinks" time="0">
    <skipped/>
  </testcase>
  <testcase name="makeMoneyWithUsTest" classname="test.pageobjects.TestFooterTopLinks" time="0">
    <skipped/>
  </testcase>
  <testcase name="countryTabTest" classname="test.pageobjects.TestFooterTopLinks" time="0">
    <skipped/>
  </testcase>
  <testcase name="setUp" classname="test.pageobjects.TestLogIn" time="0">
    <skipped/>
  </testcase>
  <testcase name="setUp" classname="test.pageobjects.TestLogIn" time="0">
    <skipped/>
  </testcase>
  <testcase name="setUp" classname="test.pageobjects.TestLogIn" time="0">
    <skipped/>
  </testcase>
  <testcase name="setUp" classname="test.pageobjects.TestLogIn" time="0">
    <skipped/>
  </testcase>
  <testcase name="setUp" classname="test.pageobjects.TestLogIn" time="0">
    <skipped/>
  </testcase>
  <testcase name="initializationOfObject" classname="test.pageobjects.TestLogIn" time="0">
    <skipped/>
  </testcase>
  <testcase name="initializationOfObject" classname="test.pageobjects.TestLogIn" time="0">
    <skipped/>
  </testcase>
  <testcase name="initializationOfObject" classname="test.pageobjects.TestLogIn" time="0">
    <skipped/>
  </testcase>
  <testcase name="initializationOfObject" classname="test.pageobjects.TestLogIn" time="0">
    <skipped/>
  </testcase>
  <testcase name="initializationOfObject" classname="test.pageobjects.TestLogIn" time="0">
    <skipped/>
  </testcase>
  <testcase name="completeLoginTest" classname="test.pageobjects.TestLogIn" time="0">
    <skipped/>
  </testcase>
  <testcase name="closeOut" classname="test.pageobjects.TestLogIn" time="0">
    <skipped/>
  </testcase>
  <testcase name="closeOut" classname="test.pageobjects.TestLogIn" time="0">
    <skipped/>
  </testcase>
  <testcase name="closeOut" classname="test.pageobjects.TestLogIn" time="0">
    <skipped/>
  </testcase>
  <testcase name="closeOut" classname="test.pageobjects.TestLogIn" time="0">
    <skipped/>
  </testcase>
  <testcase name="closeOut" classname="test.pageobjects.TestLogIn" time="0">
    <skipped/>
  </testcase>
  <testcase name="emailTest" classname="test.pageobjects.TestLogIn" time="0">
    <skipped/>
  </testcase>
  <testcase name="loginTest" classname="test.pageobjects.TestLogIn" time="0">
    <skipped/>
  </testcase>
  <testcase name="passwordTest" classname="test.pageobjects.TestLogIn" time="0">
    <skipped/>
  </testcase>
  <testcase name="signInButtonTest" classname="test.pageobjects.TestLogIn" time="0">
    <skipped/>
  </testcase>
  <testcase name="setUp" classname="test.pageobjects.TestNavigationBar1" time="0">
    <skipped/>
  </testcase>
  <testcase name="setUp" classname="test.pageobjects.TestNavigationBar1" time="0">
    <skipped/>
  </testcase>
  <testcase name="setUp" classname="test.pageobjects.TestNavigationBar1" time="0">
    <skipped/>
  </testcase>
  <testcase name="setUp" classname="test.pageobjects.TestNavigationBar1" time="0">
    <skipped/>
  </testcase>
  <testcase name="setUp" classname="test.pageobjects.TestNavigationBar1" time="0">
    <skipped/>
  </testcase>
  <testcase name="setUp" classname="test.pageobjects.TestNavigationBar1" time="0">
    <skipped/>
  </testcase>
  <testcase name="setUp" classname="test.pageobjects.TestNavigationBar1" time="0">
    <skipped/>
  </testcase>
  <testcase name="initilization" classname="test.pageobjects.TestNavigationBar1" time="0">
    <skipped/>
  </testcase>
  <testcase name="initilization" classname="test.pageobjects.TestNavigationBar1" time="0">
    <skipped/>
  </testcase>
  <testcase name="initilization" classname="test.pageobjects.TestNavigationBar1" time="0">
    <skipped/>
  </testcase>
  <testcase name="initilization" classname="test.pageobjects.TestNavigationBar1" time="0">
    <skipped/>
  </testcase>
  <testcase name="initilization" classname="test.pageobjects.TestNavigationBar1" time="0">
    <skipped/>
  </testcase>
  <testcase name="initilization" classname="test.pageobjects.TestNavigationBar1" time="0">
    <skipped/>
  </testcase>
  <testcase name="initilization" classname="test.pageobjects.TestNavigationBar1" time="0">
    <skipped/>
  </testcase>
  <testcase name="giftcards" classname="test.pageobjects.TestNavigationBar1" time="0">
    <skipped/>
  </testcase>
  <testcase name="closeOut" classname="test.pageobjects.TestNavigationBar1" time="0">
    <skipped/>
  </testcase>
  <testcase name="closeOut" classname="test.pageobjects.TestNavigationBar1" time="0">
    <skipped/>
  </testcase>
  <testcase name="closeOut" classname="test.pageobjects.TestNavigationBar1" time="0">
    <skipped/>
  </testcase>
  <testcase name="closeOut" classname="test.pageobjects.TestNavigationBar1" time="0">
    <skipped/>
  </testcase>
  <testcase name="closeOut" classname="test.pageobjects.TestNavigationBar1" time="0">
    <skipped/>
  </testcase>
  <testcase name="closeOut" classname="test.pageobjects.TestNavigationBar1" time="0">
    <skipped/>
  </testcase>
  <testcase name="closeOut" classname="test.pageobjects.TestNavigationBar1" time="0">
    <skipped/>
  </testcase>
  <testcase name="helpTest" classname="test.pageobjects.TestNavigationBar1" time="0">
    <skipped/>
  </testcase>
  <testcase name="registryTest" classname="test.pageobjects.TestNavigationBar1" time="0">
    <skipped/>
  </testcase>
  <testcase name="sellTest" classname="test.pageobjects.TestNavigationBar1" time="0">
    <skipped/>
  </testcase>
  <testcase name="wholeFoodsTest" classname="test.pageobjects.TestNavigationBar1" time="0">
    <skipped/>
  </testcase>
  <testcase name="yearEndDealsTest" classname="test.pageobjects.TestNavigationBar1" time="0">
    <skipped/>
  </testcase>
  <testcase name="yourAmazonTest" classname="test.pageobjects.TestNavigationBar1" time="0">
    <skipped/>
  </testcase>
  <testcase name="setUp" classname="test.pageobjects.TestSeachBox" time="0">
    <skipped/>
  </testcase>
  <testcase name="setUp" classname="test.pageobjects.TestSeachBox" time="0">
    <skipped/>
  </testcase>
  <testcase name="setUp" classname="test.pageobjects.TestSeachBox" time="0">
    <skipped/>
  </testcase>
  <testcase name="setUp" classname="test.pageobjects.TestSeachBox" time="0">
    <skipped/>
  </testcase>
  <testcase name="initializationOfObjects" classname="test.pageobjects.TestSeachBox" time="0">
    <skipped/>
  </testcase>
  <testcase name="initializationOfObjects" classname="test.pageobjects.TestSeachBox" time="0">
    <skipped/>
  </testcase>
  <testcase name="initializationOfObjects" classname="test.pageobjects.TestSeachBox" time="0">
    <skipped/>
  </testcase>
  <testcase name="initializationOfObjects" classname="test.pageobjects.TestSeachBox" time="0">
    <skipped/>
  </testcase>
  <testcase name="dropdownListTest" classname="test.pageobjects.TestSeachBox" time="0">
    <skipped/>
  </testcase>
  <testcase name="closeOut" classname="test.pageobjects.TestSeachBox" time="0">
    <skipped/>
  </testcase>
  <testcase name="closeOut" classname="test.pageobjects.TestSeachBox" time="0">
    <skipped/>
  </testcase>
  <testcase name="closeOut" classname="test.pageobjects.TestSeachBox" time="0">
    <skipped/>
  </testcase>
  <testcase name="closeOut" classname="test.pageobjects.TestSeachBox" time="0">
    <skipped/>
  </testcase>
  <testcase name="searchBoxTest" classname="test.pageobjects.TestSeachBox" time="0">
    <skipped/>
  </testcase>
  <testcase name="searchBoxTextTest" classname="test.pageobjects.TestSeachBox" time="0">
    <skipped/>
  </testcase>
  <testcase name="searchIconTest" classname="test.pageobjects.TestSeachBox" time="0">
    <skipped/>
  </testcase>
  <testcase name="setUp" classname="test.regular.HomePageTest" time="0">
    <skipped/>
  </testcase>
  <testcase name="setUp" classname="test.regular.HomePageTest" time="0">
    <skipped/>
  </testcase>
  <testcase name="setUp" classname="test.regular.HomePageTest" time="0">
    <skipped/>
  </testcase>
  <testcase name="setUp" classname="test.regular.HomePageTest" time="0">
    <skipped/>
  </testcase>
  <testcase name="setUp" classname="test.regular.HomePageTest" time="0">
    <skipped/>
  </testcase>
  <testcase name="setUp" classname="test.regular.HomePageTest" time="0">
    <skipped/>
  </testcase>
  <testcase name="titleTest" classname="test.regular.HomePageTest" time="0">
    <skipped/>
  </testcase>
  <testcase name="titleTest" classname="test.regular.HomePageTest" time="0">
    <skipped/>
  </testcase>
  <testcase name="titleTest" classname="test.regular.HomePageTest" time="0">
    <skipped/>
  </testcase>
  <testcase name="titleTest" classname="test.regular.HomePageTest" time="0">
    <skipped/>
  </testcase>
  <testcase name="titleTest" classname="test.regular.HomePageTest" time="0">
    <skipped/>
  </testcase>
  <testcase name="titleTest" classname="test.regular.HomePageTest" time="0">
    <skipped/>
  </testcase>
  <testcase name="addressTest" classname="test.regular.HomePageTest" time="0">
    <skipped/>
  </testcase>
  <testcase name="closeOut" classname="test.regular.HomePageTest" time="0">
    <skipped/>
  </testcase>
  <testcase name="closeOut" classname="test.regular.HomePageTest" time="0">
    <skipped/>
  </testcase>
  <testcase name="closeOut" classname="test.regular.HomePageTest" time="0">
    <skipped/>
  </testcase>
  <testcase name="closeOut" classname="test.regular.HomePageTest" time="0">
    <skipped/>
  </testcase>
  <testcase name="closeOut" classname="test.regular.HomePageTest" time="0">
    <skipped/>
  </testcase>
  <testcase name="closeOut" classname="test.regular.HomePageTest" time="0">
    <skipped/>
  </testcase>
  <testcase name="cartTest" classname="test.regular.HomePageTest" time="0">
    <skipped/>
  </testcase>
  <testcase name="checkIconTest" classname="test.regular.HomePageTest" time="0">
    <skipped/>
  </testcase>
  <testcase name="generalLinksTest" classname="test.regular.HomePageTest" time="0">
    <skipped/>
  </testcase>
  <testcase name="checkIcon2Test" classname="test.regular.HomePageTest" time="0">
    <skipped/>
  </testcase>
  <testcase name="primeTryTest" classname="test.regular.HomePageTest" time="0">
    <skipped/>
  </testcase>
  <testcase name="setUp" classname="test.regular.HomeSearchBoxTest" time="0">
    <skipped/>
  </testcase>
  <testcase name="setUp" classname="test.regular.HomeSearchBoxTest" time="0">
    <skipped/>
  </testcase>
  <testcase name="setUp" classname="test.regular.HomeSearchBoxTest" time="0">
    <skipped/>
  </testcase>
  <testcase name="setUp" classname="test.regular.HomeSearchBoxTest" time="0">
    <skipped/>
  </testcase>
  <testcase name="setUp" classname="test.regular.HomeSearchBoxTest" time="0">
    <skipped/>
  </testcase>
  <testcase name="setUp" classname="test.regular.HomeSearchBoxTest" time="0">
    <skipped/>
  </testcase>
  <testcase name="setUp" classname="test.regular.HomeSearchBoxTest" time="0">
    <skipped/>
  </testcase>
  <testcase name="titleTest" classname="test.regular.HomeSearchBoxTest" time="0">
    <skipped/>
  </testcase>
  <testcase name="titleTest" classname="test.regular.HomeSearchBoxTest" time="0">
    <skipped/>
  </testcase>
  <testcase name="titleTest" classname="test.regular.HomeSearchBoxTest" time="0">
    <skipped/>
  </testcase>
  <testcase name="titleTest" classname="test.regular.HomeSearchBoxTest" time="0">
    <skipped/>
  </testcase>
  <testcase name="titleTest" classname="test.regular.HomeSearchBoxTest" time="0">
    <skipped/>
  </testcase>
  <testcase name="titleTest" classname="test.regular.HomeSearchBoxTest" time="0">
    <skipped/>
  </testcase>
  <testcase name="titleTest" classname="test.regular.HomeSearchBoxTest" time="0">
    <skipped/>
  </testcase>
  <testcase name="searchBoxEnterTest" classname="test.regular.HomeSearchBoxTest" time="0">
    <skipped/>
  </testcase>
  <testcase name="closeOut" classname="test.regular.HomeSearchBoxTest" time="0">
    <skipped/>
  </testcase>
  <testcase name="closeOut" classname="test.regular.HomeSearchBoxTest" time="0">
    <skipped/>
  </testcase>
  <testcase name="closeOut" classname="test.regular.HomeSearchBoxTest" time="0">
    <skipped/>
  </testcase>
  <testcase name="closeOut" classname="test.regular.HomeSearchBoxTest" time="0">
    <skipped/>
  </testcase>
  <testcase name="closeOut" classname="test.regular.HomeSearchBoxTest" time="0">
    <skipped/>
  </testcase>
  <testcase name="closeOut" classname="test.regular.HomeSearchBoxTest" time="0">
    <skipped/>
  </testcase>
  <testcase name="closeOut" classname="test.regular.HomeSearchBoxTest" time="0">
    <skipped/>
  </testcase>
  <testcase name="searchBoxTest" classname="test.regular.HomeSearchBoxTest" time="0">
    <skipped/>
  </testcase>
  <testcase name="searchButtonTest" classname="test.regular.HomeSearchBoxTest" time="0">
    <skipped/>
  </testcase>
  <testcase name="accountListDropDownTest" classname="test.regular.HomeSearchBoxTest" time="0">
    <skipped/>
  </testcase>
  <testcase name="dropDownBoxTest" classname="test.regular.HomeSearchBoxTest" time="0">
    <skipped/>
  </testcase>
  <testcase name="mainMenuTest" classname="test.regular.HomeSearchBoxTest" time="0">
    <skipped/>
  </testcase>
  <testcase name="radioDropDownTest" classname="test.regular.HomeSearchBoxTest" time="0">
    <skipped/>
  </testcase>
</testsuite>