
<!DOCTYPE html>
<html>
	<head>
		<!--
			ExtentReports Library 2.41.1 | http://relevantcodes.com/extentreports-for-selenium/ | https://github.com/anshooarora/
			Copyright (c) 2015, Anshoo Arora (Relevant Codes) | Copyrights licensed under the New BSD License | http://opensource.org/licenses/BSD-3-Clause
			Documentation: http://extentreports.relevantcodes.com 
		-->

		<meta charset='UTF-8' /> 
		<meta name='description' content='ExtentReports (by Anshoo Arora) is a reporting library for automation testing for .NET and Java. It creates detailed and beautiful HTML reports for modern browsers. ExtentReports shows test and step summary along with dashboards, system and environment details for quick analysis of your tests.' />
		<meta name='robots' content='noodp, noydir' />
		<meta name='viewport' content='width=device-width, initial-scale=1' />
		<meta name='extentx' id='extentx' content='' />
		
		<title>
				ExtentReports 2.0
		</title>
		
		
		<link href='https://fonts.googleapis.com/css?family=Source+Sans+Pro:400,600' rel='stylesheet' type='text/css'>
		<link href='https://cdn.rawgit.com/anshooarora/extentreports/45123d736a03aca0abc5c4fcf1e746fef49736fd/cdn/extent.css' type='text/css' rel='stylesheet' />
		
		<style>
				
            
                
            
        
		</style>
	</head>
	
	
	<body class='extent default standard hide-overflow'>
		<!-- nav -->
		<nav>
			<div class='logo-container blue darken-2'>
				<a class='logo-content' href='http://extentreports.relevantcodes.com'>
					<span>ExtentReports</span>
				</a>
				<a href='#' data-activates='slide-out' class='button-collapse hide-on-large-only'><i class='mdi-navigation-apps'></i></a>
			</div>
			<ul id='slide-out' class='side-nav fixed hide-on-med-and-down'>
				<li class='analysis waves-effect active'><a href='#!' class='test-view' onclick="_updateCurrentStage(0)"><i class='mdi-action-dashboard'></i>Test Details</a></li>
					<li class='analysis waves-effect'><a href='#!' class='categories-view' onclick="_updateCurrentStage(1)"><i class='mdi-maps-local-offer'></i>Categories</a></li>
				<li class='analysis waves-effect'>
					<a href='#!' onclick="_updateCurrentStage(-1)" class='dashboard-view'><i class='mdi-action-track-changes'></i></i>Analysis</a>
				</li>
			</ul>
			<span class='report-name'>Automation Report</span> <span class='report-headline'></span>
			<ul class='right hide-on-med-and-down nav-right'>
				<li class='theme-selector' alt='Click to toggle dark theme. To enable by default, use js configuration $("body").addClass("dark");' title='Click to toggle dark theme. To enable by default, use js configuration $("body").addClass("dark");'>
					<i class='mdi-hardware-desktop-windows'></i>
				</li>
				<li>
					<span class='suite-started-time'>2019-01-02 13:55:55</span>
				</li>
				<li>
					<span>v2.41.1</span>
				</li>
			</ul>
		</nav>
		<!-- /nav -->
		
		<!-- container -->
		<div class='container'>
			
			<!-- dashboard -->
			<div id='dashboard-view' class='row'>
				<div class='time-totals'>
					<div class='col l2 m4 s6'>
						<div class='card suite-total-tests'> 
							<span class='panel-name'>Total Tests</span> 
							<span class='total-tests'> <span class='panel-lead'></span> </span> 
						</div> 
					</div>
					<div class='col l2 m4 s6'>
						<div class='card suite-total-steps'> 
							<span class='panel-name'>Total Steps</span> 
							<span class='total-steps'> <span class='panel-lead'></span> </span> 
						</div> 
					</div>
					<div class='col l2 m4 s12'>
						<div class='card suite-total-time-current'> 
							<span class='panel-name'>Total Time Taken (Current Run)</span> 
							<span class='suite-total-time-current-value panel-lead'>0h 9m 40s+563ms</span> 
						</div> 
					</div>
					<div class='col l2 m4 s12'>
						<div class='card suite-total-time-overall'> 
							<span class='panel-name'>Total Time Taken (Overall)</span> 
							<span class='suite-total-time-overall-value panel-lead'>0h 9m 40s+563ms</span> 
						</div> 
					</div>
					<div class='col l2 m4 s6 suite-start-time'>
						<div class='card accent green-accent'> 
							<span class='panel-name'>Start</span> 
							<span class='panel-lead suite-started-time'>2019-01-02 13:46:15</span> 
						</div> 
					</div>
					<div class='col l2 m4 s6 suite-end-time'>
						<div class='card accent pink-accent'> 
							<span class='panel-name'>End</span> 
							<span class='panel-lead suite-ended-time'>2019-01-02 13:55:55</span> 
						</div> 
					</div>
				</div>
				<div class='charts'>
					<div class='col s12 m6 l4 fh'> 
						<div class='card-panel'> 
							<div>
								<span class='panel-name'>Tests View</span>
							</div> 
							<div class='panel-setting modal-trigger test-count-setting right'>
								<a href='#test-count-setting'><i class='mdi-navigation-more-vert text-md'></i></a>
							</div> 
							<div class='chart-box'>
								<canvas class='text-centered' id='test-analysis'></canvas>
							</div> 
							<div>
								<span class='weight-light'><span class='t-pass-count weight-normal'></span> test(s) passed</span>
							</div> 
							<div>
								<span class='weight-light'><span class='t-fail-count weight-normal'></span> test(s) failed, <span class='t-others-count weight-normal'></span> others</span>
							</div> 
						</div> 
					</div> 
					<div class='col s12 m6 l4 fh'> 
						<div class='card-panel'> 
							<div>
								<span class='panel-name'>Steps View</span>
							</div> 
							<div class='panel-setting modal-trigger step-status-filter right'>
								<a href='#step-status-filter'><i class='mdi-navigation-more-vert text-md'></i></a>
							</div> 
							<div class='chart-box'>
								<canvas class='text-centered' id='step-analysis'></canvas>
							</div> 
							<div>
								<span class='weight-light'><span class='s-pass-count weight-normal'></span> step(s) passed </span>
							</div> 
							<div>
								<span class='weight-light'><span class='s-fail-count weight-normal'></span> step(s) failed, <span class='s-others-count weight-normal'></span> others</span>
							</div> 
						</div> 
					</div>
					<div class='col s12 m12 l4 fh'> 
						<div class='card-panel'> 
							<span class='panel-name'>Pass Percentage</span> 
							<span class='pass-percentage panel-lead'></span> 
							<div class='progress light-blue lighten-3'> 
								<div class='determinate light-blue'></div> 
							</div> 
						</div> 
					</div>
				</div>
				<div class='system-view'>
					<div class='col l4 m12 s12'>
						<div class='card-panel'>
							<span class='label info outline right'>Environment</span>
							<table>
								<thead>
									<tr>
										<th>Param</th>
										<th>Value</th>
									</tr>
								</thead>
								<tbody>
										<tr>
											<td>User Name</td>
											<td>Team_Three</td>
										</tr>
										<tr>
											<td>OS</td>
											<td>Windows 10</td>
										</tr>
										<tr>
											<td>Java Version</td>
											<td>1.8.0_192</td>
										</tr>
										<tr>
											<td>Host Name</td>
											<td>Tester</td>
										</tr>
										<tr>
											<td>Environment</td>
											<td>QA</td>
										</tr>
								</tbody>
							</table>
						</div>
					</div>
				</div>
					<div class='category-summary-view'>
						<div class='col l4 m6 s12'>
							<div class='card-panel'>
								<span class='label info outline right'>Categories</span>
								<table>
									<thead>
										<tr>
											<th>Name</th>
										</tr>
									</thead>
									<tbody>
											<tr>
												<td>
													ContactsUsTest
												</td>
											</tr>
											<tr>
												<td>
													FooterMenuTest
												</td>
											</tr>
											<tr>
												<td>
													HomePageTest
												</td>
											</tr>
											<tr>
												<td>
													LogInPageTest
												</td>
											</tr>
											<tr>
												<td>
													SearchTest
												</td>
											</tr>
											<tr>
												<td>
													ShoppingCartTest
												</td>
											</tr>
									</tbody>
								</table>
							</div>
						</div>
					</div>
			</div>
			<!-- /dashboard -->
			
			<!-- tests -->
			<div id='test-view' class='row _addedTable'>
				<div class='col _addedCell1'>
					<div class='contents'>
						<div class='card-panel heading'>
							<h5>Tests</h5>
						</div>
						<div class='card-panel filters'>
							<div>
								<a class='dropdown-button btn-floating btn-small waves-effect waves-light grey tests-toggle' data-activates='tests-toggle' data-constrainwidth='true' data-beloworigin='true' data-hover='true' href='#'>
									<i class='mdi-action-reorder'></i>
								</a>
								<ul id='tests-toggle' class='dropdown-content'>
									<li class='pass'><a href='#!'>Pass</a></li>
									<li class='fail'><a href='#!'>Fail</a></li>
									<li class='skip'><a href='#!'>Skip</a></li>
									<li class='divider'></li>
									<li class='clear'><a href='#!'>Clear Filters</a></li>
								</ul>
							</div>
								<div>
									<a class='dropdown-button btn-floating btn-small waves-effect waves-light grey category-toggle' data-activates='category-toggle' data-constrainwidth='false' data-beloworigin='true' data-hover='true' href='#'>
										<i class='mdi-maps-local-offer'></i>
									</a>
									<ul id='category-toggle' class='dropdown-content'>
											<li class='ContactsUsTest'><a href='#!'>ContactsUsTest</a></li>
											<li class='FooterMenuTest'><a href='#!'>FooterMenuTest</a></li>
											<li class='HomePageTest'><a href='#!'>HomePageTest</a></li>
											<li class='LogInPageTest'><a href='#!'>LogInPageTest</a></li>
											<li class='SearchTest'><a href='#!'>SearchTest</a></li>
											<li class='ShoppingCartTest'><a href='#!'>ShoppingCartTest</a></li>
										<li class='divider'></li>
										<li class='clear'><a href='#!'>Clear Filters</a></li>
									</ul>
								</div>
							<div>
								<a class='btn-floating btn-small waves-effect waves-light grey' id='clear-filters' alt='Clear Filters' title='Clear Filters'>
									<i class='mdi-navigation-close'></i>
								</a>
							</div>
							<div>
								<a class='btn-floating btn-small waves-effect waves-light grey' id='enableDashboard' alt='Enable Dashboard' title='Enable Dashboard'>
									<i class='mdi-action-track-changes'></i>
								</a>
							</div>
							<div>
								<a class='btn-floating btn-small waves-effect waves-light blue enabled' id='refreshCharts' alt='Refresh Charts on Filters' title='Refresh Charts on Filters'>
									<i class='mdi-navigation-refresh'></i>
								</a>
							</div>
							<div class='search' alt='Search Tests' title='Search Tests'>
								<div class='input-field left'>
									<input id='searchTests' type='text' class='validate' placeholder='Search Tests...'>
								</div>
								<a href="#" class='btn-floating btn-small waves-effect waves-light grey'>
									<i class='mdi-action-search'></i>
								</a>
							</div>
						</div>
						<div class='card-panel no-padding-h no-padding-v no-margin-v'>
							<div class='wrapper'>
								<ul id='test-collection' class='test-collection'>
										<li class='collection-item test displayed active pass ' extentid='acc8dac9-f256-4ec5-99b4-0a5b38da7cd3'>
											<div class='test-head'>
												<span class='test-name'>searchBarTest </span>
												<span class='test-status label right outline capitalize pass'>pass</span>
												<span class='category-assigned hide  searchtest'></span>
											</div>
											<div class='test-body'>
												<div class='test-info'>
													<span title='Test started time' alt='Test started time' class='test-started-time label green lighten-1 text-white'>2019-01-02 13:46:21</span>
													<span title='Test ended time' alt='Test ended time' class='test-ended-time label red lighten-1 text-white'>2019-01-02 13:46:23</span>
													<span title='Time taken to finish' alt='Time taken to finish' class='test-time-taken label blue-grey lighten-3 text-white'>0h 0m 1s+620ms</span>
												</div>
												<div class='test-desc'></div>
												<div class='test-attributes'>
														<div class='categories'>
																<span class='category text-white'>SearchTest</span>
														</div>
												</div>
												<div class='test-steps'>
													<table class='bordered table-results'>
														<thead>
															<tr>
																<th>Status</th>
																<th>Timestamp</th>
																<th>Details</th>
															</tr>
														</thead>
														<tbody>
																<tr>
																	<td class='status info' title='info' alt='info'><i class='mdi-action-info-outline'></i></td>
																	<td class='timestamp'>13:46:21</td>
																	<td class='step-details'>Click searchIcon<br></td>
																</tr>
																<tr>
																	<td class='status info' title='info' alt='info'><i class='mdi-action-info-outline'></i></td>
																	<td class='timestamp'>13:46:21</td>
																	<td class='step-details'>Clicked searchIcon<br></td>
																</tr>
																<tr>
																	<td class='status info' title='info' alt='info'><i class='mdi-action-info-outline'></i></td>
																	<td class='timestamp'>13:46:21</td>
																	<td class='step-details'>Sending watches to searchTextBox<br></td>
																</tr>
																<tr>
																	<td class='status info' title='info' alt='info'><i class='mdi-action-info-outline'></i></td>
																	<td class='timestamp'>13:46:21</td>
																	<td class='step-details'>Keys Sent to searchTextBox<br></td>
																</tr>
																<tr>
																	<td class='status info' title='info' alt='info'><i class='mdi-action-info-outline'></i></td>
																	<td class='timestamp'>13:46:21</td>
																	<td class='step-details'>Click searchButton<br></td>
																</tr>
																<tr>
																	<td class='status info' title='info' alt='info'><i class='mdi-action-info-outline'></i></td>
																	<td class='timestamp'>13:46:23</td>
																	<td class='step-details'>Clicked searchButton<br></td>
																</tr>
																<tr>
																	<td class='status info' title='info' alt='info'><i class='mdi-action-info-outline'></i></td>
																	<td class='timestamp'>13:46:23</td>
																	<td class='step-details'>Getting Text from text<br></td>
																</tr>
																<tr>
																	<td class='status info' title='info' alt='info'><i class='mdi-action-info-outline'></i></td>
																	<td class='timestamp'>13:46:23</td>
																	<td class='step-details'>Actual text: PERFECT SKULL WATCH AND FREE HAND-MADE EMBROIDERY PURSE BUNDLE<br></td>
																</tr>
																<tr>
																	<td class='status pass' title='pass' alt='pass'><i class='mdi-action-check-circle'></i></td>
																	<td class='timestamp'>13:46:23</td>
																	<td class='step-details'>Test Passed</td>
																</tr>
														</tbody>
													</table>
													<ul class='collapsible node-list' data-collapsible='accordion'>
													</ul>
												</div>
											</div>
										</li>
										<li class='collection-item test displayed active fail ' extentid='063eb246-6b67-401b-b4e8-8c3f21073ee8'>
											<div class='test-head'>
												<span class='test-name'>LogInTest </span>
												<span class='test-status label right outline capitalize fail'>fail</span>
												<span class='category-assigned hide  loginpagetest'></span>
											</div>
											<div class='test-body'>
												<div class='test-info'>
													<span title='Test started time' alt='Test started time' class='test-started-time label green lighten-1 text-white'>2019-01-02 13:46:38</span>
													<span title='Test ended time' alt='Test ended time' class='test-ended-time label red lighten-1 text-white'>2019-01-02 13:47:41</span>
													<span title='Time taken to finish' alt='Time taken to finish' class='test-time-taken label blue-grey lighten-3 text-white'>0h 1m 3s+259ms</span>
												</div>
												<div class='test-desc'></div>
												<div class='test-attributes'>
														<div class='categories'>
																<span class='category text-white'>LogInPageTest</span>
														</div>
												</div>
												<div class='test-steps'>
													<table class='bordered table-results'>
														<thead>
															<tr>
																<th>Status</th>
																<th>Timestamp</th>
																<th>Details</th>
															</tr>
														</thead>
														<tbody>
																<tr>
																	<td class='status info' title='info' alt='info'><i class='mdi-action-info-outline'></i></td>
																	<td class='timestamp'>13:46:38</td>
																	<td class='step-details'>Click logInIcon<br></td>
																</tr>
																<tr>
																	<td class='status info' title='info' alt='info'><i class='mdi-action-info-outline'></i></td>
																	<td class='timestamp'>13:46:39</td>
																	<td class='step-details'>Clicked logInIcon<br></td>
																</tr>
																<tr>
																	<td class='status info' title='info' alt='info'><i class='mdi-action-info-outline'></i></td>
																	<td class='timestamp'>13:46:39</td>
																	<td class='step-details'>Sending hussain.ziyad@gmail.com to email<br></td>
																</tr>
																<tr>
																	<td class='status info' title='info' alt='info'><i class='mdi-action-info-outline'></i></td>
																	<td class='timestamp'>13:46:39</td>
																	<td class='step-details'>Keys Sent to email<br></td>
																</tr>
																<tr>
																	<td class='status info' title='info' alt='info'><i class='mdi-action-info-outline'></i></td>
																	<td class='timestamp'>13:46:39</td>
																	<td class='step-details'>Sending khan12 to password<br></td>
																</tr>
																<tr>
																	<td class='status info' title='info' alt='info'><i class='mdi-action-info-outline'></i></td>
																	<td class='timestamp'>13:46:39</td>
																	<td class='step-details'>Keys Sent to password<br></td>
																</tr>
																<tr>
																	<td class='status info' title='info' alt='info'><i class='mdi-action-info-outline'></i></td>
																	<td class='timestamp'>13:46:39</td>
																	<td class='step-details'>Click signInButton<br></td>
																</tr>
																<tr>
																	<td class='status info' title='info' alt='info'><i class='mdi-action-info-outline'></i></td>
																	<td class='timestamp'>13:46:41</td>
																	<td class='step-details'>Clicked signInButton<br></td>
																</tr>
																<tr>
																	<td class='status info' title='info' alt='info'><i class='mdi-action-info-outline'></i></td>
																	<td class='timestamp'>13:46:41</td>
																	<td class='step-details'>Getting Text from errorMessage<br></td>
																</tr>
																<tr>
																	<td class='status fail' title='fail' alt='fail'><i class='mdi-navigation-cancel'></i></td>
																	<td class='timestamp'>13:47:41</td>
																	<td class='step-details'>org.openqa.selenium.NoSuchElementException: no such element: Unable to locate element: {"method":"css selector","selector":"#customer_login > div > ul > li"}
  (Session info: chrome=71.0.3578.98)
  (Driver info: chromedriver=2.45.615291 (ec3682e3c9061c10f26ea9e5cdcf3c53f3f74387),platform=Windows NT 10.0.17134 x86_64) (WARNING: The server did not provide any stacktrace information)
Command duration or timeout: 0 milliseconds
For documentation on this error, please visit: http://seleniumhq.org/exceptions/no_such_element.html
Build info: version: '3.14.0', revision: 'aacccce0', time: '2018-08-02T20:19:58.91Z'
System info: host: 'DESKTOP-E6LJ5NF', ip: '192.168.145.1', os.name: 'Windows 10', os.arch: 'amd64', os.version: '10.0', java.version: '1.8.0_192'
Driver info: org.openqa.selenium.chrome.ChromeDriver
Capabilities {acceptInsecureCerts: false, acceptSslCerts: false, applicationCacheEnabled: false, browserConnectionEnabled: false, browserName: chrome, chrome: {chromedriverVersion: 2.45.615291 (ec3682e3c9061c..., userDataDir: C:\Users\hussa\AppData\Loca...}, cssSelectorsEnabled: true, databaseEnabled: false, goog:chromeOptions: {debuggerAddress: localhost:59717}, handlesAlerts: true, hasTouchScreen: false, javascriptEnabled: true, locationContextEnabled: true, mobileEmulationEnabled: false, nativeEvents: true, networkConnectionEnabled: false, pageLoadStrategy: normal, platform: XP, platformName: XP, proxy: Proxy(), rotatable: false, setWindowRect: true, strictFileInteractability: false, takesHeapSnapshot: true, takesScreenshot: true, timeouts: {implicit: 0, pageLoad: 300000, script: 30000}, unexpectedAlertBehaviour: ignore, unhandledPromptBehavior: ignore, version: 71.0.3578.98, webStorageEnabled: true}
Session ID: c5135c41e00dbce1713e53448c60a323
*** Element info: {Using=css selector, value=#customer_login > div > ul > li}
	at sun.reflect.NativeConstructorAccessorImpl.newInstance0(Native Method)
	at sun.reflect.NativeConstructorAccessorImpl.newInstance(NativeConstructorAccessorImpl.java:62)
	at sun.reflect.DelegatingConstructorAccessorImpl.newInstance(DelegatingConstructorAccessorImpl.java:45)
	at java.lang.reflect.Constructor.newInstance(Constructor.java:423)
	at org.openqa.selenium.remote.ErrorHandler.createThrowable(ErrorHandler.java:214)
	at org.openqa.selenium.remote.ErrorHandler.throwIfResponseFailed(ErrorHandler.java:166)
	at org.openqa.selenium.remote.http.JsonHttpResponseCodec.reconstructValue(JsonHttpResponseCodec.java:40)
	at org.openqa.selenium.remote.http.AbstractHttpResponseCodec.decode(AbstractHttpResponseCodec.java:80)
	at org.openqa.selenium.remote.http.AbstractHttpResponseCodec.decode(AbstractHttpResponseCodec.java:44)
	at org.openqa.selenium.remote.HttpCommandExecutor.execute(HttpCommandExecutor.java:158)
	at org.openqa.selenium.remote.service.DriverCommandExecutor.execute(DriverCommandExecutor.java:83)
	at org.openqa.selenium.remote.RemoteWebDriver.execute(RemoteWebDriver.java:548)
	at org.openqa.selenium.remote.RemoteWebDriver.findElement(RemoteWebDriver.java:322)
	at org.openqa.selenium.remote.RemoteWebDriver.findElementByCssSelector(RemoteWebDriver.java:416)
	at org.openqa.selenium.By$ByCssSelector.findElement(By.java:431)
	at org.openqa.selenium.remote.RemoteWebDriver.findElement(RemoteWebDriver.java:314)
	at org.openqa.selenium.support.pagefactory.DefaultElementLocator.findElement(DefaultElementLocator.java:69)
	at org.openqa.selenium.support.pagefactory.internal.LocatingElementHandler.invoke(LocatingElementHandler.java:38)
	at com.sun.proxy.$Proxy13.getText(Unknown Source)
	at application.page.base.ApplicationPageBase.getText(ApplicationPageBase.java:39)
	at page.objects.LogInPage.InvalidLogIn(LogInPage.java:39)
	at test.page.objects.LogInPageTest.LogInTest(LogInPageTest.java:30)
	at sun.reflect.NativeMethodAccessorImpl.invoke0(Native Method)
	at sun.reflect.NativeMethodAccessorImpl.invoke(NativeMethodAccessorImpl.java:62)
	at sun.reflect.DelegatingMethodAccessorImpl.invoke(DelegatingMethodAccessorImpl.java:43)
	at java.lang.reflect.Method.invoke(Method.java:498)
	at org.testng.internal.MethodInvocationHelper.invokeMethod(MethodInvocationHelper.java:108)
	at org.testng.internal.Invoker.invokeMethod(Invoker.java:661)
	at org.testng.internal.Invoker.invokeTestMethod(Invoker.java:869)
	at org.testng.internal.Invoker.invokeTestMethods(Invoker.java:1193)
	at org.testng.internal.TestMethodWorker.invokeTestMethods(TestMethodWorker.java:126)
	at org.testng.internal.TestMethodWorker.run(TestMethodWorker.java:109)
	at org.testng.TestRunner.privateRun(TestRunner.java:744)
	at org.testng.TestRunner.run(TestRunner.java:602)
	at org.testng.SuiteRunner.runTest(SuiteRunner.java:380)
	at org.testng.SuiteRunner.runSequentially(SuiteRunner.java:375)
	at org.testng.SuiteRunner.privateRun(SuiteRunner.java:340)
	at org.testng.SuiteRunner.run(SuiteRunner.java:289)
	at org.testng.SuiteRunnerWorker.runSuite(SuiteRunnerWorker.java:52)
	at org.testng.SuiteRunnerWorker.run(SuiteRunnerWorker.java:86)
	at org.testng.TestNG.runSuitesSequentially(TestNG.java:1301)
	at org.testng.TestNG.runSuitesLocally(TestNG.java:1226)
	at org.testng.TestNG.runSuites(TestNG.java:1144)
	at org.testng.TestNG.run(TestNG.java:1115)
	at org.testng.IDEARemoteTestNG.run(IDEARemoteTestNG.java:72)
	at org.testng.RemoteTestNGStarter.main(RemoteTestNGStarter.java:123)</td>
																</tr>
														</tbody>
													</table>
													<ul class='collapsible node-list' data-collapsible='accordion'>
													</ul>
												</div>
											</div>
										</li>
										<li class='collection-item test displayed active pass ' extentid='5f95e709-7741-4923-a130-85d4e4a2c0d2'>
											<div class='test-head'>
												<span class='test-name'>ValidLogInTest </span>
												<span class='test-status label right outline capitalize pass'>pass</span>
												<span class='category-assigned hide  loginpagetest'></span>
											</div>
											<div class='test-body'>
												<div class='test-info'>
													<span title='Test started time' alt='Test started time' class='test-started-time label green lighten-1 text-white'>2019-01-02 13:47:52</span>
													<span title='Test ended time' alt='Test ended time' class='test-ended-time label red lighten-1 text-white'>2019-01-02 13:47:58</span>
													<span title='Time taken to finish' alt='Time taken to finish' class='test-time-taken label blue-grey lighten-3 text-white'>0h 0m 5s+858ms</span>
												</div>
												<div class='test-desc'></div>
												<div class='test-attributes'>
														<div class='categories'>
																<span class='category text-white'>LogInPageTest</span>
														</div>
												</div>
												<div class='test-steps'>
													<table class='bordered table-results'>
														<thead>
															<tr>
																<th>Status</th>
																<th>Timestamp</th>
																<th>Details</th>
															</tr>
														</thead>
														<tbody>
																<tr>
																	<td class='status info' title='info' alt='info'><i class='mdi-action-info-outline'></i></td>
																	<td class='timestamp'>13:47:52</td>
																	<td class='step-details'>Click logInIcon<br></td>
																</tr>
																<tr>
																	<td class='status info' title='info' alt='info'><i class='mdi-action-info-outline'></i></td>
																	<td class='timestamp'>13:47:56</td>
																	<td class='step-details'>Clicked logInIcon<br></td>
																</tr>
																<tr>
																	<td class='status info' title='info' alt='info'><i class='mdi-action-info-outline'></i></td>
																	<td class='timestamp'>13:47:56</td>
																	<td class='step-details'>Sending hussain.ziyad90@gmail.com to email<br></td>
																</tr>
																<tr>
																	<td class='status info' title='info' alt='info'><i class='mdi-action-info-outline'></i></td>
																	<td class='timestamp'>13:47:57</td>
																	<td class='step-details'>Keys Sent to email<br></td>
																</tr>
																<tr>
																	<td class='status info' title='info' alt='info'><i class='mdi-action-info-outline'></i></td>
																	<td class='timestamp'>13:47:57</td>
																	<td class='step-details'>Sending Allah1212 to password<br></td>
																</tr>
																<tr>
																	<td class='status info' title='info' alt='info'><i class='mdi-action-info-outline'></i></td>
																	<td class='timestamp'>13:47:57</td>
																	<td class='step-details'>Keys Sent to password<br></td>
																</tr>
																<tr>
																	<td class='status info' title='info' alt='info'><i class='mdi-action-info-outline'></i></td>
																	<td class='timestamp'>13:47:57</td>
																	<td class='step-details'>Click signInButton<br></td>
																</tr>
																<tr>
																	<td class='status info' title='info' alt='info'><i class='mdi-action-info-outline'></i></td>
																	<td class='timestamp'>13:47:58</td>
																	<td class='step-details'>Clicked signInButton<br></td>
																</tr>
																<tr>
																	<td class='status pass' title='pass' alt='pass'><i class='mdi-action-check-circle'></i></td>
																	<td class='timestamp'>13:47:58</td>
																	<td class='step-details'>Test Passed</td>
																</tr>
														</tbody>
													</table>
													<ul class='collapsible node-list' data-collapsible='accordion'>
													</ul>
												</div>
											</div>
										</li>
										<li class='collection-item test displayed active pass ' extentid='cd30a8c8-8316-4d73-b6a4-7901dc89b472'>
											<div class='test-head'>
												<span class='test-name'>logInTest </span>
												<span class='test-status label right outline capitalize pass'>pass</span>
												<span class='category-assigned hide  loginpagetest'></span>
											</div>
											<div class='test-body'>
												<div class='test-info'>
													<span title='Test started time' alt='Test started time' class='test-started-time label green lighten-1 text-white'>2019-01-02 13:48:09</span>
													<span title='Test ended time' alt='Test ended time' class='test-ended-time label red lighten-1 text-white'>2019-01-02 13:48:12</span>
													<span title='Time taken to finish' alt='Time taken to finish' class='test-time-taken label blue-grey lighten-3 text-white'>0h 0m 2s+704ms</span>
												</div>
												<div class='test-desc'></div>
												<div class='test-attributes'>
														<div class='categories'>
																<span class='category text-white'>LogInPageTest</span>
														</div>
												</div>
												<div class='test-steps'>
													<table class='bordered table-results'>
														<thead>
															<tr>
																<th>Status</th>
																<th>Timestamp</th>
																<th>Details</th>
															</tr>
														</thead>
														<tbody>
																<tr>
																	<td class='status info' title='info' alt='info'><i class='mdi-action-info-outline'></i></td>
																	<td class='timestamp'>13:48:09</td>
																	<td class='step-details'>Click logInIcon<br></td>
																</tr>
																<tr>
																	<td class='status info' title='info' alt='info'><i class='mdi-action-info-outline'></i></td>
																	<td class='timestamp'>13:48:10</td>
																	<td class='step-details'>Clicked logInIcon<br></td>
																</tr>
																<tr>
																	<td class='status info' title='info' alt='info'><i class='mdi-action-info-outline'></i></td>
																	<td class='timestamp'>13:48:10</td>
																	<td class='step-details'>Sending hussain.ziyad90@gmail.com to emailBox<br></td>
																</tr>
																<tr>
																	<td class='status info' title='info' alt='info'><i class='mdi-action-info-outline'></i></td>
																	<td class='timestamp'>13:48:10</td>
																	<td class='step-details'>Keys Sent to emailBox<br></td>
																</tr>
																<tr>
																	<td class='status info' title='info' alt='info'><i class='mdi-action-info-outline'></i></td>
																	<td class='timestamp'>13:48:11</td>
																	<td class='step-details'>Sending khan1212 to passwordBox<br></td>
																</tr>
																<tr>
																	<td class='status info' title='info' alt='info'><i class='mdi-action-info-outline'></i></td>
																	<td class='timestamp'>13:48:11</td>
																	<td class='step-details'>Keys Sent to passwordBox<br></td>
																</tr>
																<tr>
																	<td class='status info' title='info' alt='info'><i class='mdi-action-info-outline'></i></td>
																	<td class='timestamp'>13:48:11</td>
																	<td class='step-details'>Click submitButton<br></td>
																</tr>
																<tr>
																	<td class='status info' title='info' alt='info'><i class='mdi-action-info-outline'></i></td>
																	<td class='timestamp'>13:48:12</td>
																	<td class='step-details'>Clicked submitButton<br></td>
																</tr>
																<tr>
																	<td class='status pass' title='pass' alt='pass'><i class='mdi-action-check-circle'></i></td>
																	<td class='timestamp'>13:48:12</td>
																	<td class='step-details'>Test Passed</td>
																</tr>
														</tbody>
													</table>
													<ul class='collapsible node-list' data-collapsible='accordion'>
													</ul>
												</div>
											</div>
										</li>
										<li class='collection-item test displayed active fail ' extentid='bb324c99-84b6-4147-8cf7-ccbf4027a660'>
											<div class='test-head'>
												<span class='test-name'>checkOutTest </span>
												<span class='test-status label right outline capitalize fail'>fail</span>
												<span class='category-assigned hide  shoppingcarttest'></span>
											</div>
											<div class='test-body'>
												<div class='test-info'>
													<span title='Test started time' alt='Test started time' class='test-started-time label green lighten-1 text-white'>2019-01-02 13:48:27</span>
													<span title='Test ended time' alt='Test ended time' class='test-ended-time label red lighten-1 text-white'>2019-01-02 13:49:27</span>
													<span title='Time taken to finish' alt='Time taken to finish' class='test-time-taken label blue-grey lighten-3 text-white'>0h 1m 0s+87ms</span>
												</div>
												<div class='test-desc'></div>
												<div class='test-attributes'>
														<div class='categories'>
																<span class='category text-white'>ShoppingCartTest</span>
														</div>
												</div>
												<div class='test-steps'>
													<table class='bordered table-results'>
														<thead>
															<tr>
																<th>Status</th>
																<th>Timestamp</th>
																<th>Details</th>
															</tr>
														</thead>
														<tbody>
																<tr>
																	<td class='status fail' title='fail' alt='fail'><i class='mdi-navigation-cancel'></i></td>
																	<td class='timestamp'>13:49:27</td>
																	<td class='step-details'>org.openqa.selenium.NoSuchElementException: no such element: Unable to locate element: {"method":"css selector","selector":"body > div:nth-child(5) > div > div.main > div.main__content > div.step > form > div.step__sections > div.section.section--contact-information > div.section__content > div.fieldset"}
  (Session info: chrome=71.0.3578.98)
  (Driver info: chromedriver=2.45.615291 (ec3682e3c9061c10f26ea9e5cdcf3c53f3f74387),platform=Windows NT 10.0.17134 x86_64) (WARNING: The server did not provide any stacktrace information)
Command duration or timeout: 0 milliseconds
For documentation on this error, please visit: http://seleniumhq.org/exceptions/no_such_element.html
Build info: version: '3.14.0', revision: 'aacccce0', time: '2018-08-02T20:19:58.91Z'
System info: host: 'DESKTOP-E6LJ5NF', ip: '192.168.145.1', os.name: 'Windows 10', os.arch: 'amd64', os.version: '10.0', java.version: '1.8.0_192'
Driver info: org.openqa.selenium.chrome.ChromeDriver
Capabilities {acceptInsecureCerts: false, acceptSslCerts: false, applicationCacheEnabled: false, browserConnectionEnabled: false, browserName: chrome, chrome: {chromedriverVersion: 2.45.615291 (ec3682e3c9061c..., userDataDir: C:\Users\hussa\AppData\Loca...}, cssSelectorsEnabled: true, databaseEnabled: false, goog:chromeOptions: {debuggerAddress: localhost:60081}, handlesAlerts: true, hasTouchScreen: false, javascriptEnabled: true, locationContextEnabled: true, mobileEmulationEnabled: false, nativeEvents: true, networkConnectionEnabled: false, pageLoadStrategy: normal, platform: XP, platformName: XP, proxy: Proxy(), rotatable: false, setWindowRect: true, strictFileInteractability: false, takesHeapSnapshot: true, takesScreenshot: true, timeouts: {implicit: 0, pageLoad: 300000, script: 30000}, unexpectedAlertBehaviour: ignore, unhandledPromptBehavior: ignore, version: 71.0.3578.98, webStorageEnabled: true}
Session ID: 9e6d3fef736d2c9b3276d97b6d23f5b9
*** Element info: {Using=css selector, value=body > div:nth-child(5) > div > div.main > div.main__content > div.step > form > div.step__sections > div.section.section--contact-information > div.section__content > div.fieldset}
	at sun.reflect.NativeConstructorAccessorImpl.newInstance0(Native Method)
	at sun.reflect.NativeConstructorAccessorImpl.newInstance(NativeConstructorAccessorImpl.java:62)
	at sun.reflect.DelegatingConstructorAccessorImpl.newInstance(DelegatingConstructorAccessorImpl.java:45)
	at java.lang.reflect.Constructor.newInstance(Constructor.java:423)
	at org.openqa.selenium.remote.ErrorHandler.createThrowable(ErrorHandler.java:214)
	at org.openqa.selenium.remote.ErrorHandler.throwIfResponseFailed(ErrorHandler.java:166)
	at org.openqa.selenium.remote.http.JsonHttpResponseCodec.reconstructValue(JsonHttpResponseCodec.java:40)
	at org.openqa.selenium.remote.http.AbstractHttpResponseCodec.decode(AbstractHttpResponseCodec.java:80)
	at org.openqa.selenium.remote.http.AbstractHttpResponseCodec.decode(AbstractHttpResponseCodec.java:44)
	at org.openqa.selenium.remote.HttpCommandExecutor.execute(HttpCommandExecutor.java:158)
	at org.openqa.selenium.remote.service.DriverCommandExecutor.execute(DriverCommandExecutor.java:83)
	at org.openqa.selenium.remote.RemoteWebDriver.execute(RemoteWebDriver.java:548)
	at org.openqa.selenium.remote.RemoteWebDriver.findElement(RemoteWebDriver.java:322)
	at org.openqa.selenium.remote.RemoteWebDriver.findElementByCssSelector(RemoteWebDriver.java:416)
	at org.openqa.selenium.By$ByCssSelector.findElement(By.java:431)
	at org.openqa.selenium.remote.RemoteWebDriver.findElement(RemoteWebDriver.java:314)
	at org.openqa.selenium.support.pagefactory.DefaultElementLocator.findElement(DefaultElementLocator.java:69)
	at org.openqa.selenium.support.pagefactory.internal.LocatingElementHandler.invoke(LocatingElementHandler.java:38)
	at com.sun.proxy.$Proxy13.sendKeys(Unknown Source)
	at page.objects.ShoppingCartPage.enteringInfoToCheckOut(ShoppingCartPage.java:87)
	at test.page.objects.ShoppingCartTest.checkOutTest(ShoppingCartTest.java:24)
	at sun.reflect.NativeMethodAccessorImpl.invoke0(Native Method)
	at sun.reflect.NativeMethodAccessorImpl.invoke(NativeMethodAccessorImpl.java:62)
	at sun.reflect.DelegatingMethodAccessorImpl.invoke(DelegatingMethodAccessorImpl.java:43)
	at java.lang.reflect.Method.invoke(Method.java:498)
	at org.testng.internal.MethodInvocationHelper.invokeMethod(MethodInvocationHelper.java:108)
	at org.testng.internal.Invoker.invokeMethod(Invoker.java:661)
	at org.testng.internal.Invoker.invokeTestMethod(Invoker.java:869)
	at org.testng.internal.Invoker.invokeTestMethods(Invoker.java:1193)
	at org.testng.internal.TestMethodWorker.invokeTestMethods(TestMethodWorker.java:126)
	at org.testng.internal.TestMethodWorker.run(TestMethodWorker.java:109)
	at org.testng.TestRunner.privateRun(TestRunner.java:744)
	at org.testng.TestRunner.run(TestRunner.java:602)
	at org.testng.SuiteRunner.runTest(SuiteRunner.java:380)
	at org.testng.SuiteRunner.runSequentially(SuiteRunner.java:375)
	at org.testng.SuiteRunner.privateRun(SuiteRunner.java:340)
	at org.testng.SuiteRunner.run(SuiteRunner.java:289)
	at org.testng.SuiteRunnerWorker.runSuite(SuiteRunnerWorker.java:52)
	at org.testng.SuiteRunnerWorker.run(SuiteRunnerWorker.java:86)
	at org.testng.TestNG.runSuitesSequentially(TestNG.java:1301)
	at org.testng.TestNG.runSuitesLocally(TestNG.java:1226)
	at org.testng.TestNG.runSuites(TestNG.java:1144)
	at org.testng.TestNG.run(TestNG.java:1115)
	at org.testng.IDEARemoteTestNG.run(IDEARemoteTestNG.java:72)
	at org.testng.RemoteTestNGStarter.main(RemoteTestNGStarter.java:123)</td>
																</tr>
														</tbody>
													</table>
													<ul class='collapsible node-list' data-collapsible='accordion'>
													</ul>
												</div>
											</div>
										</li>
										<li class='collection-item test displayed active fail ' extentid='5a886bd5-0811-4988-8772-cd7fd8ef5bf2'>
											<div class='test-head'>
												<span class='test-name'>selectingAWatch </span>
												<span class='test-status label right outline capitalize fail'>fail</span>
												<span class='category-assigned hide  shoppingcarttest'></span>
											</div>
											<div class='test-body'>
												<div class='test-info'>
													<span title='Test started time' alt='Test started time' class='test-started-time label green lighten-1 text-white'>2019-01-02 13:49:35</span>
													<span title='Test ended time' alt='Test ended time' class='test-ended-time label red lighten-1 text-white'>2019-01-02 13:50:36</span>
													<span title='Time taken to finish' alt='Time taken to finish' class='test-time-taken label blue-grey lighten-3 text-white'>0h 1m 1s+505ms</span>
												</div>
												<div class='test-desc'></div>
												<div class='test-attributes'>
														<div class='categories'>
																<span class='category text-white'>ShoppingCartTest</span>
														</div>
												</div>
												<div class='test-steps'>
													<table class='bordered table-results'>
														<thead>
															<tr>
																<th>Status</th>
																<th>Timestamp</th>
																<th>Details</th>
															</tr>
														</thead>
														<tbody>
																<tr>
																	<td class='status info' title='info' alt='info'><i class='mdi-action-info-outline'></i></td>
																	<td class='timestamp'>13:49:35</td>
																	<td class='step-details'>Click quartaWatch<br></td>
																</tr>
																<tr>
																	<td class='status info' title='info' alt='info'><i class='mdi-action-info-outline'></i></td>
																	<td class='timestamp'>13:49:36</td>
																	<td class='step-details'>Clicked quartaWatch<br></td>
																</tr>
																<tr>
																	<td class='status fail' title='fail' alt='fail'><i class='mdi-navigation-cancel'></i></td>
																	<td class='timestamp'>13:50:36</td>
																	<td class='step-details'>org.openqa.selenium.NoSuchElementException: no such element: Unable to locate element: {"method":"xpath","selector":"//*[@id="shopify-section-1482528454151"]/div/div/div/div[2]/div[1]/a/div[1]/img[1]"}
  (Session info: chrome=71.0.3578.98)
  (Driver info: chromedriver=2.45.615291 (ec3682e3c9061c10f26ea9e5cdcf3c53f3f74387),platform=Windows NT 10.0.17134 x86_64) (WARNING: The server did not provide any stacktrace information)
Command duration or timeout: 0 milliseconds
For documentation on this error, please visit: http://seleniumhq.org/exceptions/no_such_element.html
Build info: version: '3.14.0', revision: 'aacccce0', time: '2018-08-02T20:19:58.91Z'
System info: host: 'DESKTOP-E6LJ5NF', ip: '192.168.145.1', os.name: 'Windows 10', os.arch: 'amd64', os.version: '10.0', java.version: '1.8.0_192'
Driver info: org.openqa.selenium.chrome.ChromeDriver
Capabilities {acceptInsecureCerts: false, acceptSslCerts: false, applicationCacheEnabled: false, browserConnectionEnabled: false, browserName: chrome, chrome: {chromedriverVersion: 2.45.615291 (ec3682e3c9061c..., userDataDir: C:\Users\hussa\AppData\Loca...}, cssSelectorsEnabled: true, databaseEnabled: false, goog:chromeOptions: {debuggerAddress: localhost:60226}, handlesAlerts: true, hasTouchScreen: false, javascriptEnabled: true, locationContextEnabled: true, mobileEmulationEnabled: false, nativeEvents: true, networkConnectionEnabled: false, pageLoadStrategy: normal, platform: XP, platformName: XP, proxy: Proxy(), rotatable: false, setWindowRect: true, strictFileInteractability: false, takesHeapSnapshot: true, takesScreenshot: true, timeouts: {implicit: 0, pageLoad: 300000, script: 30000}, unexpectedAlertBehaviour: ignore, unhandledPromptBehavior: ignore, version: 71.0.3578.98, webStorageEnabled: true}
Session ID: db0f072e17553a1b5797f39e02cca4ce
*** Element info: {Using=xpath, value=//*[@id="shopify-section-1482528454151"]/div/div/div/div[2]/div[1]/a/div[1]/img[1]}
	at sun.reflect.NativeConstructorAccessorImpl.newInstance0(Native Method)
	at sun.reflect.NativeConstructorAccessorImpl.newInstance(NativeConstructorAccessorImpl.java:62)
	at sun.reflect.DelegatingConstructorAccessorImpl.newInstance(DelegatingConstructorAccessorImpl.java:45)
	at java.lang.reflect.Constructor.newInstance(Constructor.java:423)
	at org.openqa.selenium.remote.ErrorHandler.createThrowable(ErrorHandler.java:214)
	at org.openqa.selenium.remote.ErrorHandler.throwIfResponseFailed(ErrorHandler.java:166)
	at org.openqa.selenium.remote.http.JsonHttpResponseCodec.reconstructValue(JsonHttpResponseCodec.java:40)
	at org.openqa.selenium.remote.http.AbstractHttpResponseCodec.decode(AbstractHttpResponseCodec.java:80)
	at org.openqa.selenium.remote.http.AbstractHttpResponseCodec.decode(AbstractHttpResponseCodec.java:44)
	at org.openqa.selenium.remote.HttpCommandExecutor.execute(HttpCommandExecutor.java:158)
	at org.openqa.selenium.remote.service.DriverCommandExecutor.execute(DriverCommandExecutor.java:83)
	at org.openqa.selenium.remote.RemoteWebDriver.execute(RemoteWebDriver.java:548)
	at org.openqa.selenium.remote.RemoteWebDriver.findElement(RemoteWebDriver.java:322)
	at org.openqa.selenium.remote.RemoteWebDriver.findElementByXPath(RemoteWebDriver.java:424)
	at org.openqa.selenium.By$ByXPath.findElement(By.java:353)
	at org.openqa.selenium.remote.RemoteWebDriver.findElement(RemoteWebDriver.java:314)
	at org.openqa.selenium.support.pagefactory.DefaultElementLocator.findElement(DefaultElementLocator.java:69)
	at org.openqa.selenium.support.pagefactory.internal.LocatingElementHandler.invoke(LocatingElementHandler.java:38)
	at com.sun.proxy.$Proxy13.isEnabled(Unknown Source)
	at application.page.base.ApplicationPageBase.isEnableStatus(ApplicationPageBase.java:26)
	at page.objects.ShoppingCartPage.selectingAWatch(ShoppingCartPage.java:75)
	at test.page.objects.ShoppingCartTest.selectingAWatch(ShoppingCartTest.java:20)
	at sun.reflect.NativeMethodAccessorImpl.invoke0(Native Method)
	at sun.reflect.NativeMethodAccessorImpl.invoke(NativeMethodAccessorImpl.java:62)
	at sun.reflect.DelegatingMethodAccessorImpl.invoke(DelegatingMethodAccessorImpl.java:43)
	at java.lang.reflect.Method.invoke(Method.java:498)
	at org.testng.internal.MethodInvocationHelper.invokeMethod(MethodInvocationHelper.java:108)
	at org.testng.internal.Invoker.invokeMethod(Invoker.java:661)
	at org.testng.internal.Invoker.invokeTestMethod(Invoker.java:869)
	at org.testng.internal.Invoker.invokeTestMethods(Invoker.java:1193)
	at org.testng.internal.TestMethodWorker.invokeTestMethods(TestMethodWorker.java:126)
	at org.testng.internal.TestMethodWorker.run(TestMethodWorker.java:109)
	at org.testng.TestRunner.privateRun(TestRunner.java:744)
	at org.testng.TestRunner.run(TestRunner.java:602)
	at org.testng.SuiteRunner.runTest(SuiteRunner.java:380)
	at org.testng.SuiteRunner.runSequentially(SuiteRunner.java:375)
	at org.testng.SuiteRunner.privateRun(SuiteRunner.java:340)
	at org.testng.SuiteRunner.run(SuiteRunner.java:289)
	at org.testng.SuiteRunnerWorker.runSuite(SuiteRunnerWorker.java:52)
	at org.testng.SuiteRunnerWorker.run(SuiteRunnerWorker.java:86)
	at org.testng.TestNG.runSuitesSequentially(TestNG.java:1301)
	at org.testng.TestNG.runSuitesLocally(TestNG.java:1226)
	at org.testng.TestNG.runSuites(TestNG.java:1144)
	at org.testng.TestNG.run(TestNG.java:1115)
	at org.testng.IDEARemoteTestNG.run(IDEARemoteTestNG.java:72)
	at org.testng.RemoteTestNGStarter.main(RemoteTestNGStarter.java:123)</td>
																</tr>
														</tbody>
													</table>
													<ul class='collapsible node-list' data-collapsible='accordion'>
													</ul>
												</div>
											</div>
										</li>
										<li class='collection-item test displayed active pass ' extentid='ddac7e66-879a-4a37-b99c-c3d013ccc8b0'>
											<div class='test-head'>
												<span class='test-name'>contactUsLinkTest </span>
												<span class='test-status label right outline capitalize pass'>pass</span>
												<span class='category-assigned hide  contactsustest'></span>
											</div>
											<div class='test-body'>
												<div class='test-info'>
													<span title='Test started time' alt='Test started time' class='test-started-time label green lighten-1 text-white'>2019-01-02 13:50:44</span>
													<span title='Test ended time' alt='Test ended time' class='test-ended-time label red lighten-1 text-white'>2019-01-02 13:50:47</span>
													<span title='Time taken to finish' alt='Time taken to finish' class='test-time-taken label blue-grey lighten-3 text-white'>0h 0m 3s+317ms</span>
												</div>
												<div class='test-desc'></div>
												<div class='test-attributes'>
														<div class='categories'>
																<span class='category text-white'>ContactsUsTest</span>
														</div>
												</div>
												<div class='test-steps'>
													<table class='bordered table-results'>
														<thead>
															<tr>
																<th>Status</th>
																<th>Timestamp</th>
																<th>Details</th>
															</tr>
														</thead>
														<tbody>
																<tr>
																	<td class='status info' title='info' alt='info'><i class='mdi-action-info-outline'></i></td>
																	<td class='timestamp'>13:50:44</td>
																	<td class='step-details'>Click contactUsLink<br></td>
																</tr>
																<tr>
																	<td class='status info' title='info' alt='info'><i class='mdi-action-info-outline'></i></td>
																	<td class='timestamp'>13:50:47</td>
																	<td class='step-details'>Clicked contactUsLink<br></td>
																</tr>
																<tr>
																	<td class='status info' title='info' alt='info'><i class='mdi-action-info-outline'></i></td>
																	<td class='timestamp'>13:50:47</td>
																	<td class='step-details'>Getting Text from title<br></td>
																</tr>
																<tr>
																	<td class='status info' title='info' alt='info'><i class='mdi-action-info-outline'></i></td>
																	<td class='timestamp'>13:50:47</td>
																	<td class='step-details'>Actual text: CONTACT US<br></td>
																</tr>
																<tr>
																	<td class='status pass' title='pass' alt='pass'><i class='mdi-action-check-circle'></i></td>
																	<td class='timestamp'>13:50:47</td>
																	<td class='step-details'>Test Passed</td>
																</tr>
														</tbody>
													</table>
													<ul class='collapsible node-list' data-collapsible='accordion'>
													</ul>
												</div>
											</div>
										</li>
										<li class='collection-item test displayed active pass ' extentid='3fee089a-eb9b-4f09-aa7f-17b57379d151'>
											<div class='test-head'>
												<span class='test-name'>enteringDataTest </span>
												<span class='test-status label right outline capitalize pass'>pass</span>
												<span class='category-assigned hide  contactsustest'></span>
											</div>
											<div class='test-body'>
												<div class='test-info'>
													<span title='Test started time' alt='Test started time' class='test-started-time label green lighten-1 text-white'>2019-01-02 13:50:56</span>
													<span title='Test ended time' alt='Test ended time' class='test-ended-time label red lighten-1 text-white'>2019-01-02 13:50:58</span>
													<span title='Time taken to finish' alt='Time taken to finish' class='test-time-taken label blue-grey lighten-3 text-white'>0h 0m 1s+578ms</span>
												</div>
												<div class='test-desc'></div>
												<div class='test-attributes'>
														<div class='categories'>
																<span class='category text-white'>ContactsUsTest</span>
														</div>
												</div>
												<div class='test-steps'>
													<table class='bordered table-results'>
														<thead>
															<tr>
																<th>Status</th>
																<th>Timestamp</th>
																<th>Details</th>
															</tr>
														</thead>
														<tbody>
																<tr>
																	<td class='status info' title='info' alt='info'><i class='mdi-action-info-outline'></i></td>
																	<td class='timestamp'>13:50:56</td>
																	<td class='step-details'>Click contactUsLink<br></td>
																</tr>
																<tr>
																	<td class='status info' title='info' alt='info'><i class='mdi-action-info-outline'></i></td>
																	<td class='timestamp'>13:50:57</td>
																	<td class='step-details'>Clicked contactUsLink<br></td>
																</tr>
																<tr>
																	<td class='status info' title='info' alt='info'><i class='mdi-action-info-outline'></i></td>
																	<td class='timestamp'>13:50:57</td>
																	<td class='step-details'>Sending Ziyad to Firstname<br></td>
																</tr>
																<tr>
																	<td class='status info' title='info' alt='info'><i class='mdi-action-info-outline'></i></td>
																	<td class='timestamp'>13:50:57</td>
																	<td class='step-details'>Keys Sent to Firstname<br></td>
																</tr>
																<tr>
																	<td class='status info' title='info' alt='info'><i class='mdi-action-info-outline'></i></td>
																	<td class='timestamp'>13:50:57</td>
																	<td class='step-details'>Sending hussain.ziyad90@gmail.com to email<br></td>
																</tr>
																<tr>
																	<td class='status info' title='info' alt='info'><i class='mdi-action-info-outline'></i></td>
																	<td class='timestamp'>13:50:57</td>
																	<td class='step-details'>Keys Sent to email<br></td>
																</tr>
																<tr>
																	<td class='status info' title='info' alt='info'><i class='mdi-action-info-outline'></i></td>
																	<td class='timestamp'>13:50:58</td>
																	<td class='step-details'>Sending This is a test case to messageBox<br></td>
																</tr>
																<tr>
																	<td class='status info' title='info' alt='info'><i class='mdi-action-info-outline'></i></td>
																	<td class='timestamp'>13:50:58</td>
																	<td class='step-details'>Keys Sent to messageBox<br></td>
																</tr>
																<tr>
																	<td class='status info' title='info' alt='info'><i class='mdi-action-info-outline'></i></td>
																	<td class='timestamp'>13:50:58</td>
																	<td class='step-details'>Click submitButton<br></td>
																</tr>
																<tr>
																	<td class='status info' title='info' alt='info'><i class='mdi-action-info-outline'></i></td>
																	<td class='timestamp'>13:50:58</td>
																	<td class='step-details'>Clicked submitButton<br></td>
																</tr>
																<tr>
																	<td class='status pass' title='pass' alt='pass'><i class='mdi-action-check-circle'></i></td>
																	<td class='timestamp'>13:50:58</td>
																	<td class='step-details'>Test Passed</td>
																</tr>
														</tbody>
													</table>
													<ul class='collapsible node-list' data-collapsible='accordion'>
													</ul>
												</div>
											</div>
										</li>
										<li class='collection-item test displayed active pass ' extentid='566273c8-9213-4f5a-a4bc-28c44dc60c00'>
											<div class='test-head'>
												<span class='test-name'>helpCenterLinkTest </span>
												<span class='test-status label right outline capitalize pass'>pass</span>
												<span class='category-assigned hide  contactsustest'></span>
											</div>
											<div class='test-body'>
												<div class='test-info'>
													<span title='Test started time' alt='Test started time' class='test-started-time label green lighten-1 text-white'>2019-01-02 13:51:07</span>
													<span title='Test ended time' alt='Test ended time' class='test-ended-time label red lighten-1 text-white'>2019-01-02 13:51:10</span>
													<span title='Time taken to finish' alt='Time taken to finish' class='test-time-taken label blue-grey lighten-3 text-white'>0h 0m 3s+158ms</span>
												</div>
												<div class='test-desc'></div>
												<div class='test-attributes'>
														<div class='categories'>
																<span class='category text-white'>ContactsUsTest</span>
														</div>
												</div>
												<div class='test-steps'>
													<table class='bordered table-results'>
														<thead>
															<tr>
																<th>Status</th>
																<th>Timestamp</th>
																<th>Details</th>
															</tr>
														</thead>
														<tbody>
																<tr>
																	<td class='status info' title='info' alt='info'><i class='mdi-action-info-outline'></i></td>
																	<td class='timestamp'>13:51:07</td>
																	<td class='step-details'>Click contactUsLink<br></td>
																</tr>
																<tr>
																	<td class='status info' title='info' alt='info'><i class='mdi-action-info-outline'></i></td>
																	<td class='timestamp'>13:51:08</td>
																	<td class='step-details'>Clicked contactUsLink<br></td>
																</tr>
																<tr>
																	<td class='status info' title='info' alt='info'><i class='mdi-action-info-outline'></i></td>
																	<td class='timestamp'>13:51:08</td>
																	<td class='step-details'>Click helpCenterLink<br></td>
																</tr>
																<tr>
																	<td class='status info' title='info' alt='info'><i class='mdi-action-info-outline'></i></td>
																	<td class='timestamp'>13:51:10</td>
																	<td class='step-details'>Clicked helpCenterLink<br></td>
																</tr>
																<tr>
																	<td class='status pass' title='pass' alt='pass'><i class='mdi-action-check-circle'></i></td>
																	<td class='timestamp'>13:51:10</td>
																	<td class='step-details'>Test Passed</td>
																</tr>
														</tbody>
													</table>
													<ul class='collapsible node-list' data-collapsible='accordion'>
													</ul>
												</div>
											</div>
										</li>
										<li class='collection-item test displayed active pass ' extentid='d0f82766-d19c-4e4d-990f-e7654e1f8dcb'>
											<div class='test-head'>
												<span class='test-name'>aboutUsLinkTest </span>
												<span class='test-status label right outline capitalize pass'>pass</span>
												<span class='category-assigned hide  footermenutest'></span>
											</div>
											<div class='test-body'>
												<div class='test-info'>
													<span title='Test started time' alt='Test started time' class='test-started-time label green lighten-1 text-white'>2019-01-02 13:51:26</span>
													<span title='Test ended time' alt='Test ended time' class='test-ended-time label red lighten-1 text-white'>2019-01-02 13:51:26</span>
													<span title='Time taken to finish' alt='Time taken to finish' class='test-time-taken label blue-grey lighten-3 text-white'>0h 0m 0s+507ms</span>
												</div>
												<div class='test-desc'></div>
												<div class='test-attributes'>
														<div class='categories'>
																<span class='category text-white'>FooterMenuTest</span>
														</div>
												</div>
												<div class='test-steps'>
													<table class='bordered table-results'>
														<thead>
															<tr>
																<th>Status</th>
																<th>Timestamp</th>
																<th>Details</th>
															</tr>
														</thead>
														<tbody>
																<tr>
																	<td class='status info' title='info' alt='info'><i class='mdi-action-info-outline'></i></td>
																	<td class='timestamp'>13:51:26</td>
																	<td class='step-details'>Click aboutUsLink<br></td>
																</tr>
																<tr>
																	<td class='status info' title='info' alt='info'><i class='mdi-action-info-outline'></i></td>
																	<td class='timestamp'>13:51:26</td>
																	<td class='step-details'>Clicked aboutUsLink<br></td>
																</tr>
																<tr>
																	<td class='status pass' title='pass' alt='pass'><i class='mdi-action-check-circle'></i></td>
																	<td class='timestamp'>13:51:26</td>
																	<td class='step-details'>Test Passed</td>
																</tr>
														</tbody>
													</table>
													<ul class='collapsible node-list' data-collapsible='accordion'>
													</ul>
												</div>
											</div>
										</li>
										<li class='collection-item test displayed active pass ' extentid='a662f0ca-9abb-41f0-99bb-2165f43d0d1c'>
											<div class='test-head'>
												<span class='test-name'>contactUsLinkTest </span>
												<span class='test-status label right outline capitalize pass'>pass</span>
												<span class='category-assigned hide  footermenutest'></span>
											</div>
											<div class='test-body'>
												<div class='test-info'>
													<span title='Test started time' alt='Test started time' class='test-started-time label green lighten-1 text-white'>2019-01-02 13:51:39</span>
													<span title='Test ended time' alt='Test ended time' class='test-ended-time label red lighten-1 text-white'>2019-01-02 13:51:39</span>
													<span title='Time taken to finish' alt='Time taken to finish' class='test-time-taken label blue-grey lighten-3 text-white'>0h 0m 0s+493ms</span>
												</div>
												<div class='test-desc'></div>
												<div class='test-attributes'>
														<div class='categories'>
																<span class='category text-white'>FooterMenuTest</span>
														</div>
												</div>
												<div class='test-steps'>
													<table class='bordered table-results'>
														<thead>
															<tr>
																<th>Status</th>
																<th>Timestamp</th>
																<th>Details</th>
															</tr>
														</thead>
														<tbody>
																<tr>
																	<td class='status info' title='info' alt='info'><i class='mdi-action-info-outline'></i></td>
																	<td class='timestamp'>13:51:39</td>
																	<td class='step-details'>Click contactUsLink<br></td>
																</tr>
																<tr>
																	<td class='status info' title='info' alt='info'><i class='mdi-action-info-outline'></i></td>
																	<td class='timestamp'>13:51:39</td>
																	<td class='step-details'>Clicked contactUsLink<br></td>
																</tr>
																<tr>
																	<td class='status pass' title='pass' alt='pass'><i class='mdi-action-check-circle'></i></td>
																	<td class='timestamp'>13:51:39</td>
																	<td class='step-details'>Test Passed</td>
																</tr>
														</tbody>
													</table>
													<ul class='collapsible node-list' data-collapsible='accordion'>
													</ul>
												</div>
											</div>
										</li>
										<li class='collection-item test displayed active fail ' extentid='5593f041-3344-4c24-8a51-53d518d9b9bb'>
											<div class='test-head'>
												<span class='test-name'>faqLinkTest </span>
												<span class='test-status label right outline capitalize fail'>fail</span>
												<span class='category-assigned hide  footermenutest'></span>
											</div>
											<div class='test-body'>
												<div class='test-info'>
													<span title='Test started time' alt='Test started time' class='test-started-time label green lighten-1 text-white'>2019-01-02 13:52:02</span>
													<span title='Test ended time' alt='Test ended time' class='test-ended-time label red lighten-1 text-white'>2019-01-02 13:53:02</span>
													<span title='Time taken to finish' alt='Time taken to finish' class='test-time-taken label blue-grey lighten-3 text-white'>0h 1m 0s+28ms</span>
												</div>
												<div class='test-desc'></div>
												<div class='test-attributes'>
														<div class='categories'>
																<span class='category text-white'>FooterMenuTest</span>
														</div>
												</div>
												<div class='test-steps'>
													<table class='bordered table-results'>
														<thead>
															<tr>
																<th>Status</th>
																<th>Timestamp</th>
																<th>Details</th>
															</tr>
														</thead>
														<tbody>
																<tr>
																	<td class='status info' title='info' alt='info'><i class='mdi-action-info-outline'></i></td>
																	<td class='timestamp'>13:52:02</td>
																	<td class='step-details'>Click helpCenterLink<br></td>
																</tr>
																<tr>
																	<td class='status fail' title='fail' alt='fail'><i class='mdi-navigation-cancel'></i></td>
																	<td class='timestamp'>13:53:02</td>
																	<td class='step-details'>org.openqa.selenium.NoSuchElementException: no such element: Unable to locate element: {"method":"css selector","selector":"#shopify-section-footer > div.sub-footer > div > div:nth-child(2) > ul > li:nth-child(1) > a"}
  (Session info: chrome=71.0.3578.98)
  (Driver info: chromedriver=2.45.615291 (ec3682e3c9061c10f26ea9e5cdcf3c53f3f74387),platform=Windows NT 10.0.17134 x86_64) (WARNING: The server did not provide any stacktrace information)
Command duration or timeout: 0 milliseconds
For documentation on this error, please visit: http://seleniumhq.org/exceptions/no_such_element.html
Build info: version: '3.14.0', revision: 'aacccce0', time: '2018-08-02T20:19:58.91Z'
System info: host: 'DESKTOP-E6LJ5NF', ip: '192.168.145.1', os.name: 'Windows 10', os.arch: 'amd64', os.version: '10.0', java.version: '1.8.0_192'
Driver info: org.openqa.selenium.chrome.ChromeDriver
Capabilities {acceptInsecureCerts: false, acceptSslCerts: false, applicationCacheEnabled: false, browserConnectionEnabled: false, browserName: chrome, chrome: {chromedriverVersion: 2.45.615291 (ec3682e3c9061c..., userDataDir: C:\Users\hussa\AppData\Loca...}, cssSelectorsEnabled: true, databaseEnabled: false, goog:chromeOptions: {debuggerAddress: localhost:60759}, handlesAlerts: true, hasTouchScreen: false, javascriptEnabled: true, locationContextEnabled: true, mobileEmulationEnabled: false, nativeEvents: true, networkConnectionEnabled: false, pageLoadStrategy: normal, platform: XP, platformName: XP, proxy: Proxy(), rotatable: false, setWindowRect: true, strictFileInteractability: false, takesHeapSnapshot: true, takesScreenshot: true, timeouts: {implicit: 0, pageLoad: 300000, script: 30000}, unexpectedAlertBehaviour: ignore, unhandledPromptBehavior: ignore, version: 71.0.3578.98, webStorageEnabled: true}
Session ID: a4bfa9e3a5985a4ce5c3bfa4cd03c778
*** Element info: {Using=css selector, value=#shopify-section-footer > div.sub-footer > div > div:nth-child(2) > ul > li:nth-child(1) > a}
	at sun.reflect.NativeConstructorAccessorImpl.newInstance0(Native Method)
	at sun.reflect.NativeConstructorAccessorImpl.newInstance(NativeConstructorAccessorImpl.java:62)
	at sun.reflect.DelegatingConstructorAccessorImpl.newInstance(DelegatingConstructorAccessorImpl.java:45)
	at java.lang.reflect.Constructor.newInstance(Constructor.java:423)
	at org.openqa.selenium.remote.ErrorHandler.createThrowable(ErrorHandler.java:214)
	at org.openqa.selenium.remote.ErrorHandler.throwIfResponseFailed(ErrorHandler.java:166)
	at org.openqa.selenium.remote.http.JsonHttpResponseCodec.reconstructValue(JsonHttpResponseCodec.java:40)
	at org.openqa.selenium.remote.http.AbstractHttpResponseCodec.decode(AbstractHttpResponseCodec.java:80)
	at org.openqa.selenium.remote.http.AbstractHttpResponseCodec.decode(AbstractHttpResponseCodec.java:44)
	at org.openqa.selenium.remote.HttpCommandExecutor.execute(HttpCommandExecutor.java:158)
	at org.openqa.selenium.remote.service.DriverCommandExecutor.execute(DriverCommandExecutor.java:83)
	at org.openqa.selenium.remote.RemoteWebDriver.execute(RemoteWebDriver.java:548)
	at org.openqa.selenium.remote.RemoteWebDriver.findElement(RemoteWebDriver.java:322)
	at org.openqa.selenium.remote.RemoteWebDriver.findElementByCssSelector(RemoteWebDriver.java:416)
	at org.openqa.selenium.By$ByCssSelector.findElement(By.java:431)
	at org.openqa.selenium.remote.RemoteWebDriver.findElement(RemoteWebDriver.java:314)
	at org.openqa.selenium.support.pagefactory.DefaultElementLocator.findElement(DefaultElementLocator.java:69)
	at org.openqa.selenium.support.pagefactory.internal.LocatingElementHandler.invoke(LocatingElementHandler.java:38)
	at com.sun.proxy.$Proxy13.click(Unknown Source)
	at application.page.base.ApplicationPageBase.click(ApplicationPageBase.java:47)
	at page.objects.FooterMenu.faqLink(FooterMenu.java:48)
	at test.page.objects.FooterMenuTest.faqLinkTest(FooterMenuTest.java:25)
	at sun.reflect.NativeMethodAccessorImpl.invoke0(Native Method)
	at sun.reflect.NativeMethodAccessorImpl.invoke(NativeMethodAccessorImpl.java:62)
	at sun.reflect.DelegatingMethodAccessorImpl.invoke(DelegatingMethodAccessorImpl.java:43)
	at java.lang.reflect.Method.invoke(Method.java:498)
	at org.testng.internal.MethodInvocationHelper.invokeMethod(MethodInvocationHelper.java:108)
	at org.testng.internal.Invoker.invokeMethod(Invoker.java:661)
	at org.testng.internal.Invoker.invokeTestMethod(Invoker.java:869)
	at org.testng.internal.Invoker.invokeTestMethods(Invoker.java:1193)
	at org.testng.internal.TestMethodWorker.invokeTestMethods(TestMethodWorker.java:126)
	at org.testng.internal.TestMethodWorker.run(TestMethodWorker.java:109)
	at org.testng.TestRunner.privateRun(TestRunner.java:744)
	at org.testng.TestRunner.run(TestRunner.java:602)
	at org.testng.SuiteRunner.runTest(SuiteRunner.java:380)
	at org.testng.SuiteRunner.runSequentially(SuiteRunner.java:375)
	at org.testng.SuiteRunner.privateRun(SuiteRunner.java:340)
	at org.testng.SuiteRunner.run(SuiteRunner.java:289)
	at org.testng.SuiteRunnerWorker.runSuite(SuiteRunnerWorker.java:52)
	at org.testng.SuiteRunnerWorker.run(SuiteRunnerWorker.java:86)
	at org.testng.TestNG.runSuitesSequentially(TestNG.java:1301)
	at org.testng.TestNG.runSuitesLocally(TestNG.java:1226)
	at org.testng.TestNG.runSuites(TestNG.java:1144)
	at org.testng.TestNG.run(TestNG.java:1115)
	at org.testng.IDEARemoteTestNG.run(IDEARemoteTestNG.java:72)
	at org.testng.RemoteTestNGStarter.main(RemoteTestNGStarter.java:123)</td>
																</tr>
														</tbody>
													</table>
													<ul class='collapsible node-list' data-collapsible='accordion'>
													</ul>
												</div>
											</div>
										</li>
										<li class='collection-item test displayed active pass ' extentid='223f1825-53f3-4851-b385-7052865eaffd'>
											<div class='test-head'>
												<span class='test-name'>giftCardLinkTest </span>
												<span class='test-status label right outline capitalize pass'>pass</span>
												<span class='category-assigned hide  footermenutest'></span>
											</div>
											<div class='test-body'>
												<div class='test-info'>
													<span title='Test started time' alt='Test started time' class='test-started-time label green lighten-1 text-white'>2019-01-02 13:53:08</span>
													<span title='Test ended time' alt='Test ended time' class='test-ended-time label red lighten-1 text-white'>2019-01-02 13:53:09</span>
													<span title='Time taken to finish' alt='Time taken to finish' class='test-time-taken label blue-grey lighten-3 text-white'>0h 0m 0s+553ms</span>
												</div>
												<div class='test-desc'></div>
												<div class='test-attributes'>
														<div class='categories'>
																<span class='category text-white'>FooterMenuTest</span>
														</div>
												</div>
												<div class='test-steps'>
													<table class='bordered table-results'>
														<thead>
															<tr>
																<th>Status</th>
																<th>Timestamp</th>
																<th>Details</th>
															</tr>
														</thead>
														<tbody>
																<tr>
																	<td class='status info' title='info' alt='info'><i class='mdi-action-info-outline'></i></td>
																	<td class='timestamp'>13:53:08</td>
																	<td class='step-details'>Click giftCardLink<br></td>
																</tr>
																<tr>
																	<td class='status info' title='info' alt='info'><i class='mdi-action-info-outline'></i></td>
																	<td class='timestamp'>13:53:09</td>
																	<td class='step-details'>Clicked giftCardLink<br></td>
																</tr>
																<tr>
																	<td class='status pass' title='pass' alt='pass'><i class='mdi-action-check-circle'></i></td>
																	<td class='timestamp'>13:53:09</td>
																	<td class='step-details'>Test Passed</td>
																</tr>
														</tbody>
													</table>
													<ul class='collapsible node-list' data-collapsible='accordion'>
													</ul>
												</div>
											</div>
										</li>
										<li class='collection-item test displayed active pass ' extentid='743a9027-cbef-40a1-b4c6-f8dbe873e277'>
											<div class='test-head'>
												<span class='test-name'>newsAndUpdatesTest </span>
												<span class='test-status label right outline capitalize pass'>pass</span>
												<span class='category-assigned hide  footermenutest'></span>
											</div>
											<div class='test-body'>
												<div class='test-info'>
													<span title='Test started time' alt='Test started time' class='test-started-time label green lighten-1 text-white'>2019-01-02 13:53:22</span>
													<span title='Test ended time' alt='Test ended time' class='test-ended-time label red lighten-1 text-white'>2019-01-02 13:53:23</span>
													<span title='Time taken to finish' alt='Time taken to finish' class='test-time-taken label blue-grey lighten-3 text-white'>0h 0m 0s+574ms</span>
												</div>
												<div class='test-desc'></div>
												<div class='test-attributes'>
														<div class='categories'>
																<span class='category text-white'>FooterMenuTest</span>
														</div>
												</div>
												<div class='test-steps'>
													<table class='bordered table-results'>
														<thead>
															<tr>
																<th>Status</th>
																<th>Timestamp</th>
																<th>Details</th>
															</tr>
														</thead>
														<tbody>
																<tr>
																	<td class='status pass' title='pass' alt='pass'><i class='mdi-action-check-circle'></i></td>
																	<td class='timestamp'>13:53:23</td>
																	<td class='step-details'>Test Passed</td>
																</tr>
														</tbody>
													</table>
													<ul class='collapsible node-list' data-collapsible='accordion'>
													</ul>
												</div>
											</div>
										</li>
										<li class='collection-item test displayed active pass ' extentid='3818ec11-b3cd-4ce4-82fc-e161207ca384'>
											<div class='test-head'>
												<span class='test-name'>privacyPolicyLinkTest </span>
												<span class='test-status label right outline capitalize pass'>pass</span>
												<span class='category-assigned hide  footermenutest'></span>
											</div>
											<div class='test-body'>
												<div class='test-info'>
													<span title='Test started time' alt='Test started time' class='test-started-time label green lighten-1 text-white'>2019-01-02 13:53:37</span>
													<span title='Test ended time' alt='Test ended time' class='test-ended-time label red lighten-1 text-white'>2019-01-02 13:53:38</span>
													<span title='Time taken to finish' alt='Time taken to finish' class='test-time-taken label blue-grey lighten-3 text-white'>0h 0m 0s+595ms</span>
												</div>
												<div class='test-desc'></div>
												<div class='test-attributes'>
														<div class='categories'>
																<span class='category text-white'>FooterMenuTest</span>
														</div>
												</div>
												<div class='test-steps'>
													<table class='bordered table-results'>
														<thead>
															<tr>
																<th>Status</th>
																<th>Timestamp</th>
																<th>Details</th>
															</tr>
														</thead>
														<tbody>
																<tr>
																	<td class='status info' title='info' alt='info'><i class='mdi-action-info-outline'></i></td>
																	<td class='timestamp'>13:53:37</td>
																	<td class='step-details'>Click privacyPolicyLink<br></td>
																</tr>
																<tr>
																	<td class='status info' title='info' alt='info'><i class='mdi-action-info-outline'></i></td>
																	<td class='timestamp'>13:53:38</td>
																	<td class='step-details'>Clicked privacyPolicyLink<br></td>
																</tr>
																<tr>
																	<td class='status pass' title='pass' alt='pass'><i class='mdi-action-check-circle'></i></td>
																	<td class='timestamp'>13:53:38</td>
																	<td class='step-details'>Test Passed</td>
																</tr>
														</tbody>
													</table>
													<ul class='collapsible node-list' data-collapsible='accordion'>
													</ul>
												</div>
											</div>
										</li>
										<li class='collection-item test displayed active pass ' extentid='f5b9b7aa-316d-4cd8-8ebf-e61a9201890a'>
											<div class='test-head'>
												<span class='test-name'>refundPolicyLinkTest </span>
												<span class='test-status label right outline capitalize pass'>pass</span>
												<span class='category-assigned hide  footermenutest'></span>
											</div>
											<div class='test-body'>
												<div class='test-info'>
													<span title='Test started time' alt='Test started time' class='test-started-time label green lighten-1 text-white'>2019-01-02 13:53:51</span>
													<span title='Test ended time' alt='Test ended time' class='test-ended-time label red lighten-1 text-white'>2019-01-02 13:53:52</span>
													<span title='Time taken to finish' alt='Time taken to finish' class='test-time-taken label blue-grey lighten-3 text-white'>0h 0m 0s+672ms</span>
												</div>
												<div class='test-desc'></div>
												<div class='test-attributes'>
														<div class='categories'>
																<span class='category text-white'>FooterMenuTest</span>
														</div>
												</div>
												<div class='test-steps'>
													<table class='bordered table-results'>
														<thead>
															<tr>
																<th>Status</th>
																<th>Timestamp</th>
																<th>Details</th>
															</tr>
														</thead>
														<tbody>
																<tr>
																	<td class='status info' title='info' alt='info'><i class='mdi-action-info-outline'></i></td>
																	<td class='timestamp'>13:53:51</td>
																	<td class='step-details'>Click refundPolicyLink<br></td>
																</tr>
																<tr>
																	<td class='status info' title='info' alt='info'><i class='mdi-action-info-outline'></i></td>
																	<td class='timestamp'>13:53:52</td>
																	<td class='step-details'>Clicked refundPolicyLink<br></td>
																</tr>
																<tr>
																	<td class='status pass' title='pass' alt='pass'><i class='mdi-action-check-circle'></i></td>
																	<td class='timestamp'>13:53:52</td>
																	<td class='step-details'>Test Passed</td>
																</tr>
														</tbody>
													</table>
													<ul class='collapsible node-list' data-collapsible='accordion'>
													</ul>
												</div>
											</div>
										</li>
										<li class='collection-item test displayed active pass ' extentid='01b033fb-361c-493c-a422-81f35beb4f09'>
											<div class='test-head'>
												<span class='test-name'>searchLinkTest </span>
												<span class='test-status label right outline capitalize pass'>pass</span>
												<span class='category-assigned hide  footermenutest'></span>
											</div>
											<div class='test-body'>
												<div class='test-info'>
													<span title='Test started time' alt='Test started time' class='test-started-time label green lighten-1 text-white'>2019-01-02 13:54:02</span>
													<span title='Test ended time' alt='Test ended time' class='test-ended-time label red lighten-1 text-white'>2019-01-02 13:54:02</span>
													<span title='Time taken to finish' alt='Time taken to finish' class='test-time-taken label blue-grey lighten-3 text-white'>0h 0m 0s+665ms</span>
												</div>
												<div class='test-desc'></div>
												<div class='test-attributes'>
														<div class='categories'>
																<span class='category text-white'>FooterMenuTest</span>
														</div>
												</div>
												<div class='test-steps'>
													<table class='bordered table-results'>
														<thead>
															<tr>
																<th>Status</th>
																<th>Timestamp</th>
																<th>Details</th>
															</tr>
														</thead>
														<tbody>
																<tr>
																	<td class='status info' title='info' alt='info'><i class='mdi-action-info-outline'></i></td>
																	<td class='timestamp'>13:54:02</td>
																	<td class='step-details'>Click searchLink<br></td>
																</tr>
																<tr>
																	<td class='status info' title='info' alt='info'><i class='mdi-action-info-outline'></i></td>
																	<td class='timestamp'>13:54:02</td>
																	<td class='step-details'>Clicked searchLink<br></td>
																</tr>
																<tr>
																	<td class='status pass' title='pass' alt='pass'><i class='mdi-action-check-circle'></i></td>
																	<td class='timestamp'>13:54:02</td>
																	<td class='step-details'>Test Passed</td>
																</tr>
														</tbody>
													</table>
													<ul class='collapsible node-list' data-collapsible='accordion'>
													</ul>
												</div>
											</div>
										</li>
										<li class='collection-item test displayed active pass ' extentid='fcd7d062-72df-4a1f-b44e-8ed25befb109'>
											<div class='test-head'>
												<span class='test-name'>contactUsLinkTest </span>
												<span class='test-status label right outline capitalize pass'>pass</span>
												<span class='category-assigned hide  homepagetest'></span>
											</div>
											<div class='test-body'>
												<div class='test-info'>
													<span title='Test started time' alt='Test started time' class='test-started-time label green lighten-1 text-white'>2019-01-02 13:54:13</span>
													<span title='Test ended time' alt='Test ended time' class='test-ended-time label red lighten-1 text-white'>2019-01-02 13:54:14</span>
													<span title='Time taken to finish' alt='Time taken to finish' class='test-time-taken label blue-grey lighten-3 text-white'>0h 0m 1s+339ms</span>
												</div>
												<div class='test-desc'></div>
												<div class='test-attributes'>
														<div class='categories'>
																<span class='category text-white'>HomePageTest</span>
														</div>
												</div>
												<div class='test-steps'>
													<table class='bordered table-results'>
														<thead>
															<tr>
																<th>Status</th>
																<th>Timestamp</th>
																<th>Details</th>
															</tr>
														</thead>
														<tbody>
																<tr>
																	<td class='status info' title='info' alt='info'><i class='mdi-action-info-outline'></i></td>
																	<td class='timestamp'>13:54:13</td>
																	<td class='step-details'>Click contactUsButton<br></td>
																</tr>
																<tr>
																	<td class='status info' title='info' alt='info'><i class='mdi-action-info-outline'></i></td>
																	<td class='timestamp'>13:54:14</td>
																	<td class='step-details'>Clicked contactUsButton<br></td>
																</tr>
																<tr>
																	<td class='status pass' title='pass' alt='pass'><i class='mdi-action-check-circle'></i></td>
																	<td class='timestamp'>13:54:14</td>
																	<td class='step-details'>Test Passed</td>
																</tr>
														</tbody>
													</table>
													<ul class='collapsible node-list' data-collapsible='accordion'>
													</ul>
												</div>
											</div>
										</li>
										<li class='collection-item test displayed active pass ' extentid='1bea1aa3-914c-4401-a806-cf484fe46b45'>
											<div class='test-head'>
												<span class='test-name'>logoAndEmailTest </span>
												<span class='test-status label right outline capitalize pass'>pass</span>
												<span class='category-assigned hide  homepagetest'></span>
											</div>
											<div class='test-body'>
												<div class='test-info'>
													<span title='Test started time' alt='Test started time' class='test-started-time label green lighten-1 text-white'>2019-01-02 13:54:25</span>
													<span title='Test ended time' alt='Test ended time' class='test-ended-time label red lighten-1 text-white'>2019-01-02 13:54:25</span>
													<span title='Time taken to finish' alt='Time taken to finish' class='test-time-taken label blue-grey lighten-3 text-white'>0h 0m 0s+154ms</span>
												</div>
												<div class='test-desc'></div>
												<div class='test-attributes'>
														<div class='categories'>
																<span class='category text-white'>HomePageTest</span>
														</div>
												</div>
												<div class='test-steps'>
													<table class='bordered table-results'>
														<thead>
															<tr>
																<th>Status</th>
																<th>Timestamp</th>
																<th>Details</th>
															</tr>
														</thead>
														<tbody>
																<tr>
																	<td class='status info' title='info' alt='info'><i class='mdi-action-info-outline'></i></td>
																	<td class='timestamp'>13:54:25</td>
																	<td class='step-details'>watchoutfitters logo is displayed<br></td>
																</tr>
																<tr>
																	<td class='status pass' title='pass' alt='pass'><i class='mdi-action-check-circle'></i></td>
																	<td class='timestamp'>13:54:25</td>
																	<td class='step-details'>Test Passed</td>
																</tr>
														</tbody>
													</table>
													<ul class='collapsible node-list' data-collapsible='accordion'>
													</ul>
												</div>
											</div>
										</li>
										<li class='collection-item test displayed active pass ' extentid='89c49c39-4ee0-4a45-bb2d-6d9e3fed7e36'>
											<div class='test-head'>
												<span class='test-name'>logoIconTest </span>
												<span class='test-status label right outline capitalize pass'>pass</span>
												<span class='category-assigned hide  homepagetest'></span>
											</div>
											<div class='test-body'>
												<div class='test-info'>
													<span title='Test started time' alt='Test started time' class='test-started-time label green lighten-1 text-white'>2019-01-02 13:54:35</span>
													<span title='Test ended time' alt='Test ended time' class='test-ended-time label red lighten-1 text-white'>2019-01-02 13:54:35</span>
													<span title='Time taken to finish' alt='Time taken to finish' class='test-time-taken label blue-grey lighten-3 text-white'>0h 0m 0s+817ms</span>
												</div>
												<div class='test-desc'></div>
												<div class='test-attributes'>
														<div class='categories'>
																<span class='category text-white'>HomePageTest</span>
														</div>
												</div>
												<div class='test-steps'>
													<table class='bordered table-results'>
														<thead>
															<tr>
																<th>Status</th>
																<th>Timestamp</th>
																<th>Details</th>
															</tr>
														</thead>
														<tbody>
																<tr>
																	<td class='status info' title='info' alt='info'><i class='mdi-action-info-outline'></i></td>
																	<td class='timestamp'>13:54:35</td>
																	<td class='step-details'>Click logInIcon<br></td>
																</tr>
																<tr>
																	<td class='status info' title='info' alt='info'><i class='mdi-action-info-outline'></i></td>
																	<td class='timestamp'>13:54:35</td>
																	<td class='step-details'>Clicked logInIcon<br></td>
																</tr>
																<tr>
																	<td class='status info' title='info' alt='info'><i class='mdi-action-info-outline'></i></td>
																	<td class='timestamp'>13:54:35</td>
																	<td class='step-details'>Login page is displayed<br></td>
																</tr>
																<tr>
																	<td class='status pass' title='pass' alt='pass'><i class='mdi-action-check-circle'></i></td>
																	<td class='timestamp'>13:54:35</td>
																	<td class='step-details'>Test Passed</td>
																</tr>
														</tbody>
													</table>
													<ul class='collapsible node-list' data-collapsible='accordion'>
													</ul>
												</div>
											</div>
										</li>
										<li class='collection-item test displayed active pass ' extentid='c735bea2-df34-48a6-809a-ce3c500f830c'>
											<div class='test-head'>
												<span class='test-name'>searchLinkTest </span>
												<span class='test-status label right outline capitalize pass'>pass</span>
												<span class='category-assigned hide  homepagetest'></span>
											</div>
											<div class='test-body'>
												<div class='test-info'>
													<span title='Test started time' alt='Test started time' class='test-started-time label green lighten-1 text-white'>2019-01-02 13:54:53</span>
													<span title='Test ended time' alt='Test ended time' class='test-ended-time label red lighten-1 text-white'>2019-01-02 13:54:53</span>
													<span title='Time taken to finish' alt='Time taken to finish' class='test-time-taken label blue-grey lighten-3 text-white'>0h 0m 0s+183ms</span>
												</div>
												<div class='test-desc'></div>
												<div class='test-attributes'>
														<div class='categories'>
																<span class='category text-white'>HomePageTest</span>
														</div>
												</div>
												<div class='test-steps'>
													<table class='bordered table-results'>
														<thead>
															<tr>
																<th>Status</th>
																<th>Timestamp</th>
																<th>Details</th>
															</tr>
														</thead>
														<tbody>
																<tr>
																	<td class='status info' title='info' alt='info'><i class='mdi-action-info-outline'></i></td>
																	<td class='timestamp'>13:54:53</td>
																	<td class='step-details'>Click searchIcon<br></td>
																</tr>
																<tr>
																	<td class='status info' title='info' alt='info'><i class='mdi-action-info-outline'></i></td>
																	<td class='timestamp'>13:54:53</td>
																	<td class='step-details'>Clicked searchIcon<br></td>
																</tr>
																<tr>
																	<td class='status pass' title='pass' alt='pass'><i class='mdi-action-check-circle'></i></td>
																	<td class='timestamp'>13:54:53</td>
																	<td class='step-details'>Test Passed</td>
																</tr>
														</tbody>
													</table>
													<ul class='collapsible node-list' data-collapsible='accordion'>
													</ul>
												</div>
											</div>
										</li>
										<li class='collection-item test displayed active pass ' extentid='8e25d9fe-8101-44b3-b7cd-a830b901cd40'>
											<div class='test-head'>
												<span class='test-name'>shopHoverOverMenuTest </span>
												<span class='test-status label right outline capitalize pass'>pass</span>
												<span class='category-assigned hide  homepagetest'></span>
											</div>
											<div class='test-body'>
												<div class='test-info'>
													<span title='Test started time' alt='Test started time' class='test-started-time label green lighten-1 text-white'>2019-01-02 13:55:03</span>
													<span title='Test ended time' alt='Test ended time' class='test-ended-time label red lighten-1 text-white'>2019-01-02 13:55:07</span>
													<span title='Time taken to finish' alt='Time taken to finish' class='test-time-taken label blue-grey lighten-3 text-white'>0h 0m 4s+212ms</span>
												</div>
												<div class='test-desc'></div>
												<div class='test-attributes'>
														<div class='categories'>
																<span class='category text-white'>HomePageTest</span>
														</div>
												</div>
												<div class='test-steps'>
													<table class='bordered table-results'>
														<thead>
															<tr>
																<th>Status</th>
																<th>Timestamp</th>
																<th>Details</th>
															</tr>
														</thead>
														<tbody>
																<tr>
																	<td class='status info' title='info' alt='info'><i class='mdi-action-info-outline'></i></td>
																	<td class='timestamp'>13:55:07</td>
																	<td class='step-details'>Hovermenu and getting titles<br></td>
																</tr>
																<tr>
																	<td class='status pass' title='pass' alt='pass'><i class='mdi-action-check-circle'></i></td>
																	<td class='timestamp'>13:55:07</td>
																	<td class='step-details'>Test Passed</td>
																</tr>
														</tbody>
													</table>
													<ul class='collapsible node-list' data-collapsible='accordion'>
													</ul>
												</div>
											</div>
										</li>
										<li class='collection-item test displayed active fail ' extentid='cfc5b286-eec4-4e38-8c2b-9adc620c0722'>
											<div class='test-head'>
												<span class='test-name'>shopMenuTest </span>
												<span class='test-status label right outline capitalize fail'>fail</span>
												<span class='category-assigned hide  homepagetest'></span>
											</div>
											<div class='test-body'>
												<div class='test-info'>
													<span title='Test started time' alt='Test started time' class='test-started-time label green lighten-1 text-white'>2019-01-02 13:55:17</span>
													<span title='Test ended time' alt='Test ended time' class='test-ended-time label red lighten-1 text-white'>2019-01-02 13:55:17</span>
													<span title='Time taken to finish' alt='Time taken to finish' class='test-time-taken label blue-grey lighten-3 text-white'>0h 0m 0s+79ms</span>
												</div>
												<div class='test-desc'></div>
												<div class='test-attributes'>
														<div class='categories'>
																<span class='category text-white'>HomePageTest</span>
														</div>
												</div>
												<div class='test-steps'>
													<table class='bordered table-results'>
														<thead>
															<tr>
																<th>Status</th>
																<th>Timestamp</th>
																<th>Details</th>
															</tr>
														</thead>
														<tbody>
																<tr>
																	<td class='status info' title='info' alt='info'><i class='mdi-action-info-outline'></i></td>
																	<td class='timestamp'>13:55:17</td>
																	<td class='step-details'>Click shopNowActionButton<br></td>
																</tr>
																<tr>
																	<td class='status fail' title='fail' alt='fail'><i class='mdi-navigation-cancel'></i></td>
																	<td class='timestamp'>13:55:17</td>
																	<td class='step-details'>org.openqa.selenium.WebDriverException: unknown error: Element <a href="/collections/womens-watches" class="action_button">...</a> is not clickable at point (1199, 362). Other element would receive the click: <img src="//cdn.shopify.com/s/files/1/1150/5108/files/WOheroimage_1200x.jpg?v=1509040114" alt="" class="lazyload transition-in" sizes="100vw" srcset="//cdn.shopify.com/s/files/1/1150/5108/files/WOheroimage_480x.jpg?v=1509040114 480w,
                            //cdn.shopify.com/s/files/1/1150/5108/files/WOheroimage_768x.jpg?v=1509040114 768w,
                            //cdn.shopify.com/s/files/1/1150/5108/files/WOheroimage_1200x.jpg?v=1509040114 1200w,
                            //cdn.shopify.com/s/files/1/1150/5108/files/WOheroimage_2048x2048.jpg?v=1509040114 2048w" draggable="false">
  (Session info: chrome=71.0.3578.98)
  (Driver info: chromedriver=2.45.615291 (ec3682e3c9061c10f26ea9e5cdcf3c53f3f74387),platform=Windows NT 10.0.17134 x86_64) (WARNING: The server did not provide any stacktrace information)
Command duration or timeout: 0 milliseconds
Build info: version: '3.14.0', revision: 'aacccce0', time: '2018-08-02T20:19:58.91Z'
System info: host: 'DESKTOP-E6LJ5NF', ip: '192.168.145.1', os.name: 'Windows 10', os.arch: 'amd64', os.version: '10.0', java.version: '1.8.0_192'
Driver info: org.openqa.selenium.chrome.ChromeDriver
Capabilities {acceptInsecureCerts: false, acceptSslCerts: false, applicationCacheEnabled: false, browserConnectionEnabled: false, browserName: chrome, chrome: {chromedriverVersion: 2.45.615291 (ec3682e3c9061c..., userDataDir: C:\Users\hussa\AppData\Loca...}, cssSelectorsEnabled: true, databaseEnabled: false, goog:chromeOptions: {debuggerAddress: localhost:61596}, handlesAlerts: true, hasTouchScreen: false, javascriptEnabled: true, locationContextEnabled: true, mobileEmulationEnabled: false, nativeEvents: true, networkConnectionEnabled: false, pageLoadStrategy: normal, platform: XP, platformName: XP, proxy: Proxy(), rotatable: false, setWindowRect: true, strictFileInteractability: false, takesHeapSnapshot: true, takesScreenshot: true, timeouts: {implicit: 0, pageLoad: 300000, script: 30000}, unexpectedAlertBehaviour: ignore, unhandledPromptBehavior: ignore, version: 71.0.3578.98, webStorageEnabled: true}
Session ID: 5324e5aed1d21acfee43f2937908d10d
	at sun.reflect.NativeConstructorAccessorImpl.newInstance0(Native Method)
	at sun.reflect.NativeConstructorAccessorImpl.newInstance(NativeConstructorAccessorImpl.java:62)
	at sun.reflect.DelegatingConstructorAccessorImpl.newInstance(DelegatingConstructorAccessorImpl.java:45)
	at java.lang.reflect.Constructor.newInstance(Constructor.java:423)
	at org.openqa.selenium.remote.ErrorHandler.createThrowable(ErrorHandler.java:214)
	at org.openqa.selenium.remote.ErrorHandler.throwIfResponseFailed(ErrorHandler.java:166)
	at org.openqa.selenium.remote.http.JsonHttpResponseCodec.reconstructValue(JsonHttpResponseCodec.java:40)
	at org.openqa.selenium.remote.http.AbstractHttpResponseCodec.decode(AbstractHttpResponseCodec.java:80)
	at org.openqa.selenium.remote.http.AbstractHttpResponseCodec.decode(AbstractHttpResponseCodec.java:44)
	at org.openqa.selenium.remote.HttpCommandExecutor.execute(HttpCommandExecutor.java:158)
	at org.openqa.selenium.remote.service.DriverCommandExecutor.execute(DriverCommandExecutor.java:83)
	at org.openqa.selenium.remote.RemoteWebDriver.execute(RemoteWebDriver.java:548)
	at org.openqa.selenium.remote.RemoteWebElement.execute(RemoteWebElement.java:276)
	at org.openqa.selenium.remote.RemoteWebElement.click(RemoteWebElement.java:83)
	at sun.reflect.GeneratedMethodAccessor28.invoke(Unknown Source)
	at sun.reflect.DelegatingMethodAccessorImpl.invoke(DelegatingMethodAccessorImpl.java:43)
	at java.lang.reflect.Method.invoke(Method.java:498)
	at org.openqa.selenium.support.pagefactory.internal.LocatingElementHandler.invoke(LocatingElementHandler.java:51)
	at com.sun.proxy.$Proxy13.click(Unknown Source)
	at application.page.base.ApplicationPageBase.click(ApplicationPageBase.java:47)
	at page.objects.HomePage.shopNowLinkAndLeftRightArrows(HomePage.java:121)
	at test.page.objects.HomePageTest.shopMenuTest(HomePageTest.java:33)
	at sun.reflect.NativeMethodAccessorImpl.invoke0(Native Method)
	at sun.reflect.NativeMethodAccessorImpl.invoke(NativeMethodAccessorImpl.java:62)
	at sun.reflect.DelegatingMethodAccessorImpl.invoke(DelegatingMethodAccessorImpl.java:43)
	at java.lang.reflect.Method.invoke(Method.java:498)
	at org.testng.internal.MethodInvocationHelper.invokeMethod(MethodInvocationHelper.java:108)
	at org.testng.internal.Invoker.invokeMethod(Invoker.java:661)
	at org.testng.internal.Invoker.invokeTestMethod(Invoker.java:869)
	at org.testng.internal.Invoker.invokeTestMethods(Invoker.java:1193)
	at org.testng.internal.TestMethodWorker.invokeTestMethods(TestMethodWorker.java:126)
	at org.testng.internal.TestMethodWorker.run(TestMethodWorker.java:109)
	at org.testng.TestRunner.privateRun(TestRunner.java:744)
	at org.testng.TestRunner.run(TestRunner.java:602)
	at org.testng.SuiteRunner.runTest(SuiteRunner.java:380)
	at org.testng.SuiteRunner.runSequentially(SuiteRunner.java:375)
	at org.testng.SuiteRunner.privateRun(SuiteRunner.java:340)
	at org.testng.SuiteRunner.run(SuiteRunner.java:289)
	at org.testng.SuiteRunnerWorker.runSuite(SuiteRunnerWorker.java:52)
	at org.testng.SuiteRunnerWorker.run(SuiteRunnerWorker.java:86)
	at org.testng.TestNG.runSuitesSequentially(TestNG.java:1301)
	at org.testng.TestNG.runSuitesLocally(TestNG.java:1226)
	at org.testng.TestNG.runSuites(TestNG.java:1144)
	at org.testng.TestNG.run(TestNG.java:1115)
	at org.testng.IDEARemoteTestNG.run(IDEARemoteTestNG.java:72)
	at org.testng.RemoteTestNGStarter.main(RemoteTestNGStarter.java:123)</td>
																</tr>
														</tbody>
													</table>
													<ul class='collapsible node-list' data-collapsible='accordion'>
													</ul>
												</div>
											</div>
										</li>
										<li class='collection-item test displayed active fail ' extentid='eafbfa4b-24d8-48df-88ce-a877c0f4d475'>
											<div class='test-head'>
												<span class='test-name'>shoppingCartLinkTest </span>
												<span class='test-status label right outline capitalize fail'>fail</span>
												<span class='category-assigned hide  homepagetest'></span>
											</div>
											<div class='test-body'>
												<div class='test-info'>
													<span title='Test started time' alt='Test started time' class='test-started-time label green lighten-1 text-white'>2019-01-02 13:55:26</span>
													<span title='Test ended time' alt='Test ended time' class='test-ended-time label red lighten-1 text-white'>2019-01-02 13:55:55</span>
													<span title='Time taken to finish' alt='Time taken to finish' class='test-time-taken label blue-grey lighten-3 text-white'>0h 0m 29s+130ms</span>
												</div>
												<div class='test-desc'></div>
												<div class='test-attributes'>
														<div class='categories'>
																<span class='category text-white'>HomePageTest</span>
														</div>
												</div>
												<div class='test-steps'>
													<table class='bordered table-results'>
														<thead>
															<tr>
																<th>Status</th>
																<th>Timestamp</th>
																<th>Details</th>
															</tr>
														</thead>
														<tbody>
																<tr>
																	<td class='status info' title='info' alt='info'><i class='mdi-action-info-outline'></i></td>
																	<td class='timestamp'>13:55:26</td>
																	<td class='step-details'>Click shoppingCartIcon<br></td>
																</tr>
																<tr>
																	<td class='status fail' title='fail' alt='fail'><i class='mdi-navigation-cancel'></i></td>
																	<td class='timestamp'>13:55:55</td>
																	<td class='step-details'>java.lang.NullPointerException
	at sun.reflect.GeneratedMethodAccessor28.invoke(Unknown Source)
	at sun.reflect.DelegatingMethodAccessorImpl.invoke(DelegatingMethodAccessorImpl.java:43)
	at java.lang.reflect.Method.invoke(Method.java:498)
	at org.openqa.selenium.support.pagefactory.internal.LocatingElementHandler.invoke(LocatingElementHandler.java:51)
	at com.sun.proxy.$Proxy13.click(Unknown Source)
	at application.page.base.ApplicationPageBase.click(ApplicationPageBase.java:47)
	at page.objects.HomePage.shoppingCartLink(HomePage.java:114)
	at test.page.objects.HomePageTest.shoppingCartLinkTest(HomePageTest.java:45)
	at sun.reflect.NativeMethodAccessorImpl.invoke0(Native Method)
	at sun.reflect.NativeMethodAccessorImpl.invoke(NativeMethodAccessorImpl.java:62)
	at sun.reflect.DelegatingMethodAccessorImpl.invoke(DelegatingMethodAccessorImpl.java:43)
	at java.lang.reflect.Method.invoke(Method.java:498)
	at org.testng.internal.MethodInvocationHelper.invokeMethod(MethodInvocationHelper.java:108)
	at org.testng.internal.Invoker.invokeMethod(Invoker.java:661)
	at org.testng.internal.Invoker.invokeTestMethod(Invoker.java:869)
	at org.testng.internal.Invoker.invokeTestMethods(Invoker.java:1193)
	at org.testng.internal.TestMethodWorker.invokeTestMethods(TestMethodWorker.java:126)
	at org.testng.internal.TestMethodWorker.run(TestMethodWorker.java:109)
	at org.testng.TestRunner.privateRun(TestRunner.java:744)
	at org.testng.TestRunner.run(TestRunner.java:602)
	at org.testng.SuiteRunner.runTest(SuiteRunner.java:380)
	at org.testng.SuiteRunner.runSequentially(SuiteRunner.java:375)
	at org.testng.SuiteRunner.privateRun(SuiteRunner.java:340)
	at org.testng.SuiteRunner.run(SuiteRunner.java:289)
	at org.testng.SuiteRunnerWorker.runSuite(SuiteRunnerWorker.java:52)
	at org.testng.SuiteRunnerWorker.run(SuiteRunnerWorker.java:86)
	at org.testng.TestNG.runSuitesSequentially(TestNG.java:1301)
	at org.testng.TestNG.runSuitesLocally(TestNG.java:1226)
	at org.testng.TestNG.runSuites(TestNG.java:1144)
	at org.testng.TestNG.run(TestNG.java:1115)
	at org.testng.IDEARemoteTestNG.run(IDEARemoteTestNG.java:72)
	at org.testng.RemoteTestNGStarter.main(RemoteTestNGStarter.java:123)</td>
																</tr>
														</tbody>
													</table>
													<ul class='collapsible node-list' data-collapsible='accordion'>
													</ul>
												</div>
											</div>
										</li>
								</ul>
							</div>
						</div>
					</div>
				</div>
				<div id='test-details-wrapper' class='col _addedCell2'>
					<div class='contents'>
						<div class='card-panel details-view'>
							<h5 class='details-name'></h5>
							<div class='step-filters right'>
								<span class='btn-floating btn-small waves-effect waves-light blue' status='info' alt='info' title='info'><i class='mdi-action-info-outline'></i></span>
								<span class='btn-floating btn-small waves-effect waves-light green' status='pass' alt='pass' title='pass'><i class='mdi-action-check-circle'></i></span>
								<span class='btn-floating btn-small waves-effect waves-light red' status='fail' alt='fail' title='fail'><i class='mdi-navigation-cancel'></i></span>
								<span class='btn-floating btn-small waves-effect waves-light red darken-4' status='fatal' alt='fatal' title='fatal'><i class='mdi-navigation-cancel'></i></span>
								<span class='btn-floating btn-small waves-effect waves-light red lighten-2' status='error' alt='error' title='error'><i class='mdi-alert-error'></i></span>
								<span class='btn-floating btn-small waves-effect waves-light orange' alt='warning' status='warning' title='warning'><i class='mdi-alert-warning'></i></span>
								<span class='btn-floating btn-small waves-effect waves-light cyan' status='skip' alt='skip' title='skip'><i class='mdi-content-redo'></i></span>
								<span class='btn-floating btn-small waves-effect waves-light grey darken-2' status='clear-step-filter' alt='Clear filters' title='Clear filters'><i class='mdi-content-clear'></i></span>
							</div>
							<div class='details-container'>
							</div>
						</div>
					</div>
				</div>
			</div>
			<!-- /tests -->
			
			<!-- categories -->
				<div id='categories-view' class='row _addedTable hide'>
					<div class='col _addedCell1'>
						<div class='contents'>
							<div class='card-panel heading'>
								<h5>Categories</h5>
							</div>
							<div class='card-panel filters'>
								<div class='search' alt='Search tests' title='Search tests'>
									<div class='input-field left'>
										<input id='searchTests' type='text' class='validate' placeholder='Search...'>
									</div>
									<a href="#" class='btn-floating btn-small waves-effect waves-light blue lighten-1'>
										<i class='mdi-action-search'></i>
									</a>
								</div>
							</div>
							<div class='card-panel no-padding-h no-padding-v'>
								<div class='wrapper'>
									<ul id='cat-collection' class='cat-collection'>
											<li class='category-item displayed'>
												<div class='cat-head'>
													<span class='category-name'>ContactsUsTest</span>
												</div>
												<div class='category-status-counts'>
														<span class='pass label dot'>Pass: 3</span>
												</div>
												<div class='cat-body'>
													<div class='category-status-counts'>
														<div class='button-group'>
															<a href='#!' class='pass label filter'>Pass <span class='icon'>3</span></a>
															<a href='#!' class='fail label filter'>Fail <span class='icon'>0</span></a>
															<a href='#!' class='other label filter'>Others <span class='icon'>0</span></a>
														</div>
													</div>
													<div class='cat-tests'>
														<table class='bordered'>
															<thead>
																<tr>
																	<th>RunDate</th>
																	<th>Test Name</th>
																	<th>Status</th>
																</tr>
															</thead>
															<tbody>
																	<tr class='pass'>
																		<td>2019-01-02 13:50:44</td>
																		<td><span class='category-link linked' extentid='ddac7e66-879a-4a37-b99c-c3d013ccc8b0'>contactUsLinkTest</span></td>
																		<td><div class='status label capitalize pass'>pass</div></td>
																	</tr>
																	<tr class='pass'>
																		<td>2019-01-02 13:50:56</td>
																		<td><span class='category-link linked' extentid='3fee089a-eb9b-4f09-aa7f-17b57379d151'>enteringDataTest</span></td>
																		<td><div class='status label capitalize pass'>pass</div></td>
																	</tr>
																	<tr class='pass'>
																		<td>2019-01-02 13:51:07</td>
																		<td><span class='category-link linked' extentid='566273c8-9213-4f5a-a4bc-28c44dc60c00'>helpCenterLinkTest</span></td>
																		<td><div class='status label capitalize pass'>pass</div></td>
																	</tr>
															<tbody>
														</table>
													</div>
												</div> 
											</li>
											<li class='category-item displayed'>
												<div class='cat-head'>
													<span class='category-name'>FooterMenuTest</span>
												</div>
												<div class='category-status-counts'>
														<span class='pass label dot'>Pass: 7</span>
														<span class='fail label dot'>Fail: 1</span>
												</div>
												<div class='cat-body'>
													<div class='category-status-counts'>
														<div class='button-group'>
															<a href='#!' class='pass label filter'>Pass <span class='icon'>7</span></a>
															<a href='#!' class='fail label filter'>Fail <span class='icon'>1</span></a>
															<a href='#!' class='other label filter'>Others <span class='icon'>0</span></a>
														</div>
													</div>
													<div class='cat-tests'>
														<table class='bordered'>
															<thead>
																<tr>
																	<th>RunDate</th>
																	<th>Test Name</th>
																	<th>Status</th>
																</tr>
															</thead>
															<tbody>
																	<tr class='pass'>
																		<td>2019-01-02 13:51:26</td>
																		<td><span class='category-link linked' extentid='d0f82766-d19c-4e4d-990f-e7654e1f8dcb'>aboutUsLinkTest</span></td>
																		<td><div class='status label capitalize pass'>pass</div></td>
																	</tr>
																	<tr class='pass'>
																		<td>2019-01-02 13:51:39</td>
																		<td><span class='category-link linked' extentid='a662f0ca-9abb-41f0-99bb-2165f43d0d1c'>contactUsLinkTest</span></td>
																		<td><div class='status label capitalize pass'>pass</div></td>
																	</tr>
																	<tr class='fail'>
																		<td>2019-01-02 13:52:02</td>
																		<td><span class='category-link linked' extentid='5593f041-3344-4c24-8a51-53d518d9b9bb'>faqLinkTest</span></td>
																		<td><div class='status label capitalize fail'>fail</div></td>
																	</tr>
																	<tr class='pass'>
																		<td>2019-01-02 13:53:08</td>
																		<td><span class='category-link linked' extentid='223f1825-53f3-4851-b385-7052865eaffd'>giftCardLinkTest</span></td>
																		<td><div class='status label capitalize pass'>pass</div></td>
																	</tr>
																	<tr class='pass'>
																		<td>2019-01-02 13:53:22</td>
																		<td><span class='category-link linked' extentid='743a9027-cbef-40a1-b4c6-f8dbe873e277'>newsAndUpdatesTest</span></td>
																		<td><div class='status label capitalize pass'>pass</div></td>
																	</tr>
																	<tr class='pass'>
																		<td>2019-01-02 13:53:37</td>
																		<td><span class='category-link linked' extentid='3818ec11-b3cd-4ce4-82fc-e161207ca384'>privacyPolicyLinkTest</span></td>
																		<td><div class='status label capitalize pass'>pass</div></td>
																	</tr>
																	<tr class='pass'>
																		<td>2019-01-02 13:53:51</td>
																		<td><span class='category-link linked' extentid='f5b9b7aa-316d-4cd8-8ebf-e61a9201890a'>refundPolicyLinkTest</span></td>
																		<td><div class='status label capitalize pass'>pass</div></td>
																	</tr>
																	<tr class='pass'>
																		<td>2019-01-02 13:54:02</td>
																		<td><span class='category-link linked' extentid='01b033fb-361c-493c-a422-81f35beb4f09'>searchLinkTest</span></td>
																		<td><div class='status label capitalize pass'>pass</div></td>
																	</tr>
															<tbody>
														</table>
													</div>
												</div> 
											</li>
											<li class='category-item displayed'>
												<div class='cat-head'>
													<span class='category-name'>HomePageTest</span>
												</div>
												<div class='category-status-counts'>
														<span class='pass label dot'>Pass: 5</span>
														<span class='fail label dot'>Fail: 2</span>
												</div>
												<div class='cat-body'>
													<div class='category-status-counts'>
														<div class='button-group'>
															<a href='#!' class='pass label filter'>Pass <span class='icon'>5</span></a>
															<a href='#!' class='fail label filter'>Fail <span class='icon'>2</span></a>
															<a href='#!' class='other label filter'>Others <span class='icon'>0</span></a>
														</div>
													</div>
													<div class='cat-tests'>
														<table class='bordered'>
															<thead>
																<tr>
																	<th>RunDate</th>
																	<th>Test Name</th>
																	<th>Status</th>
																</tr>
															</thead>
															<tbody>
																	<tr class='pass'>
																		<td>2019-01-02 13:54:13</td>
																		<td><span class='category-link linked' extentid='fcd7d062-72df-4a1f-b44e-8ed25befb109'>contactUsLinkTest</span></td>
																		<td><div class='status label capitalize pass'>pass</div></td>
																	</tr>
																	<tr class='pass'>
																		<td>2019-01-02 13:54:25</td>
																		<td><span class='category-link linked' extentid='1bea1aa3-914c-4401-a806-cf484fe46b45'>logoAndEmailTest</span></td>
																		<td><div class='status label capitalize pass'>pass</div></td>
																	</tr>
																	<tr class='pass'>
																		<td>2019-01-02 13:54:35</td>
																		<td><span class='category-link linked' extentid='89c49c39-4ee0-4a45-bb2d-6d9e3fed7e36'>logoIconTest</span></td>
																		<td><div class='status label capitalize pass'>pass</div></td>
																	</tr>
																	<tr class='pass'>
																		<td>2019-01-02 13:54:53</td>
																		<td><span class='category-link linked' extentid='c735bea2-df34-48a6-809a-ce3c500f830c'>searchLinkTest</span></td>
																		<td><div class='status label capitalize pass'>pass</div></td>
																	</tr>
																	<tr class='pass'>
																		<td>2019-01-02 13:55:03</td>
																		<td><span class='category-link linked' extentid='8e25d9fe-8101-44b3-b7cd-a830b901cd40'>shopHoverOverMenuTest</span></td>
																		<td><div class='status label capitalize pass'>pass</div></td>
																	</tr>
																	<tr class='fail'>
																		<td>2019-01-02 13:55:17</td>
																		<td><span class='category-link linked' extentid='cfc5b286-eec4-4e38-8c2b-9adc620c0722'>shopMenuTest</span></td>
																		<td><div class='status label capitalize fail'>fail</div></td>
																	</tr>
																	<tr class='fail'>
																		<td>2019-01-02 13:55:26</td>
																		<td><span class='category-link linked' extentid='eafbfa4b-24d8-48df-88ce-a877c0f4d475'>shoppingCartLinkTest</span></td>
																		<td><div class='status label capitalize fail'>fail</div></td>
																	</tr>
															<tbody>
														</table>
													</div>
												</div> 
											</li>
											<li class='category-item displayed'>
												<div class='cat-head'>
													<span class='category-name'>LogInPageTest</span>
												</div>
												<div class='category-status-counts'>
														<span class='pass label dot'>Pass: 2</span>
														<span class='fail label dot'>Fail: 1</span>
												</div>
												<div class='cat-body'>
													<div class='category-status-counts'>
														<div class='button-group'>
															<a href='#!' class='pass label filter'>Pass <span class='icon'>2</span></a>
															<a href='#!' class='fail label filter'>Fail <span class='icon'>1</span></a>
															<a href='#!' class='other label filter'>Others <span class='icon'>0</span></a>
														</div>
													</div>
													<div class='cat-tests'>
														<table class='bordered'>
															<thead>
																<tr>
																	<th>RunDate</th>
																	<th>Test Name</th>
																	<th>Status</th>
																</tr>
															</thead>
															<tbody>
																	<tr class='fail'>
																		<td>2019-01-02 13:46:38</td>
																		<td><span class='category-link linked' extentid='063eb246-6b67-401b-b4e8-8c3f21073ee8'>LogInTest</span></td>
																		<td><div class='status label capitalize fail'>fail</div></td>
																	</tr>
																	<tr class='pass'>
																		<td>2019-01-02 13:47:52</td>
																		<td><span class='category-link linked' extentid='5f95e709-7741-4923-a130-85d4e4a2c0d2'>ValidLogInTest</span></td>
																		<td><div class='status label capitalize pass'>pass</div></td>
																	</tr>
																	<tr class='pass'>
																		<td>2019-01-02 13:48:09</td>
																		<td><span class='category-link linked' extentid='cd30a8c8-8316-4d73-b6a4-7901dc89b472'>logInTest</span></td>
																		<td><div class='status label capitalize pass'>pass</div></td>
																	</tr>
															<tbody>
														</table>
													</div>
												</div> 
											</li>
											<li class='category-item displayed'>
												<div class='cat-head'>
													<span class='category-name'>SearchTest</span>
												</div>
												<div class='category-status-counts'>
														<span class='pass label dot'>Pass: 1</span>
												</div>
												<div class='cat-body'>
													<div class='category-status-counts'>
														<div class='button-group'>
															<a href='#!' class='pass label filter'>Pass <span class='icon'>1</span></a>
															<a href='#!' class='fail label filter'>Fail <span class='icon'>0</span></a>
															<a href='#!' class='other label filter'>Others <span class='icon'>0</span></a>
														</div>
													</div>
													<div class='cat-tests'>
														<table class='bordered'>
															<thead>
																<tr>
																	<th>RunDate</th>
																	<th>Test Name</th>
																	<th>Status</th>
																</tr>
															</thead>
															<tbody>
																	<tr class='pass'>
																		<td>2019-01-02 13:46:21</td>
																		<td><span class='category-link linked' extentid='acc8dac9-f256-4ec5-99b4-0a5b38da7cd3'>searchBarTest</span></td>
																		<td><div class='status label capitalize pass'>pass</div></td>
																	</tr>
															<tbody>
														</table>
													</div>
												</div> 
											</li>
											<li class='category-item displayed'>
												<div class='cat-head'>
													<span class='category-name'>ShoppingCartTest</span>
												</div>
												<div class='category-status-counts'>
														<span class='fail label dot'>Fail: 2</span>
												</div>
												<div class='cat-body'>
													<div class='category-status-counts'>
														<div class='button-group'>
															<a href='#!' class='pass label filter'>Pass <span class='icon'>0</span></a>
															<a href='#!' class='fail label filter'>Fail <span class='icon'>2</span></a>
															<a href='#!' class='other label filter'>Others <span class='icon'>0</span></a>
														</div>
													</div>
													<div class='cat-tests'>
														<table class='bordered'>
															<thead>
																<tr>
																	<th>RunDate</th>
																	<th>Test Name</th>
																	<th>Status</th>
																</tr>
															</thead>
															<tbody>
																	<tr class='fail'>
																		<td>2019-01-02 13:48:27</td>
																		<td><span class='category-link linked' extentid='bb324c99-84b6-4147-8cf7-ccbf4027a660'>checkOutTest</span></td>
																		<td><div class='status label capitalize fail'>fail</div></td>
																	</tr>
																	<tr class='fail'>
																		<td>2019-01-02 13:49:35</td>
																		<td><span class='category-link linked' extentid='5a886bd5-0811-4988-8772-cd7fd8ef5bf2'>selectingAWatch</span></td>
																		<td><div class='status label capitalize fail'>fail</div></td>
																	</tr>
															<tbody>
														</table>
													</div>
												</div> 
											</li>
									</ul>
								</div>
							</div>
						</div>
					</div>
					<div id='cat-details-wrapper' class='col _addedCell2'>
						<div class='contents'>
							<div class='card-panel details-view'>
								<h5 class='cat-name'></h5>
								<div class='cat-container'>
								</div>
							</div>
						</div>
					</div>
				</div>
			<!-- /categories -->
			
			<!-- exceptions -->
			<!-- /exceptions -->
			
			<!-- testrunner logs -->
			<!-- /testrunner logs -->
			
		</div>
		<!-- /container -->
		
		<!-- test dashboard counts setting -->
		<div id='test-count-setting' class='modal bottom-sheet'> 
			<div class='modal-content'> 
				<h5>Configure Tests Count Setting</h5> 
				<input name='test-count-setting' type='radio' id='parentWithoutNodes' class='with-gap'> 
				<label for='parentWithoutNodes'>Parent Tests Only (Does not include child nodes in counts)</label> 
				<br> 
				<input name='test-count-setting' type='radio' id='parentWithoutNodesAndNodes' class='with-gap'> 
				<label for='parentWithoutNodesAndNodes'>Parent Tests Without Child Tests + Child Tests</label> 
				<br> 
				<input name='test-count-setting' type='radio' id='childNodes' class='with-gap'> 
				<label for='childNodes'>Child Tests Only</label> 
			</div> 
			<div class='modal-footer'> 
				<a href='#!' class='modal-action modal-close waves-effect waves-green btn'>Save</a> 
			</div> 
		</div>
		<!-- /test dashboard counts setting -->
		
		<!-- filter for step status -->
		<div id='step-status-filter' class='modal bottom-sheet'> 
			<div class='modal-content'> 
				<h5>Select status</h5> 
				<input checked class='filled-in' type='checkbox' id='step-dashboard-filter-pass'> 
				<label for='step-dashboard-filter-pass'>Pass</label> 
				<br> 
				<input checked class='filled-in' type='checkbox' id='step-dashboard-filter-fail'> 
				<label for='step-dashboard-filter-fail'>Fail</label> 
				<br> 
				<input checked class='filled-in' type='checkbox' id='step-dashboard-filter-fatal'> 
				<label for='step-dashboard-filter-fatal'>Fatal</label> 
				<br> 
				<input checked class='filled-in' type='checkbox' id='step-dashboard-filter-error'> 
				<label for='step-dashboard-filter-error'>Error</label> 
				<br> 
				<input checked class='filled-in' type='checkbox' id='step-dashboard-filter-warning'> 
				<label for='step-dashboard-filter-warning'>Warning</label> 
				<br> 
				<input checked class='filled-in' type='checkbox' id='step-dashboard-filter-skip'> 
				<label for='step-dashboard-filter-skip'>Skipped</label> 
				<br> 
				<input checked class='filled-in' type='checkbox' id='step-dashboard-filter-info'> 
				<label for='step-dashboard-filter-info'>Info</label> 
				<br> 
				<input checked class='filled-in' type='checkbox' id='step-dashboard-filter-unknown'> 
				<label for='step-dashboard-filter-unknown'>Unknown</label> 
			</div>
			<div class='modal-footer'> 
				<a href='#!' class='modal-action modal-close waves-effect waves-green btn'>Save</a> 
			</div> 
		</div>
		<!-- /filter for step status -->
		
		<script src='https://cdn.rawgit.com/anshooarora/extentreports/6032d73243ba4fe4fb8769eb9c315d4fdf16fe68/cdn/extent.js' type='text/javascript'></script>

		<script>$(document).ready(function() { $('.logo span').html('ExtentReports'); });</script>
		<script>
				
            
                $(document).ready(function() {
                    
                });
            
        
		</script>
	</body>
</html>
