<?xml version="1.0" encoding="UTF-8"?>
<!-- Generated by org.testng.reporters.JUnitXMLReporter -->
<testsuite hostname="DESKTOP-U948LCS" name="Surefire test" tests="35" failures="2" timestamp="26 Dec 2018 21:42:00 GMT" time="96.405" errors="0">
  <testcase name="@AfterMethod closeOut" time="0.0" classname="test.pageobjects.TestFooterTopLinks">
    <failure type="org.openqa.selenium.WebDriverException" message="Failed to decode response from marionette
Build info: version: &amp;apos;3.141.59&amp;apos;, revision: &amp;apos;e82be7d358&amp;apos;, time: &amp;apos;2018-11-14T08:17:03&amp;apos;
System info: host: &amp;apos;DESKTOP-U948LCS&amp;apos;, ip: &amp;apos;10.11.11.100&amp;apos;, os.name: &amp;apos;Windows 10&amp;apos;, os.arch: &amp;apos;amd64&amp;apos;, os.version: &amp;apos;10.0&amp;apos;, java.version: &amp;apos;1.8.0_192&amp;apos;
Driver info: org.openqa.selenium.firefox.FirefoxDriver
Capabilities {acceptInsecureCerts: true, browserName: firefox, browserVersion: 64.0, javascriptEnabled: true, moz:accessibilityChecks: false, moz:geckodriverVersion: 0.23.0, moz:headless: false, moz:processID: 5924, moz:profile: C:\Users\Saeed\AppData\Loca..., moz:shutdownTimeout: 60000, moz:useNonSpecCompliantPointerOrigin: false, moz:webdriverClick: true, pageLoadStrategy: normal, platform: WINDOWS, platformName: WINDOWS, platformVersion: 10.0, rotatable: false, setWindowRect: true, timeouts: {implicit: 0, pageLoad: 300000, script: 30000}, unhandledPromptBehavior: dismiss and notify}
Session ID: a1eb259f-1a0f-49cf-846a-ee1042d1ffbb">
      <![CDATA[org.openqa.selenium.WebDriverException: Failed to decode response from marionette
Build info: version: '3.141.59', revision: 'e82be7d358', time: '2018-11-14T08:17:03'
System info: host: 'DESKTOP-U948LCS', ip: '10.11.11.100', os.name: 'Windows 10', os.arch: 'amd64', os.version: '10.0', java.version: '1.8.0_192'
Driver info: org.openqa.selenium.firefox.FirefoxDriver
Capabilities {acceptInsecureCerts: true, browserName: firefox, browserVersion: 64.0, javascriptEnabled: true, moz:accessibilityChecks: false, moz:geckodriverVersion: 0.23.0, moz:headless: false, moz:processID: 5924, moz:profile: C:\Users\Saeed\AppData\Loca..., moz:shutdownTimeout: 60000, moz:useNonSpecCompliantPointerOrigin: false, moz:webdriverClick: true, pageLoadStrategy: normal, platform: WINDOWS, platformName: WINDOWS, platformVersion: 10.0, rotatable: false, setWindowRect: true, timeouts: {implicit: 0, pageLoad: 300000, script: 30000}, unhandledPromptBehavior: dismiss and notify}
Session ID: a1eb259f-1a0f-49cf-846a-ee1042d1ffbb
	at org.openqa.selenium.remote.http.W3CHttpResponseCodec.createException(W3CHttpResponseCodec.java:187)
	at org.openqa.selenium.remote.http.W3CHttpResponseCodec.decode(W3CHttpResponseCodec.java:122)
	at org.openqa.selenium.remote.http.W3CHttpResponseCodec.decode(W3CHttpResponseCodec.java:49)
	at org.openqa.selenium.remote.HttpCommandExecutor.execute(HttpCommandExecutor.java:158)
	at org.openqa.selenium.remote.service.DriverCommandExecutor.execute(DriverCommandExecutor.java:83)
	at org.openqa.selenium.remote.RemoteWebDriver.execute(RemoteWebDriver.java:552)
	at org.openqa.selenium.remote.RemoteWebDriver.execute(RemoteWebDriver.java:609)
	at org.openqa.selenium.remote.RemoteWebDriver.quit(RemoteWebDriver.java:452)
	at driverconnectivity.CommonAPI.closeOut(CommonAPI.java:89)
	at org.apache.maven.surefire.testng.TestNGExecutor.run(TestNGExecutor.java:135)
	at org.apache.maven.surefire.testng.TestNGDirectoryTestSuite.executeMulti(TestNGDirectoryTestSuite.java:193)
	at org.apache.maven.surefire.testng.TestNGDirectoryTestSuite.execute(TestNGDirectoryTestSuite.java:94)
	at org.apache.maven.surefire.testng.TestNGProvider.invoke(TestNGProvider.java:146)
	at org.apache.maven.surefire.booter.ForkedBooter.invokeProviderInSameClassLoader(ForkedBooter.java:373)
	at org.apache.maven.surefire.booter.ForkedBooter.runSuitesInProcess(ForkedBooter.java:334)
	at org.apache.maven.surefire.booter.ForkedBooter.execute(ForkedBooter.java:119)
	at org.apache.maven.surefire.booter.ForkedBooter.main(ForkedBooter.java:407)
... Removed 27 stack frames]]>
    </failure>
  </testcase> <!-- @AfterMethod closeOut -->
  <testcase name="@BeforeMethod setUp" time="0.0" classname="test.pageobjects.TestFooterTopLinks">
    <skipped/>
  </testcase> <!-- @BeforeMethod setUp -->
  <testcase name="@BeforeMethod initializationOfOnjects" time="0.0" classname="test.pageobjects.TestFooterTopLinks">
    <skipped/>
  </testcase> <!-- @BeforeMethod initializationOfOnjects -->
  <testcase name="@AfterMethod closeOut" time="0.0" classname="test.pageobjects.TestFooterTopLinks">
    <skipped/>
  </testcase> <!-- @AfterMethod closeOut -->
  <testcase name="@BeforeMethod setUp" time="0.0" classname="test.pageobjects.TestFooterTopLinks">
    <skipped/>
  </testcase> <!-- @BeforeMethod setUp -->
  <testcase name="@BeforeMethod initializationOfOnjects" time="0.0" classname="test.pageobjects.TestFooterTopLinks">
    <skipped/>
  </testcase> <!-- @BeforeMethod initializationOfOnjects -->
  <testcase name="@AfterMethod closeOut" time="0.0" classname="test.pageobjects.TestFooterTopLinks">
    <skipped/>
  </testcase> <!-- @AfterMethod closeOut -->
  <testcase name="@BeforeMethod setUp" time="0.0" classname="test.pageobjects.TestFooterTopLinks">
    <skipped/>
  </testcase> <!-- @BeforeMethod setUp -->
  <testcase name="@BeforeMethod initializationOfOnjects" time="0.0" classname="test.pageobjects.TestFooterTopLinks">
    <skipped/>
  </testcase> <!-- @BeforeMethod initializationOfOnjects -->
  <testcase name="@AfterMethod closeOut" time="0.0" classname="test.pageobjects.TestFooterTopLinks">
    <skipped/>
  </testcase> <!-- @AfterMethod closeOut -->
  <testcase name="@BeforeMethod setUp" time="0.0" classname="test.pageobjects.TestFooterTopLinks">
    <skipped/>
  </testcase> <!-- @BeforeMethod setUp -->
  <testcase name="@BeforeMethod initializationOfOnjects" time="0.0" classname="test.pageobjects.TestFooterTopLinks">
    <skipped/>
  </testcase> <!-- @BeforeMethod initializationOfOnjects -->
  <testcase name="@AfterMethod closeOut" time="0.0" classname="test.pageobjects.TestFooterTopLinks">
    <skipped/>
  </testcase> <!-- @AfterMethod closeOut -->
  <testcase name="@BeforeMethod setUp" time="0.0" classname="test.pageobjects.TestLogIn">
    <skipped/>
  </testcase> <!-- @BeforeMethod setUp -->
  <testcase name="@BeforeMethod initializationOfObject" time="0.0" classname="test.pageobjects.TestLogIn">
    <skipped/>
  </testcase> <!-- @BeforeMethod initializationOfObject -->
  <testcase name="@AfterMethod closeOut" time="0.0" classname="test.pageobjects.TestLogIn">
    <skipped/>
  </testcase> <!-- @AfterMethod closeOut -->
  <testcase name="@BeforeMethod setUp" time="0.0" classname="test.pageobjects.TestLogIn">
    <skipped/>
  </testcase> <!-- @BeforeMethod setUp -->
  <testcase name="@BeforeMethod initializationOfObject" time="0.0" classname="test.pageobjects.TestLogIn">
    <skipped/>
  </testcase> <!-- @BeforeMethod initializationOfObject -->
  <testcase name="@AfterMethod closeOut" time="0.0" classname="test.pageobjects.TestLogIn">
    <skipped/>
  </testcase> <!-- @AfterMethod closeOut -->
  <testcase name="@BeforeMethod setUp" time="0.0" classname="test.pageobjects.TestLogIn">
    <skipped/>
  </testcase> <!-- @BeforeMethod setUp -->
  <testcase name="@BeforeMethod initializationOfObject" time="0.0" classname="test.pageobjects.TestLogIn">
    <skipped/>
  </testcase> <!-- @BeforeMethod initializationOfObject -->
  <testcase name="@AfterMethod closeOut" time="0.0" classname="test.pageobjects.TestLogIn">
    <skipped/>
  </testcase> <!-- @AfterMethod closeOut -->
  <testcase name="@BeforeMethod setUp" time="0.0" classname="test.pageobjects.TestLogIn">
    <skipped/>
  </testcase> <!-- @BeforeMethod setUp -->
  <testcase name="@BeforeMethod initializationOfObject" time="0.0" classname="test.pageobjects.TestLogIn">
    <skipped/>
  </testcase> <!-- @BeforeMethod initializationOfObject -->
  <testcase name="@AfterMethod closeOut" time="0.0" classname="test.pageobjects.TestLogIn">
    <skipped/>
  </testcase> <!-- @AfterMethod closeOut -->
  <testcase name="@BeforeMethod setUp" time="0.0" classname="test.pageobjects.TestLogIn">
    <skipped/>
  </testcase> <!-- @BeforeMethod setUp -->
  <testcase name="@BeforeMethod initializationOfObject" time="0.0" classname="test.pageobjects.TestLogIn">
    <skipped/>
  </testcase> <!-- @BeforeMethod initializationOfObject -->
  <testcase name="@AfterMethod closeOut" time="0.0" classname="test.pageobjects.TestLogIn">
    <skipped/>
  </testcase> <!-- @AfterMethod closeOut -->
  <testcase name="@BeforeMethod setUp" time="0.0" classname="test.pageobjects.TestNavigationBar1">
    <skipped/>
  </testcase> <!-- @BeforeMethod setUp -->
  <testcase name="@BeforeMethod initilization" time="0.0" classname="test.pageobjects.TestNavigationBar1">
    <skipped/>
  </testcase> <!-- @BeforeMethod initilization -->
  <testcase name="@AfterMethod closeOut" time="0.0" classname="test.pageobjects.TestNavigationBar1">
    <skipped/>
  </testcase> <!-- @AfterMethod closeOut -->
  <testcase name="@BeforeMethod setUp" time="0.0" classname="test.pageobjects.TestNavigationBar1">
    <skipped/>
  </testcase> <!-- @BeforeMethod setUp -->
  <testcase name="@BeforeMethod initilization" time="0.0" classname="test.pageobjects.TestNavigationBar1">
    <skipped/>
  </testcase> <!-- @BeforeMethod initilization -->
  <testcase name="@AfterMethod closeOut" time="0.0" classname="test.pageobjects.TestNavigationBar1">
    <skipped/>
  </testcase> <!-- @AfterMethod closeOut -->
  <testcase name="@BeforeMethod setUp" time="0.0" classname="test.pageobjects.TestNavigationBar1">
    <skipped/>
  </testcase> <!-- @BeforeMethod setUp -->
  <testcase name="@BeforeMethod initilization" time="0.0" classname="test.pageobjects.TestNavigationBar1">
    <skipped/>
  </testcase> <!-- @BeforeMethod initilization -->
  <testcase name="@AfterMethod closeOut" time="0.0" classname="test.pageobjects.TestNavigationBar1">
    <skipped/>
  </testcase> <!-- @AfterMethod closeOut -->
  <testcase name="@BeforeMethod setUp" time="0.0" classname="test.pageobjects.TestNavigationBar1">
    <skipped/>
  </testcase> <!-- @BeforeMethod setUp -->
  <testcase name="@BeforeMethod initilization" time="0.0" classname="test.pageobjects.TestNavigationBar1">
    <skipped/>
  </testcase> <!-- @BeforeMethod initilization -->
  <testcase name="@AfterMethod closeOut" time="0.0" classname="test.pageobjects.TestNavigationBar1">
    <skipped/>
  </testcase> <!-- @AfterMethod closeOut -->
  <testcase name="@BeforeMethod setUp" time="0.0" classname="test.pageobjects.TestNavigationBar1">
    <skipped/>
  </testcase> <!-- @BeforeMethod setUp -->
  <testcase name="@BeforeMethod initilization" time="0.0" classname="test.pageobjects.TestNavigationBar1">
    <skipped/>
  </testcase> <!-- @BeforeMethod initilization -->
  <testcase name="@AfterMethod closeOut" time="0.0" classname="test.pageobjects.TestNavigationBar1">
    <skipped/>
  </testcase> <!-- @AfterMethod closeOut -->
  <testcase name="@BeforeMethod setUp" time="0.0" classname="test.pageobjects.TestNavigationBar1">
    <skipped/>
  </testcase> <!-- @BeforeMethod setUp -->
  <testcase name="@BeforeMethod initilization" time="0.0" classname="test.pageobjects.TestNavigationBar1">
    <skipped/>
  </testcase> <!-- @BeforeMethod initilization -->
  <testcase name="@AfterMethod closeOut" time="0.0" classname="test.pageobjects.TestNavigationBar1">
    <skipped/>
  </testcase> <!-- @AfterMethod closeOut -->
  <testcase name="@BeforeMethod setUp" time="0.0" classname="test.pageobjects.TestNavigationBar1">
    <skipped/>
  </testcase> <!-- @BeforeMethod setUp -->
  <testcase name="@BeforeMethod initilization" time="0.0" classname="test.pageobjects.TestNavigationBar1">
    <skipped/>
  </testcase> <!-- @BeforeMethod initilization -->
  <testcase name="@AfterMethod closeOut" time="0.0" classname="test.pageobjects.TestNavigationBar1">
    <skipped/>
  </testcase> <!-- @AfterMethod closeOut -->
  <testcase name="@BeforeMethod setUp" time="0.0" classname="test.pageobjects.TestSeachBox">
    <skipped/>
  </testcase> <!-- @BeforeMethod setUp -->
  <testcase name="@BeforeMethod initializationOfObjects" time="0.0" classname="test.pageobjects.TestSeachBox">
    <skipped/>
  </testcase> <!-- @BeforeMethod initializationOfObjects -->
  <testcase name="@AfterMethod closeOut" time="0.0" classname="test.pageobjects.TestSeachBox">
    <skipped/>
  </testcase> <!-- @AfterMethod closeOut -->
  <testcase name="@BeforeMethod setUp" time="0.0" classname="test.pageobjects.TestSeachBox">
    <skipped/>
  </testcase> <!-- @BeforeMethod setUp -->
  <testcase name="@BeforeMethod initializationOfObjects" time="0.0" classname="test.pageobjects.TestSeachBox">
    <skipped/>
  </testcase> <!-- @BeforeMethod initializationOfObjects -->
  <testcase name="@AfterMethod closeOut" time="0.0" classname="test.pageobjects.TestSeachBox">
    <skipped/>
  </testcase> <!-- @AfterMethod closeOut -->
  <testcase name="@BeforeMethod setUp" time="0.0" classname="test.pageobjects.TestSeachBox">
    <skipped/>
  </testcase> <!-- @BeforeMethod setUp -->
  <testcase name="@BeforeMethod initializationOfObjects" time="0.0" classname="test.pageobjects.TestSeachBox">
    <skipped/>
  </testcase> <!-- @BeforeMethod initializationOfObjects -->
  <testcase name="@AfterMethod closeOut" time="0.0" classname="test.pageobjects.TestSeachBox">
    <skipped/>
  </testcase> <!-- @AfterMethod closeOut -->
  <testcase name="@BeforeMethod setUp" time="0.0" classname="test.pageobjects.TestSeachBox">
    <skipped/>
  </testcase> <!-- @BeforeMethod setUp -->
  <testcase name="@BeforeMethod initializationOfObjects" time="0.0" classname="test.pageobjects.TestSeachBox">
    <skipped/>
  </testcase> <!-- @BeforeMethod initializationOfObjects -->
  <testcase name="@AfterMethod closeOut" time="0.0" classname="test.pageobjects.TestSeachBox">
    <skipped/>
  </testcase> <!-- @AfterMethod closeOut -->
  <testcase name="@BeforeMethod setUp" time="0.0" classname="test.regular.HomePageTest">
    <skipped/>
  </testcase> <!-- @BeforeMethod setUp -->
  <testcase name="@BeforeMethod titleTest" time="0.0" classname="test.regular.HomePageTest">
    <skipped/>
  </testcase> <!-- @BeforeMethod titleTest -->
  <testcase name="@AfterMethod closeOut" time="0.0" classname="test.regular.HomePageTest">
    <skipped/>
  </testcase> <!-- @AfterMethod closeOut -->
  <testcase name="@BeforeMethod setUp" time="0.0" classname="test.regular.HomePageTest">
    <skipped/>
  </testcase> <!-- @BeforeMethod setUp -->
  <testcase name="@BeforeMethod titleTest" time="0.0" classname="test.regular.HomePageTest">
    <skipped/>
  </testcase> <!-- @BeforeMethod titleTest -->
  <testcase name="@AfterMethod closeOut" time="0.0" classname="test.regular.HomePageTest">
    <skipped/>
  </testcase> <!-- @AfterMethod closeOut -->
  <testcase name="@BeforeMethod setUp" time="0.0" classname="test.regular.HomePageTest">
    <skipped/>
  </testcase> <!-- @BeforeMethod setUp -->
  <testcase name="@BeforeMethod titleTest" time="0.0" classname="test.regular.HomePageTest">
    <skipped/>
  </testcase> <!-- @BeforeMethod titleTest -->
  <testcase name="@AfterMethod closeOut" time="0.0" classname="test.regular.HomePageTest">
    <skipped/>
  </testcase> <!-- @AfterMethod closeOut -->
  <testcase name="@BeforeMethod setUp" time="0.0" classname="test.regular.HomePageTest">
    <skipped/>
  </testcase> <!-- @BeforeMethod setUp -->
  <testcase name="@BeforeMethod titleTest" time="0.0" classname="test.regular.HomePageTest">
    <skipped/>
  </testcase> <!-- @BeforeMethod titleTest -->
  <testcase name="@AfterMethod closeOut" time="0.0" classname="test.regular.HomePageTest">
    <skipped/>
  </testcase> <!-- @AfterMethod closeOut -->
  <testcase name="@BeforeMethod setUp" time="0.0" classname="test.regular.HomePageTest">
    <skipped/>
  </testcase> <!-- @BeforeMethod setUp -->
  <testcase name="@BeforeMethod titleTest" time="0.0" classname="test.regular.HomePageTest">
    <skipped/>
  </testcase> <!-- @BeforeMethod titleTest -->
  <testcase name="@AfterMethod closeOut" time="0.0" classname="test.regular.HomePageTest">
    <skipped/>
  </testcase> <!-- @AfterMethod closeOut -->
  <testcase name="@BeforeMethod setUp" time="0.0" classname="test.regular.HomePageTest">
    <skipped/>
  </testcase> <!-- @BeforeMethod setUp -->
  <testcase name="@BeforeMethod titleTest" time="0.0" classname="test.regular.HomePageTest">
    <skipped/>
  </testcase> <!-- @BeforeMethod titleTest -->
  <testcase name="@AfterMethod closeOut" time="0.0" classname="test.regular.HomePageTest">
    <skipped/>
  </testcase> <!-- @AfterMethod closeOut -->
  <testcase name="@BeforeMethod setUp" time="0.0" classname="test.regular.HomeSearchBoxTest">
    <skipped/>
  </testcase> <!-- @BeforeMethod setUp -->
  <testcase name="@BeforeMethod titleTest" time="0.0" classname="test.regular.HomeSearchBoxTest">
    <skipped/>
  </testcase> <!-- @BeforeMethod titleTest -->
  <testcase name="@AfterMethod closeOut" time="0.0" classname="test.regular.HomeSearchBoxTest">
    <skipped/>
  </testcase> <!-- @AfterMethod closeOut -->
  <testcase name="@BeforeMethod setUp" time="0.0" classname="test.regular.HomeSearchBoxTest">
    <skipped/>
  </testcase> <!-- @BeforeMethod setUp -->
  <testcase name="@BeforeMethod titleTest" time="0.0" classname="test.regular.HomeSearchBoxTest">
    <skipped/>
  </testcase> <!-- @BeforeMethod titleTest -->
  <testcase name="@AfterMethod closeOut" time="0.0" classname="test.regular.HomeSearchBoxTest">
    <skipped/>
  </testcase> <!-- @AfterMethod closeOut -->
  <testcase name="@BeforeMethod setUp" time="0.0" classname="test.regular.HomeSearchBoxTest">
    <skipped/>
  </testcase> <!-- @BeforeMethod setUp -->
  <testcase name="@BeforeMethod titleTest" time="0.0" classname="test.regular.HomeSearchBoxTest">
    <skipped/>
  </testcase> <!-- @BeforeMethod titleTest -->
  <testcase name="@AfterMethod closeOut" time="0.0" classname="test.regular.HomeSearchBoxTest">
    <skipped/>
  </testcase> <!-- @AfterMethod closeOut -->
  <testcase name="@BeforeMethod setUp" time="0.0" classname="test.regular.HomeSearchBoxTest">
    <skipped/>
  </testcase> <!-- @BeforeMethod setUp -->
  <testcase name="@BeforeMethod titleTest" time="0.0" classname="test.regular.HomeSearchBoxTest">
    <skipped/>
  </testcase> <!-- @BeforeMethod titleTest -->
  <testcase name="@AfterMethod closeOut" time="0.0" classname="test.regular.HomeSearchBoxTest">
    <skipped/>
  </testcase> <!-- @AfterMethod closeOut -->
  <testcase name="@BeforeMethod setUp" time="0.0" classname="test.regular.HomeSearchBoxTest">
    <skipped/>
  </testcase> <!-- @BeforeMethod setUp -->
  <testcase name="@BeforeMethod titleTest" time="0.0" classname="test.regular.HomeSearchBoxTest">
    <skipped/>
  </testcase> <!-- @BeforeMethod titleTest -->
  <testcase name="@AfterMethod closeOut" time="0.0" classname="test.regular.HomeSearchBoxTest">
    <skipped/>
  </testcase> <!-- @AfterMethod closeOut -->
  <testcase name="@BeforeMethod setUp" time="0.0" classname="test.regular.HomeSearchBoxTest">
    <skipped/>
  </testcase> <!-- @BeforeMethod setUp -->
  <testcase name="@BeforeMethod titleTest" time="0.0" classname="test.regular.HomeSearchBoxTest">
    <skipped/>
  </testcase> <!-- @BeforeMethod titleTest -->
  <testcase name="@AfterMethod closeOut" time="0.0" classname="test.regular.HomeSearchBoxTest">
    <skipped/>
  </testcase> <!-- @AfterMethod closeOut -->
  <testcase name="@BeforeMethod setUp" time="0.0" classname="test.regular.HomeSearchBoxTest">
    <skipped/>
  </testcase> <!-- @BeforeMethod setUp -->
  <testcase name="@BeforeMethod titleTest" time="0.0" classname="test.regular.HomeSearchBoxTest">
    <skipped/>
  </testcase> <!-- @BeforeMethod titleTest -->
  <testcase name="@AfterMethod closeOut" time="0.0" classname="test.regular.HomeSearchBoxTest">
    <skipped/>
  </testcase> <!-- @AfterMethod closeOut -->
  <testcase name="amazonPaymentProductsTest" time="60.396" classname="test.pageobjects.TestFooterTopLinks">
    <failure type="org.openqa.selenium.NoSuchElementException" message="Unable to locate element: Shop with Points
For documentation on this error, please visit: https://www.seleniumhq.org/exceptions/no_such_element.html
Build info: version: &amp;apos;3.141.59&amp;apos;, revision: &amp;apos;e82be7d358&amp;apos;, time: &amp;apos;2018-11-14T08:17:03&amp;apos;
System info: host: &amp;apos;DESKTOP-U948LCS&amp;apos;, ip: &amp;apos;10.11.11.100&amp;apos;, os.name: &amp;apos;Windows 10&amp;apos;, os.arch: &amp;apos;amd64&amp;apos;, os.version: &amp;apos;10.0&amp;apos;, java.version: &amp;apos;1.8.0_192&amp;apos;
Driver info: org.openqa.selenium.firefox.FirefoxDriver
Capabilities {acceptInsecureCerts: true, browserName: firefox, browserVersion: 64.0, javascriptEnabled: true, moz:accessibilityChecks: false, moz:geckodriverVersion: 0.23.0, moz:headless: false, moz:processID: 1096, moz:profile: C:\Users\Saeed\AppData\Loca..., moz:shutdownTimeout: 60000, moz:useNonSpecCompliantPointerOrigin: false, moz:webdriverClick: true, pageLoadStrategy: normal, platform: WINDOWS, platformName: WINDOWS, platformVersion: 10.0, rotatable: false, setWindowRect: true, timeouts: {implicit: 0, pageLoad: 300000, script: 30000}, unhandledPromptBehavior: dismiss and notify}
Session ID: d0f676b2-77e5-4bcf-a2f2-8b9f3690dd89
*** Element info: {Using=partial link text, value=Shop with Points}">
      <![CDATA[org.openqa.selenium.NoSuchElementException: Unable to locate element: Shop with Points
For documentation on this error, please visit: https://www.seleniumhq.org/exceptions/no_such_element.html
Build info: version: '3.141.59', revision: 'e82be7d358', time: '2018-11-14T08:17:03'
System info: host: 'DESKTOP-U948LCS', ip: '10.11.11.100', os.name: 'Windows 10', os.arch: 'amd64', os.version: '10.0', java.version: '1.8.0_192'
Driver info: org.openqa.selenium.firefox.FirefoxDriver
Capabilities {acceptInsecureCerts: true, browserName: firefox, browserVersion: 64.0, javascriptEnabled: true, moz:accessibilityChecks: false, moz:geckodriverVersion: 0.23.0, moz:headless: false, moz:processID: 1096, moz:profile: C:\Users\Saeed\AppData\Loca..., moz:shutdownTimeout: 60000, moz:useNonSpecCompliantPointerOrigin: false, moz:webdriverClick: true, pageLoadStrategy: normal, platform: WINDOWS, platformName: WINDOWS, platformVersion: 10.0, rotatable: false, setWindowRect: true, timeouts: {implicit: 0, pageLoad: 300000, script: 30000}, unhandledPromptBehavior: dismiss and notify}
Session ID: d0f676b2-77e5-4bcf-a2f2-8b9f3690dd89
*** Element info: {Using=partial link text, value=Shop with Points}
	at org.openqa.selenium.remote.http.W3CHttpResponseCodec.createException(W3CHttpResponseCodec.java:187)
	at org.openqa.selenium.remote.http.W3CHttpResponseCodec.decode(W3CHttpResponseCodec.java:122)
	at org.openqa.selenium.remote.http.W3CHttpResponseCodec.decode(W3CHttpResponseCodec.java:49)
	at org.openqa.selenium.remote.HttpCommandExecutor.execute(HttpCommandExecutor.java:158)
	at org.openqa.selenium.remote.service.DriverCommandExecutor.execute(DriverCommandExecutor.java:83)
	at org.openqa.selenium.remote.RemoteWebDriver.execute(RemoteWebDriver.java:552)
	at org.openqa.selenium.remote.RemoteWebDriver.findElement(RemoteWebDriver.java:323)
	at org.openqa.selenium.remote.RemoteWebDriver.findElementByPartialLinkText(RemoteWebDriver.java:388)
	at org.openqa.selenium.By$ByPartialLinkText.findElement(By.java:250)
	at org.openqa.selenium.remote.RemoteWebDriver.findElement(RemoteWebDriver.java:315)
	at org.openqa.selenium.support.pagefactory.DefaultElementLocator.findElement(DefaultElementLocator.java:69)
	at org.openqa.selenium.support.pagefactory.internal.LocatingElementHandler.invoke(LocatingElementHandler.java:38)
	at com.sun.proxy.$Proxy9.click(Unknown Source)
	at pageobjects.home.FooterTopLinks.amazonPaymentProducts(FooterTopLinks.java:46)
	at test.pageobjects.TestFooterTopLinks.amazonPaymentProductsTest(TestFooterTopLinks.java:21)
	at org.apache.maven.surefire.testng.TestNGExecutor.run(TestNGExecutor.java:135)
	at org.apache.maven.surefire.testng.TestNGDirectoryTestSuite.executeMulti(TestNGDirectoryTestSuite.java:193)
	at org.apache.maven.surefire.testng.TestNGDirectoryTestSuite.execute(TestNGDirectoryTestSuite.java:94)
	at org.apache.maven.surefire.testng.TestNGProvider.invoke(TestNGProvider.java:146)
	at org.apache.maven.surefire.booter.ForkedBooter.invokeProviderInSameClassLoader(ForkedBooter.java:373)
	at org.apache.maven.surefire.booter.ForkedBooter.runSuitesInProcess(ForkedBooter.java:334)
	at org.apache.maven.surefire.booter.ForkedBooter.execute(ForkedBooter.java:119)
	at org.apache.maven.surefire.booter.ForkedBooter.main(ForkedBooter.java:407)
... Removed 25 stack frames]]>
    </failure>
  </testcase> <!-- amazonPaymentProductsTest -->
  <testcase name="getToKnowUsTest" time="3.559" classname="test.pageobjects.TestFooterTopLinks">
    <failure type="org.openqa.selenium.WebDriverException" message="Failed to convert data to an object
Build info: version: &amp;apos;3.141.59&amp;apos;, revision: &amp;apos;e82be7d358&amp;apos;, time: &amp;apos;2018-11-14T08:17:03&amp;apos;
System info: host: &amp;apos;DESKTOP-U948LCS&amp;apos;, ip: &amp;apos;10.11.11.100&amp;apos;, os.name: &amp;apos;Windows 10&amp;apos;, os.arch: &amp;apos;amd64&amp;apos;, os.version: &amp;apos;10.0&amp;apos;, java.version: &amp;apos;1.8.0_192&amp;apos;
Driver info: org.openqa.selenium.firefox.FirefoxDriver
Capabilities {acceptInsecureCerts: true, browserName: firefox, browserVersion: 64.0, javascriptEnabled: true, moz:accessibilityChecks: false, moz:geckodriverVersion: 0.23.0, moz:headless: false, moz:processID: 5924, moz:profile: C:\Users\Saeed\AppData\Loca..., moz:shutdownTimeout: 60000, moz:useNonSpecCompliantPointerOrigin: false, moz:webdriverClick: true, pageLoadStrategy: normal, platform: WINDOWS, platformName: WINDOWS, platformVersion: 10.0, rotatable: false, setWindowRect: true, timeouts: {implicit: 0, pageLoad: 300000, script: 30000}, unhandledPromptBehavior: dismiss and notify}
Session ID: a1eb259f-1a0f-49cf-846a-ee1042d1ffbb
*** Element info: {Using=partial link text, value=Careers}">
      <![CDATA[org.openqa.selenium.WebDriverException: Failed to convert data to an object
Build info: version: '3.141.59', revision: 'e82be7d358', time: '2018-11-14T08:17:03'
System info: host: 'DESKTOP-U948LCS', ip: '10.11.11.100', os.name: 'Windows 10', os.arch: 'amd64', os.version: '10.0', java.version: '1.8.0_192'
Driver info: org.openqa.selenium.firefox.FirefoxDriver
Capabilities {acceptInsecureCerts: true, browserName: firefox, browserVersion: 64.0, javascriptEnabled: true, moz:accessibilityChecks: false, moz:geckodriverVersion: 0.23.0, moz:headless: false, moz:processID: 5924, moz:profile: C:\Users\Saeed\AppData\Loca..., moz:shutdownTimeout: 60000, moz:useNonSpecCompliantPointerOrigin: false, moz:webdriverClick: true, pageLoadStrategy: normal, platform: WINDOWS, platformName: WINDOWS, platformVersion: 10.0, rotatable: false, setWindowRect: true, timeouts: {implicit: 0, pageLoad: 300000, script: 30000}, unhandledPromptBehavior: dismiss and notify}
Session ID: a1eb259f-1a0f-49cf-846a-ee1042d1ffbb
*** Element info: {Using=partial link text, value=Careers}
	at org.openqa.selenium.remote.http.W3CHttpResponseCodec.createException(W3CHttpResponseCodec.java:187)
	at org.openqa.selenium.remote.http.W3CHttpResponseCodec.decode(W3CHttpResponseCodec.java:122)
	at org.openqa.selenium.remote.http.W3CHttpResponseCodec.decode(W3CHttpResponseCodec.java:49)
	at org.openqa.selenium.remote.HttpCommandExecutor.execute(HttpCommandExecutor.java:158)
	at org.openqa.selenium.remote.service.DriverCommandExecutor.execute(DriverCommandExecutor.java:83)
	at org.openqa.selenium.remote.RemoteWebDriver.execute(RemoteWebDriver.java:552)
	at org.openqa.selenium.remote.RemoteWebDriver.findElement(RemoteWebDriver.java:323)
	at org.openqa.selenium.remote.RemoteWebDriver.findElementByPartialLinkText(RemoteWebDriver.java:388)
	at org.openqa.selenium.By$ByPartialLinkText.findElement(By.java:250)
	at org.openqa.selenium.remote.RemoteWebDriver.findElement(RemoteWebDriver.java:315)
	at org.openqa.selenium.support.pagefactory.DefaultElementLocator.findElement(DefaultElementLocator.java:69)
	at org.openqa.selenium.support.pagefactory.internal.LocatingElementHandler.invoke(LocatingElementHandler.java:38)
	at com.sun.proxy.$Proxy9.click(Unknown Source)
	at pageobjects.home.FooterTopLinks.getToKnowUs(FooterTopLinks.java:32)
	at test.pageobjects.TestFooterTopLinks.getToKnowUsTest(TestFooterTopLinks.java:34)
	at org.apache.maven.surefire.testng.TestNGExecutor.run(TestNGExecutor.java:135)
	at org.apache.maven.surefire.testng.TestNGDirectoryTestSuite.executeMulti(TestNGDirectoryTestSuite.java:193)
	at org.apache.maven.surefire.testng.TestNGDirectoryTestSuite.execute(TestNGDirectoryTestSuite.java:94)
	at org.apache.maven.surefire.testng.TestNGProvider.invoke(TestNGProvider.java:146)
	at org.apache.maven.surefire.booter.ForkedBooter.invokeProviderInSameClassLoader(ForkedBooter.java:373)
	at org.apache.maven.surefire.booter.ForkedBooter.runSuitesInProcess(ForkedBooter.java:334)
	at org.apache.maven.surefire.booter.ForkedBooter.execute(ForkedBooter.java:119)
	at org.apache.maven.surefire.booter.ForkedBooter.main(ForkedBooter.java:407)
... Removed 25 stack frames]]>
    </failure>
  </testcase> <!-- getToKnowUsTest -->
  <testcase name="laguageTabTest" time="0.0" classname="test.pageobjects.TestFooterTopLinks">
    <skipped/>
  </testcase> <!-- laguageTabTest -->
  <testcase name="letUsHelpYouTest" time="0.001" classname="test.pageobjects.TestFooterTopLinks">
    <skipped/>
  </testcase> <!-- letUsHelpYouTest -->
  <testcase name="makeMoneyWithUsTest" time="0.0" classname="test.pageobjects.TestFooterTopLinks">
    <skipped/>
  </testcase> <!-- makeMoneyWithUsTest -->
  <testcase name="countryTabTest" time="0.0" classname="test.pageobjects.TestFooterTopLinks">
    <skipped/>
  </testcase> <!-- countryTabTest -->
  <testcase name="completeLoginTest" time="0.001" classname="test.pageobjects.TestLogIn">
    <skipped/>
  </testcase> <!-- completeLoginTest -->
  <testcase name="emailTest" time="0.0" classname="test.pageobjects.TestLogIn">
    <skipped/>
  </testcase> <!-- emailTest -->
  <testcase name="loginTest" time="0.0" classname="test.pageobjects.TestLogIn">
    <skipped/>
  </testcase> <!-- loginTest -->
  <testcase name="passwordTest" time="0.0" classname="test.pageobjects.TestLogIn">
    <skipped/>
  </testcase> <!-- passwordTest -->
  <testcase name="signInButtonTest" time="0.0" classname="test.pageobjects.TestLogIn">
    <skipped/>
  </testcase> <!-- signInButtonTest -->
  <testcase name="giftcards" time="0.001" classname="test.pageobjects.TestNavigationBar1">
    <skipped/>
  </testcase> <!-- giftcards -->
  <testcase name="helpTest" time="0.0" classname="test.pageobjects.TestNavigationBar1">
    <skipped/>
  </testcase> <!-- helpTest -->
  <testcase name="registryTest" time="0.0" classname="test.pageobjects.TestNavigationBar1">
    <skipped/>
  </testcase> <!-- registryTest -->
  <testcase name="sellTest" time="0.0" classname="test.pageobjects.TestNavigationBar1">
    <skipped/>
  </testcase> <!-- sellTest -->
  <testcase name="wholeFoodsTest" time="0.001" classname="test.pageobjects.TestNavigationBar1">
    <skipped/>
  </testcase> <!-- wholeFoodsTest -->
  <testcase name="yearEndDealsTest" time="0.001" classname="test.pageobjects.TestNavigationBar1">
    <skipped/>
  </testcase> <!-- yearEndDealsTest -->
  <testcase name="yourAmazonTest" time="0.0" classname="test.pageobjects.TestNavigationBar1">
    <skipped/>
  </testcase> <!-- yourAmazonTest -->
  <testcase name="dropdownListTest" time="0.001" classname="test.pageobjects.TestSeachBox">
    <skipped/>
  </testcase> <!-- dropdownListTest -->
  <testcase name="searchBoxTest" time="0.0" classname="test.pageobjects.TestSeachBox">
    <skipped/>
  </testcase> <!-- searchBoxTest -->
  <testcase name="searchBoxTextTest" time="0.0" classname="test.pageobjects.TestSeachBox">
    <skipped/>
  </testcase> <!-- searchBoxTextTest -->
  <testcase name="searchIconTest" time="0.0" classname="test.pageobjects.TestSeachBox">
    <skipped/>
  </testcase> <!-- searchIconTest -->
  <testcase name="addressTest" time="0.0" classname="test.regular.HomePageTest">
    <skipped/>
  </testcase> <!-- addressTest -->
  <testcase name="cartTest" time="0.0" classname="test.regular.HomePageTest">
    <skipped/>
  </testcase> <!-- cartTest -->
  <testcase name="checkIconTest" time="0.0" classname="test.regular.HomePageTest">
    <skipped/>
  </testcase> <!-- checkIconTest -->
  <testcase name="generalLinksTest" time="0.0" classname="test.regular.HomePageTest">
    <skipped/>
  </testcase> <!-- generalLinksTest -->
  <testcase name="checkIcon2Test" time="0.001" classname="test.regular.HomePageTest">
    <skipped/>
  </testcase> <!-- checkIcon2Test -->
  <testcase name="primeTryTest" time="0.0" classname="test.regular.HomePageTest">
    <skipped/>
  </testcase> <!-- primeTryTest -->
  <testcase name="searchBoxEnterTest" time="0.0" classname="test.regular.HomeSearchBoxTest">
    <skipped/>
  </testcase> <!-- searchBoxEnterTest -->
  <testcase name="searchBoxTest" time="0.0" classname="test.regular.HomeSearchBoxTest">
    <skipped/>
  </testcase> <!-- searchBoxTest -->
  <testcase name="searchButtonTest" time="0.0" classname="test.regular.HomeSearchBoxTest">
    <skipped/>
  </testcase> <!-- searchButtonTest -->
  <testcase name="accountListDropDownTest" time="0.0" classname="test.regular.HomeSearchBoxTest">
    <skipped/>
  </testcase> <!-- accountListDropDownTest -->
  <testcase name="dropDownBoxTest" time="0.0" classname="test.regular.HomeSearchBoxTest">
    <skipped/>
  </testcase> <!-- dropDownBoxTest -->
  <testcase name="mainMenuTest" time="0.001" classname="test.regular.HomeSearchBoxTest">
    <skipped/>
  </testcase> <!-- mainMenuTest -->
  <testcase name="radioDropDownTest" time="0.0" classname="test.regular.HomeSearchBoxTest">
    <skipped/>
  </testcase> <!-- radioDropDownTest -->
</testsuite> <!-- Surefire test -->
